::1 - - [10/Oct/2017:10:05:59 +0000] "GET / HTTP/1.1" 304 - "-" "Mozilla/5.0 (Windows NT 6.1; WOW64) AppleWebKit/537.36 (KHTML, like Gecko) Chrome/60.0.3112.90 Safari/537.36"
::1 - - [10/Oct/2017:10:06:14 +0000] "GET /login HTTP/1.1" 304 - "http://localhost:3000/" "Mozilla/5.0 (Windows NT 6.1; WOW64) AppleWebKit/537.36 (KHTML, like Gecko) Chrome/60.0.3112.90 Safari/537.36"
::1 - - [10/Oct/2017:10:06:19 +0000] "POST /login HTTP/1.1" 302 54 "http://localhost:3000/login" "Mozilla/5.0 (Windows NT 6.1; WOW64) AppleWebKit/537.36 (KHTML, like Gecko) Chrome/60.0.3112.90 Safari/537.36"
::1 - - [10/Oct/2017:10:06:19 +0000] "GET /home HTTP/1.1" 304 - "http://localhost:3000/login" "Mozilla/5.0 (Windows NT 6.1; WOW64) AppleWebKit/537.36 (KHTML, like Gecko) Chrome/60.0.3112.90 Safari/537.36"
::1 - - [10/Oct/2017:10:07:58 +0000] "GET /logout HTTP/1.1" 304 - "http://localhost:3000/home" "Mozilla/5.0 (Windows NT 6.1; WOW64) AppleWebKit/537.36 (KHTML, like Gecko) Chrome/60.0.3112.90 Safari/537.36"
::1 - - [10/Oct/2017:10:08:04 +0000] "GET /logout HTTP/1.1" 304 - "http://localhost:3000/home" "Mozilla/5.0 (Windows NT 6.1; WOW64) AppleWebKit/537.36 (KHTML, like Gecko) Chrome/60.0.3112.90 Safari/537.36"
::1 - - [10/Oct/2017:10:08:07 +0000] "GET /login HTTP/1.1" 200 1048 "http://localhost:3000/" "Mozilla/5.0 (Windows NT 6.1; WOW64) AppleWebKit/537.36 (KHTML, like Gecko) Chrome/60.0.3112.90 Safari/537.36"
::1 - - [10/Oct/2017:10:08:09 +0000] "GET / HTTP/1.1" 304 - "-" "Mozilla/5.0 (Windows NT 6.1; WOW64) AppleWebKit/537.36 (KHTML, like Gecko) Chrome/60.0.3112.90 Safari/537.36"
::1 - - [10/Oct/2017:10:08:12 +0000] "GET / HTTP/1.1" 304 - "-" "Mozilla/5.0 (Windows NT 6.1; WOW64) AppleWebKit/537.36 (KHTML, like Gecko) Chrome/60.0.3112.90 Safari/537.36"
::1 - - [10/Oct/2017:10:08:26 +0000] "GET /login HTTP/1.1" 304 - "http://localhost:3000/" "Mozilla/5.0 (Windows NT 6.1; WOW64) AppleWebKit/537.36 (KHTML, like Gecko) Chrome/60.0.3112.90 Safari/537.36"
::1 - - [10/Oct/2017:10:08:28 +0000] "POST /login HTTP/1.1" 302 56 "http://localhost:3000/login" "Mozilla/5.0 (Windows NT 6.1; WOW64) AppleWebKit/537.36 (KHTML, like Gecko) Chrome/60.0.3112.90 Safari/537.36"
::1 - - [10/Oct/2017:10:08:28 +0000] "GET /login HTTP/1.1" 200 1048 "http://localhost:3000/login" "Mozilla/5.0 (Windows NT 6.1; WOW64) AppleWebKit/537.36 (KHTML, like Gecko) Chrome/60.0.3112.90 Safari/537.36"
::1 - - [10/Oct/2017:10:08:36 +0000] "POST /login HTTP/1.1" 302 54 "http://localhost:3000/login" "Mozilla/5.0 (Windows NT 6.1; WOW64) AppleWebKit/537.36 (KHTML, like Gecko) Chrome/60.0.3112.90 Safari/537.36"
::1 - - [10/Oct/2017:10:08:36 +0000] "GET /home HTTP/1.1" 304 - "http://localhost:3000/login" "Mozilla/5.0 (Windows NT 6.1; WOW64) AppleWebKit/537.36 (KHTML, like Gecko) Chrome/60.0.3112.90 Safari/537.36"
::1 - - [10/Oct/2017:10:10:13 +0000] "GET /home HTTP/1.1" 304 - "http://localhost:3000/login" "Mozilla/5.0 (Windows NT 6.1; WOW64) AppleWebKit/537.36 (KHTML, like Gecko) Chrome/60.0.3112.90 Safari/537.36"
::1 - - [10/Oct/2017:10:10:14 +0000] "GET /logout HTTP/1.1" 304 - "http://localhost:3000/home" "Mozilla/5.0 (Windows NT 6.1; WOW64) AppleWebKit/537.36 (KHTML, like Gecko) Chrome/60.0.3112.90 Safari/537.36"
::1 - - [10/Oct/2017:10:10:18 +0000] "GET / HTTP/1.1" 304 - "-" "Mozilla/5.0 (Windows NT 6.1; WOW64) AppleWebKit/537.36 (KHTML, like Gecko) Chrome/60.0.3112.90 Safari/537.36"
::1 - - [10/Oct/2017:10:10:20 +0000] "GET / HTTP/1.1" 304 - "-" "Mozilla/5.0 (Windows NT 6.1; WOW64) AppleWebKit/537.36 (KHTML, like Gecko) Chrome/60.0.3112.90 Safari/537.36"
::1 - - [10/Oct/2017:10:10:38 +0000] "GET / HTTP/1.1" 304 - "-" "Mozilla/5.0 (Windows NT 6.1; WOW64) AppleWebKit/537.36 (KHTML, like Gecko) Chrome/60.0.3112.90 Safari/537.36"
::1 - - [10/Oct/2017:10:10:40 +0000] "GET /login HTTP/1.1" 200 1048 "http://localhost:3000/" "Mozilla/5.0 (Windows NT 6.1; WOW64) AppleWebKit/537.36 (KHTML, like Gecko) Chrome/60.0.3112.90 Safari/537.36"
::1 - - [10/Oct/2017:10:10:41 +0000] "POST /login HTTP/1.1" 302 56 "http://localhost:3000/login" "Mozilla/5.0 (Windows NT 6.1; WOW64) AppleWebKit/537.36 (KHTML, like Gecko) Chrome/60.0.3112.90 Safari/537.36"
::1 - - [10/Oct/2017:10:10:41 +0000] "GET /login HTTP/1.1" 200 1048 "http://localhost:3000/login" "Mozilla/5.0 (Windows NT 6.1; WOW64) AppleWebKit/537.36 (KHTML, like Gecko) Chrome/60.0.3112.90 Safari/537.36"
::1 - - [10/Oct/2017:10:10:41 +0000] "POST /login HTTP/1.1" 302 56 "http://localhost:3000/login" "Mozilla/5.0 (Windows NT 6.1; WOW64) AppleWebKit/537.36 (KHTML, like Gecko) Chrome/60.0.3112.90 Safari/537.36"
::1 - - [10/Oct/2017:10:10:41 +0000] "GET /login HTTP/1.1" 200 1048 "http://localhost:3000/login" "Mozilla/5.0 (Windows NT 6.1; WOW64) AppleWebKit/537.36 (KHTML, like Gecko) Chrome/60.0.3112.90 Safari/537.36"
::1 - - [10/Oct/2017:10:10:41 +0000] "POST /login HTTP/1.1" 302 56 "http://localhost:3000/login" "Mozilla/5.0 (Windows NT 6.1; WOW64) AppleWebKit/537.36 (KHTML, like Gecko) Chrome/60.0.3112.90 Safari/537.36"
::1 - - [10/Oct/2017:10:10:41 +0000] "GET /login HTTP/1.1" 200 1048 "http://localhost:3000/login" "Mozilla/5.0 (Windows NT 6.1; WOW64) AppleWebKit/537.36 (KHTML, like Gecko) Chrome/60.0.3112.90 Safari/537.36"
::1 - - [10/Oct/2017:10:10:42 +0000] "POST /login HTTP/1.1" 302 56 "http://localhost:3000/login" "Mozilla/5.0 (Windows NT 6.1; WOW64) AppleWebKit/537.36 (KHTML, like Gecko) Chrome/60.0.3112.90 Safari/537.36"
::1 - - [10/Oct/2017:10:10:42 +0000] "GET /login HTTP/1.1" 200 1048 "http://localhost:3000/login" "Mozilla/5.0 (Windows NT 6.1; WOW64) AppleWebKit/537.36 (KHTML, like Gecko) Chrome/60.0.3112.90 Safari/537.36"
::1 - - [10/Oct/2017:10:10:42 +0000] "POST /login HTTP/1.1" 302 56 "http://localhost:3000/login" "Mozilla/5.0 (Windows NT 6.1; WOW64) AppleWebKit/537.36 (KHTML, like Gecko) Chrome/60.0.3112.90 Safari/537.36"
::1 - - [10/Oct/2017:10:10:42 +0000] "GET /login HTTP/1.1" 200 1048 "http://localhost:3000/login" "Mozilla/5.0 (Windows NT 6.1; WOW64) AppleWebKit/537.36 (KHTML, like Gecko) Chrome/60.0.3112.90 Safari/537.36"
::1 - - [10/Oct/2017:10:10:42 +0000] "POST /login HTTP/1.1" 302 56 "http://localhost:3000/login" "Mozilla/5.0 (Windows NT 6.1; WOW64) AppleWebKit/537.36 (KHTML, like Gecko) Chrome/60.0.3112.90 Safari/537.36"
::1 - - [10/Oct/2017:10:10:42 +0000] "GET /login HTTP/1.1" 200 1048 "http://localhost:3000/login" "Mozilla/5.0 (Windows NT 6.1; WOW64) AppleWebKit/537.36 (KHTML, like Gecko) Chrome/60.0.3112.90 Safari/537.36"
::1 - - [10/Oct/2017:10:10:43 +0000] "POST /login HTTP/1.1" 302 56 "http://localhost:3000/login" "Mozilla/5.0 (Windows NT 6.1; WOW64) AppleWebKit/537.36 (KHTML, like Gecko) Chrome/60.0.3112.90 Safari/537.36"
::1 - - [10/Oct/2017:10:10:43 +0000] "GET /login HTTP/1.1" 200 1048 "http://localhost:3000/login" "Mozilla/5.0 (Windows NT 6.1; WOW64) AppleWebKit/537.36 (KHTML, like Gecko) Chrome/60.0.3112.90 Safari/537.36"
::1 - - [10/Oct/2017:10:10:43 +0000] "POST /login HTTP/1.1" 302 56 "http://localhost:3000/login" "Mozilla/5.0 (Windows NT 6.1; WOW64) AppleWebKit/537.36 (KHTML, like Gecko) Chrome/60.0.3112.90 Safari/537.36"
::1 - - [10/Oct/2017:10:10:43 +0000] "GET /login HTTP/1.1" 200 1048 "http://localhost:3000/login" "Mozilla/5.0 (Windows NT 6.1; WOW64) AppleWebKit/537.36 (KHTML, like Gecko) Chrome/60.0.3112.90 Safari/537.36"
::1 - - [10/Oct/2017:11:01:08 +0000] "POST /login HTTP/1.1" 302 54 "http://localhost:3000/login" "Mozilla/5.0 (Windows NT 6.1; WOW64) AppleWebKit/537.36 (KHTML, like Gecko) Chrome/60.0.3112.90 Safari/537.36"
::1 - - [10/Oct/2017:11:01:08 +0000] "GET /home HTTP/1.1" 304 - "http://localhost:3000/login" "Mozilla/5.0 (Windows NT 6.1; WOW64) AppleWebKit/537.36 (KHTML, like Gecko) Chrome/60.0.3112.90 Safari/537.36"
::1 - - [10/Oct/2017:11:01:13 +0000] "GET /logout HTTP/1.1" 304 - "http://localhost:3000/home" "Mozilla/5.0 (Windows NT 6.1; WOW64) AppleWebKit/537.36 (KHTML, like Gecko) Chrome/60.0.3112.90 Safari/537.36"
::1 - - [10/Oct/2017:11:05:01 +0000] "GET /login HTTP/1.1" 200 1048 "http://localhost:3000/login" "Mozilla/5.0 (Windows NT 6.1; WOW64) AppleWebKit/537.36 (KHTML, like Gecko) Chrome/60.0.3112.90 Safari/537.36"
::1 - - [10/Oct/2017:11:05:03 +0000] "GET /login HTTP/1.1" 304 - "http://localhost:3000/login" "Mozilla/5.0 (Windows NT 6.1; WOW64) AppleWebKit/537.36 (KHTML, like Gecko) Chrome/60.0.3112.90 Safari/537.36"
::1 - - [10/Oct/2017:11:05:09 +0000] "POST /login HTTP/1.1" 302 54 "http://localhost:3000/login" "Mozilla/5.0 (Windows NT 6.1; WOW64) AppleWebKit/537.36 (KHTML, like Gecko) Chrome/60.0.3112.90 Safari/537.36"
::1 - - [10/Oct/2017:11:05:09 +0000] "GET /home HTTP/1.1" 304 - "http://localhost:3000/login" "Mozilla/5.0 (Windows NT 6.1; WOW64) AppleWebKit/537.36 (KHTML, like Gecko) Chrome/60.0.3112.90 Safari/537.36"
::1 - - [10/Oct/2017:11:05:09 +0000] "GET /home HTTP/1.1" 304 - "http://localhost:3000/login" "Mozilla/5.0 (Windows NT 6.1; WOW64) AppleWebKit/537.36 (KHTML, like Gecko) Chrome/60.0.3112.90 Safari/537.36"
::1 - - [10/Oct/2017:11:06:11 +0000] "GET /login HTTP/1.1" 200 1048 "http://localhost:3000/login" "Mozilla/5.0 (Windows NT 6.1; WOW64) AppleWebKit/537.36 (KHTML, like Gecko) Chrome/60.0.3112.90 Safari/537.36"
::1 - - [10/Oct/2017:11:06:17 +0000] "GET /login HTTP/1.1" 304 - "http://localhost:3000/login" "Mozilla/5.0 (Windows NT 6.1; WOW64) AppleWebKit/537.36 (KHTML, like Gecko) Chrome/60.0.3112.90 Safari/537.36"
::1 - - [10/Oct/2017:11:06:22 +0000] "POST /login HTTP/1.1" 302 54 "http://localhost:3000/login" "Mozilla/5.0 (Windows NT 6.1; WOW64) AppleWebKit/537.36 (KHTML, like Gecko) Chrome/60.0.3112.90 Safari/537.36"
::1 - - [10/Oct/2017:11:06:22 +0000] "GET /home HTTP/1.1" 200 2346 "http://localhost:3000/login" "Mozilla/5.0 (Windows NT 6.1; WOW64) AppleWebKit/537.36 (KHTML, like Gecko) Chrome/60.0.3112.90 Safari/537.36"
::1 - - [10/Oct/2017:11:06:45 +0000] "GET / HTTP/1.1" 200 441 "http://localhost:3000/home" "Mozilla/5.0 (Windows NT 6.1; WOW64) AppleWebKit/537.36 (KHTML, like Gecko) Chrome/60.0.3112.90 Safari/537.36"
::1 - - [10/Oct/2017:11:06:48 +0000] "GET / HTTP/1.1" 304 - "http://localhost:3000/home" "Mozilla/5.0 (Windows NT 6.1; WOW64) AppleWebKit/537.36 (KHTML, like Gecko) Chrome/60.0.3112.90 Safari/537.36"
::1 - - [10/Oct/2017:11:06:53 +0000] "GET /reg HTTP/1.1" 404 906 "http://localhost:3000/home" "Mozilla/5.0 (Windows NT 6.1; WOW64) AppleWebKit/537.36 (KHTML, like Gecko) Chrome/60.0.3112.90 Safari/537.36"
::1 - - [10/Oct/2017:11:07:04 +0000] "GET / HTTP/1.1" 304 - "-" "Mozilla/5.0 (Windows NT 6.1; WOW64) AppleWebKit/537.36 (KHTML, like Gecko) Chrome/60.0.3112.90 Safari/537.36"
::1 - - [10/Oct/2017:11:07:07 +0000] "GET /login HTTP/1.1" 200 1048 "http://localhost:3000/" "Mozilla/5.0 (Windows NT 6.1; WOW64) AppleWebKit/537.36 (KHTML, like Gecko) Chrome/60.0.3112.90 Safari/537.36"
::1 - - [10/Oct/2017:11:08:12 +0000] "POST /login HTTP/1.1" 302 56 "http://localhost:3000/login" "Mozilla/5.0 (Windows NT 6.1; WOW64) AppleWebKit/537.36 (KHTML, like Gecko) Chrome/60.0.3112.90 Safari/537.36"
::1 - - [10/Oct/2017:11:08:12 +0000] "GET /login HTTP/1.1" 200 1048 "http://localhost:3000/login" "Mozilla/5.0 (Windows NT 6.1; WOW64) AppleWebKit/537.36 (KHTML, like Gecko) Chrome/60.0.3112.90 Safari/537.36"
::1 - - [10/Oct/2017:11:08:18 +0000] "POST /login HTTP/1.1" 302 54 "http://localhost:3000/login" "Mozilla/5.0 (Windows NT 6.1; WOW64) AppleWebKit/537.36 (KHTML, like Gecko) Chrome/60.0.3112.90 Safari/537.36"
::1 - - [10/Oct/2017:11:08:18 +0000] "GET /home HTTP/1.1" 200 2355 "http://localhost:3000/login" "Mozilla/5.0 (Windows NT 6.1; WOW64) AppleWebKit/537.36 (KHTML, like Gecko) Chrome/60.0.3112.90 Safari/537.36"
::1 - - [10/Oct/2017:11:11:00 +0000] "GET /reg HTTP/1.1" 404 906 "http://localhost:3000/home" "Mozilla/5.0 (Windows NT 6.1; WOW64) AppleWebKit/537.36 (KHTML, like Gecko) Chrome/60.0.3112.90 Safari/537.36"
::1 - - [10/Oct/2017:11:14:25 +0000] "GET /login HTTP/1.1" 200 1048 "http://localhost:3000/login" "Mozilla/5.0 (Windows NT 6.1; WOW64) AppleWebKit/537.36 (KHTML, like Gecko) Chrome/60.0.3112.90 Safari/537.36"
::1 - - [10/Oct/2017:11:14:27 +0000] "GET /login HTTP/1.1" 304 - "http://localhost:3000/login" "Mozilla/5.0 (Windows NT 6.1; WOW64) AppleWebKit/537.36 (KHTML, like Gecko) Chrome/60.0.3112.90 Safari/537.36"
::1 - - [10/Oct/2017:11:14:32 +0000] "POST /login HTTP/1.1" 302 54 "http://localhost:3000/login" "Mozilla/5.0 (Windows NT 6.1; WOW64) AppleWebKit/537.36 (KHTML, like Gecko) Chrome/60.0.3112.90 Safari/537.36"
::1 - - [10/Oct/2017:11:14:32 +0000] "GET /home HTTP/1.1" 200 2344 "http://localhost:3000/login" "Mozilla/5.0 (Windows NT 6.1; WOW64) AppleWebKit/537.36 (KHTML, like Gecko) Chrome/60.0.3112.90 Safari/537.36"
::1 - - [10/Oct/2017:11:14:32 +0000] "GET /home HTTP/1.1" 200 2344 "http://localhost:3000/login" "Mozilla/5.0 (Windows NT 6.1; WOW64) AppleWebKit/537.36 (KHTML, like Gecko) Chrome/60.0.3112.90 Safari/537.36"
::1 - - [10/Oct/2017:11:14:51 +0000] "GET /home HTTP/1.1" 200 466 "http://localhost:3000/login" "Mozilla/5.0 (Windows NT 6.1; WOW64) AppleWebKit/537.36 (KHTML, like Gecko) Chrome/60.0.3112.90 Safari/537.36"
::1 - - [10/Oct/2017:11:15:37 +0000] "GET /home HTTP/1.1" 200 2344 "-" "Mozilla/5.0 (Windows NT 6.1; WOW64) AppleWebKit/537.36 (KHTML, like Gecko) Chrome/60.0.3112.90 Safari/537.36"
::1 - - [10/Oct/2017:11:16:18 +0000] "GET /home HTTP/1.1" 200 2353 "-" "Mozilla/5.0 (Windows NT 6.1; WOW64) AppleWebKit/537.36 (KHTML, like Gecko) Chrome/60.0.3112.90 Safari/537.36"
::1 - - [10/Oct/2017:11:16:20 +0000] "GET /login HTTP/1.1" 200 1048 "http://localhost:3000/home" "Mozilla/5.0 (Windows NT 6.1; WOW64) AppleWebKit/537.36 (KHTML, like Gecko) Chrome/60.0.3112.90 Safari/537.36"
::1 - - [10/Oct/2017:11:16:24 +0000] "GET /reg HTTP/1.1" 404 906 "http://localhost:3000/home" "Mozilla/5.0 (Windows NT 6.1; WOW64) AppleWebKit/537.36 (KHTML, like Gecko) Chrome/60.0.3112.90 Safari/537.36"
::1 - - [10/Oct/2017:11:21:49 +0000] "GET / HTTP/1.1" 304 - "-" "Mozilla/5.0 (Windows NT 6.1; WOW64) AppleWebKit/537.36 (KHTML, like Gecko) Chrome/60.0.3112.90 Safari/537.36"
::1 - - [10/Oct/2017:11:21:51 +0000] "GET /login HTTP/1.1" 200 1894 "http://localhost:3000/" "Mozilla/5.0 (Windows NT 6.1; WOW64) AppleWebKit/537.36 (KHTML, like Gecko) Chrome/60.0.3112.90 Safari/537.36"
::1 - - [10/Oct/2017:11:22:53 +0000] "GET /login HTTP/1.1" 304 - "http://localhost:3000/" "Mozilla/5.0 (Windows NT 6.1; WOW64) AppleWebKit/537.36 (KHTML, like Gecko) Chrome/60.0.3112.90 Safari/537.36"
::1 - - [10/Oct/2017:11:23:28 +0000] "GET /login HTTP/1.1" 200 1890 "http://localhost:3000/" "Mozilla/5.0 (Windows NT 6.1; WOW64) AppleWebKit/537.36 (KHTML, like Gecko) Chrome/60.0.3112.90 Safari/537.36"
::1 - - [10/Oct/2017:11:23:31 +0000] "GET /login HTTP/1.1" 304 - "http://localhost:3000/" "Mozilla/5.0 (Windows NT 6.1; WOW64) AppleWebKit/537.36 (KHTML, like Gecko) Chrome/60.0.3112.90 Safari/537.36"
::1 - - [10/Oct/2017:11:23:40 +0000] "GET / HTTP/1.1" 304 - "-" "Mozilla/5.0 (Windows NT 6.1; WOW64) AppleWebKit/537.36 (KHTML, like Gecko) Chrome/60.0.3112.90 Safari/537.36"
::1 - - [10/Oct/2017:11:23:41 +0000] "GET /login HTTP/1.1" 304 - "http://localhost:3000/" "Mozilla/5.0 (Windows NT 6.1; WOW64) AppleWebKit/537.36 (KHTML, like Gecko) Chrome/60.0.3112.90 Safari/537.36"
::1 - - [10/Oct/2017:11:24:34 +0000] "GET /login HTTP/1.1" 200 1861 "http://localhost:3000/" "Mozilla/5.0 (Windows NT 6.1; WOW64) AppleWebKit/537.36 (KHTML, like Gecko) Chrome/60.0.3112.90 Safari/537.36"
::1 - - [10/Oct/2017:11:24:46 +0000] "POST /blog HTTP/1.1" 404 906 "http://localhost:3000/login" "Mozilla/5.0 (Windows NT 6.1; WOW64) AppleWebKit/537.36 (KHTML, like Gecko) Chrome/60.0.3112.90 Safari/537.36"
::1 - - [10/Oct/2017:11:25:16 +0000] "GET /login HTTP/1.1" 200 1846 "http://localhost:3000/" "Mozilla/5.0 (Windows NT 6.1; WOW64) AppleWebKit/537.36 (KHTML, like Gecko) Chrome/60.0.3112.90 Safari/537.36"
::1 - - [10/Oct/2017:11:25:24 +0000] "POST /login HTTP/1.1" 302 56 "http://localhost:3000/login" "Mozilla/5.0 (Windows NT 6.1; WOW64) AppleWebKit/537.36 (KHTML, like Gecko) Chrome/60.0.3112.90 Safari/537.36"
::1 - - [10/Oct/2017:11:25:24 +0000] "GET /login HTTP/1.1" 200 1846 "http://localhost:3000/login" "Mozilla/5.0 (Windows NT 6.1; WOW64) AppleWebKit/537.36 (KHTML, like Gecko) Chrome/60.0.3112.90 Safari/537.36"
::1 - - [10/Oct/2017:11:25:33 +0000] "POST /login HTTP/1.1" 302 56 "http://localhost:3000/login" "Mozilla/5.0 (Windows NT 6.1; WOW64) AppleWebKit/537.36 (KHTML, like Gecko) Chrome/60.0.3112.90 Safari/537.36"
::1 - - [10/Oct/2017:11:25:33 +0000] "GET /login HTTP/1.1" 200 1846 "http://localhost:3000/login" "Mozilla/5.0 (Windows NT 6.1; WOW64) AppleWebKit/537.36 (KHTML, like Gecko) Chrome/60.0.3112.90 Safari/537.36"
::1 - - [10/Oct/2017:11:28:41 +0000] "GET /login HTTP/1.1" 200 2274 "http://localhost:3000/login" "Mozilla/5.0 (Windows NT 6.1; WOW64) AppleWebKit/537.36 (KHTML, like Gecko) Chrome/60.0.3112.90 Safari/537.36"
::1 - - [10/Oct/2017:11:31:44 +0000] "GET /login HTTP/1.1" 200 2363 "http://localhost:3000/login" "Mozilla/5.0 (Windows NT 6.1; WOW64) AppleWebKit/537.36 (KHTML, like Gecko) Chrome/60.0.3112.90 Safari/537.36"
::1 - - [10/Oct/2017:11:31:52 +0000] "POST /login HTTP/1.1" 302 56 "http://localhost:3000/login" "Mozilla/5.0 (Windows NT 6.1; WOW64) AppleWebKit/537.36 (KHTML, like Gecko) Chrome/60.0.3112.90 Safari/537.36"
::1 - - [10/Oct/2017:11:31:52 +0000] "GET /login HTTP/1.1" 200 2363 "http://localhost:3000/login" "Mozilla/5.0 (Windows NT 6.1; WOW64) AppleWebKit/537.36 (KHTML, like Gecko) Chrome/60.0.3112.90 Safari/537.36"
::1 - - [10/Oct/2017:11:33:59 +0000] "POST /login HTTP/1.1" 302 56 "http://localhost:3000/login" "Mozilla/5.0 (Windows NT 6.1; WOW64) AppleWebKit/537.36 (KHTML, like Gecko) Chrome/60.0.3112.90 Safari/537.36"
::1 - - [10/Oct/2017:11:33:59 +0000] "GET /login HTTP/1.1" 200 2379 "http://localhost:3000/login" "Mozilla/5.0 (Windows NT 6.1; WOW64) AppleWebKit/537.36 (KHTML, like Gecko) Chrome/60.0.3112.90 Safari/537.36"
::1 - - [10/Oct/2017:11:35:04 +0000] "GET /login HTTP/1.1" 304 - "http://localhost:3000/login" "Mozilla/5.0 (Windows NT 6.1; WOW64) AppleWebKit/537.36 (KHTML, like Gecko) Chrome/60.0.3112.90 Safari/537.36"
::1 - - [10/Oct/2017:11:35:12 +0000] "POST /login HTTP/1.1" 302 54 "http://localhost:3000/login" "Mozilla/5.0 (Windows NT 6.1; WOW64) AppleWebKit/537.36 (KHTML, like Gecko) Chrome/60.0.3112.90 Safari/537.36"
::1 - - [10/Oct/2017:11:35:12 +0000] "GET /home HTTP/1.1" 304 - "http://localhost:3000/login" "Mozilla/5.0 (Windows NT 6.1; WOW64) AppleWebKit/537.36 (KHTML, like Gecko) Chrome/60.0.3112.90 Safari/537.36"
::1 - - [10/Oct/2017:11:35:30 +0000] "GET /login HTTP/1.1" 200 2379 "http://localhost:3000/login" "Mozilla/5.0 (Windows NT 6.1; WOW64) AppleWebKit/537.36 (KHTML, like Gecko) Chrome/60.0.3112.90 Safari/537.36"
::1 - - [10/Oct/2017:11:35:38 +0000] "POST /login HTTP/1.1" 302 54 "http://localhost:3000/login" "Mozilla/5.0 (Windows NT 6.1; WOW64) AppleWebKit/537.36 (KHTML, like Gecko) Chrome/60.0.3112.90 Safari/537.36"
::1 - - [10/Oct/2017:11:35:38 +0000] "GET /home HTTP/1.1" 304 - "http://localhost:3000/login" "Mozilla/5.0 (Windows NT 6.1; WOW64) AppleWebKit/537.36 (KHTML, like Gecko) Chrome/60.0.3112.90 Safari/537.36"
::1 - - [10/Oct/2017:11:35:38 +0000] "GET /home HTTP/1.1" 304 - "http://localhost:3000/login" "Mozilla/5.0 (Windows NT 6.1; WOW64) AppleWebKit/537.36 (KHTML, like Gecko) Chrome/60.0.3112.90 Safari/537.36"
::1 - - [10/Oct/2017:11:37:04 +0000] "GET /login HTTP/1.1" 200 2379 "http://localhost:3000/login" "Mozilla/5.0 (Windows NT 6.1; WOW64) AppleWebKit/537.36 (KHTML, like Gecko) Chrome/60.0.3112.90 Safari/537.36"
::1 - - [10/Oct/2017:11:37:04 +0000] "GET /login HTTP/1.1" 304 - "http://localhost:3000/login" "Mozilla/5.0 (Windows NT 6.1; WOW64) AppleWebKit/537.36 (KHTML, like Gecko) Chrome/60.0.3112.90 Safari/537.36"
::1 - - [10/Oct/2017:11:37:10 +0000] "POST /login HTTP/1.1" 302 54 "http://localhost:3000/login" "Mozilla/5.0 (Windows NT 6.1; WOW64) AppleWebKit/537.36 (KHTML, like Gecko) Chrome/60.0.3112.90 Safari/537.36"
::1 - - [10/Oct/2017:11:37:10 +0000] "GET /home HTTP/1.1" 200 3235 "http://localhost:3000/login" "Mozilla/5.0 (Windows NT 6.1; WOW64) AppleWebKit/537.36 (KHTML, like Gecko) Chrome/60.0.3112.90 Safari/537.36"
::1 - - [10/Oct/2017:11:37:10 +0000] "GET /home HTTP/1.1" 200 3235 "http://localhost:3000/login" "Mozilla/5.0 (Windows NT 6.1; WOW64) AppleWebKit/537.36 (KHTML, like Gecko) Chrome/60.0.3112.90 Safari/537.36"
::1 - - [10/Oct/2017:11:37:41 +0000] "GET /home HTTP/1.1" 200 3243 "http://localhost:3000/login" "Mozilla/5.0 (Windows NT 6.1; WOW64) AppleWebKit/537.36 (KHTML, like Gecko) Chrome/60.0.3112.90 Safari/537.36"
::1 - - [10/Oct/2017:11:39:06 +0000] "GET /home HTTP/1.1" 200 3204 "http://localhost:3000/login" "Mozilla/5.0 (Windows NT 6.1; WOW64) AppleWebKit/537.36 (KHTML, like Gecko) Chrome/60.0.3112.90 Safari/537.36"
::1 - - [10/Oct/2017:11:39:27 +0000] "GET /home HTTP/1.1" 200 3213 "http://localhost:3000/login" "Mozilla/5.0 (Windows NT 6.1; WOW64) AppleWebKit/537.36 (KHTML, like Gecko) Chrome/60.0.3112.90 Safari/537.36"
::1 - - [10/Oct/2017:11:40:05 +0000] "GET /login HTTP/1.1" 200 2379 "http://localhost:3000/login" "Mozilla/5.0 (Windows NT 6.1; WOW64) AppleWebKit/537.36 (KHTML, like Gecko) Chrome/60.0.3112.90 Safari/537.36"
::1 - - [10/Oct/2017:11:40:12 +0000] "GET / HTTP/1.1" 304 - "-" "Mozilla/5.0 (Windows NT 6.1; WOW64) AppleWebKit/537.36 (KHTML, like Gecko) Chrome/60.0.3112.90 Safari/537.36"
::1 - - [10/Oct/2017:11:40:15 +0000] "GET /login HTTP/1.1" 304 - "http://localhost:3000/" "Mozilla/5.0 (Windows NT 6.1; WOW64) AppleWebKit/537.36 (KHTML, like Gecko) Chrome/60.0.3112.90 Safari/537.36"
::1 - - [10/Oct/2017:11:47:57 +0000] "GET /login HTTP/1.1" 200 2384 "http://localhost:3000/" "Mozilla/5.0 (Windows NT 6.1; WOW64) AppleWebKit/537.36 (KHTML, like Gecko) Chrome/60.0.3112.90 Safari/537.36"
::1 - - [10/Oct/2017:11:48:25 +0000] "GET /login HTTP/1.1" 200 2394 "http://localhost:3000/" "Mozilla/5.0 (Windows NT 6.1; WOW64) AppleWebKit/537.36 (KHTML, like Gecko) Chrome/60.0.3112.90 Safari/537.36"
::1 - - [10/Oct/2017:11:48:33 +0000] "POST /login HTTP/1.1" 302 54 "http://localhost:3000/login" "Mozilla/5.0 (Windows NT 6.1; WOW64) AppleWebKit/537.36 (KHTML, like Gecko) Chrome/60.0.3112.90 Safari/537.36"
::1 - - [10/Oct/2017:11:48:33 +0000] "GET /home HTTP/1.1" 304 - "http://localhost:3000/login" "Mozilla/5.0 (Windows NT 6.1; WOW64) AppleWebKit/537.36 (KHTML, like Gecko) Chrome/60.0.3112.90 Safari/537.36"
::1 - - [10/Oct/2017:12:06:17 +0000] "GET /home HTTP/1.1" 200 3706 "http://localhost:3000/login" "Mozilla/5.0 (Windows NT 6.1; WOW64) AppleWebKit/537.36 (KHTML, like Gecko) Chrome/60.0.3112.90 Safari/537.36"
::1 - - [10/Oct/2017:12:06:17 +0000] "GET /images/zixin.gif HTTP/1.1" 200 415861 "http://localhost:3000/home" "Mozilla/5.0 (Windows NT 6.1; WOW64) AppleWebKit/537.36 (KHTML, like Gecko) Chrome/60.0.3112.90 Safari/537.36"
::1 - - [10/Oct/2017:12:12:46 +0000] "GET /home HTTP/1.1" 200 4383 "http://localhost:3000/login" "Mozilla/5.0 (Windows NT 6.1; WOW64) AppleWebKit/537.36 (KHTML, like Gecko) Chrome/60.0.3112.90 Safari/537.36"
::1 - - [10/Oct/2017:12:12:46 +0000] "GET /images/zixin.gif HTTP/1.1" 304 - "http://localhost:3000/home" "Mozilla/5.0 (Windows NT 6.1; WOW64) AppleWebKit/537.36 (KHTML, like Gecko) Chrome/60.0.3112.90 Safari/537.36"
::1 - - [10/Oct/2017:12:12:49 +0000] "GET /home HTTP/1.1" 304 - "http://localhost:3000/login" "Mozilla/5.0 (Windows NT 6.1; WOW64) AppleWebKit/537.36 (KHTML, like Gecko) Chrome/60.0.3112.90 Safari/537.36"
::1 - - [10/Oct/2017:12:12:49 +0000] "GET /images/zixin.gif HTTP/1.1" 304 - "http://localhost:3000/home" "Mozilla/5.0 (Windows NT 6.1; WOW64) AppleWebKit/537.36 (KHTML, like Gecko) Chrome/60.0.3112.90 Safari/537.36"
::1 - - [10/Oct/2017:12:14:05 +0000] "GET /home HTTP/1.1" 200 4324 "http://localhost:3000/login" "Mozilla/5.0 (Windows NT 6.1; WOW64) AppleWebKit/537.36 (KHTML, like Gecko) Chrome/60.0.3112.90 Safari/537.36"
::1 - - [10/Oct/2017:12:14:05 +0000] "GET /images/zixin.gif HTTP/1.1" 304 - "http://localhost:3000/home" "Mozilla/5.0 (Windows NT 6.1; WOW64) AppleWebKit/537.36 (KHTML, like Gecko) Chrome/60.0.3112.90 Safari/537.36"
::1 - - [10/Oct/2017:12:14:08 +0000] "GET /home HTTP/1.1" 304 - "-" "Mozilla/5.0 (Windows NT 6.1; WOW64) AppleWebKit/537.36 (KHTML, like Gecko) Chrome/60.0.3112.90 Safari/537.36"
::1 - - [10/Oct/2017:12:14:08 +0000] "GET /images/zixin.gif HTTP/1.1" 304 - "http://localhost:3000/home" "Mozilla/5.0 (Windows NT 6.1; WOW64) AppleWebKit/537.36 (KHTML, like Gecko) Chrome/60.0.3112.90 Safari/537.36"
::1 - - [10/Oct/2017:12:19:35 +0000] "GET /home HTTP/1.1" 200 4685 "-" "Mozilla/5.0 (Windows NT 6.1; WOW64) AppleWebKit/537.36 (KHTML, like Gecko) Chrome/60.0.3112.90 Safari/537.36"
::1 - - [10/Oct/2017:12:19:35 +0000] "GET /images/zixin.gif HTTP/1.1" 304 - "http://localhost:3000/home" "Mozilla/5.0 (Windows NT 6.1; WOW64) AppleWebKit/537.36 (KHTML, like Gecko) Chrome/60.0.3112.90 Safari/537.36"
::1 - - [10/Oct/2017:12:19:37 +0000] "GET /home HTTP/1.1" 304 - "http://localhost:3000/home" "Mozilla/5.0 (Windows NT 6.1; WOW64) AppleWebKit/537.36 (KHTML, like Gecko) Chrome/60.0.3112.90 Safari/537.36"
::1 - - [10/Oct/2017:12:19:37 +0000] "GET /images/zixin.gif HTTP/1.1" 304 - "http://localhost:3000/home" "Mozilla/5.0 (Windows NT 6.1; WOW64) AppleWebKit/537.36 (KHTML, like Gecko) Chrome/60.0.3112.90 Safari/537.36"
::1 - - [10/Oct/2017:12:19:46 +0000] "GET /home HTTP/1.1" 304 - "http://localhost:3000/home" "Mozilla/5.0 (Windows NT 6.1; WOW64) AppleWebKit/537.36 (KHTML, like Gecko) Chrome/60.0.3112.90 Safari/537.36"
::1 - - [10/Oct/2017:12:19:46 +0000] "GET /images/zixin.gif HTTP/1.1" 304 - "http://localhost:3000/home" "Mozilla/5.0 (Windows NT 6.1; WOW64) AppleWebKit/537.36 (KHTML, like Gecko) Chrome/60.0.3112.90 Safari/537.36"
::1 - - [10/Oct/2017:12:32:21 +0000] "GET /home HTTP/1.1" 200 4559 "http://localhost:3000/home" "Mozilla/5.0 (Windows NT 6.1; WOW64) AppleWebKit/537.36 (KHTML, like Gecko) Chrome/60.0.3112.90 Safari/537.36"
::1 - - [10/Oct/2017:12:32:21 +0000] "GET /images/zixin.gif HTTP/1.1" 304 - "http://localhost:3000/home" "Mozilla/5.0 (Windows NT 6.1; WOW64) AppleWebKit/537.36 (KHTML, like Gecko) Chrome/60.0.3112.90 Safari/537.36"
::1 - - [10/Oct/2017:12:32:24 +0000] "GET /home HTTP/1.1" 304 - "http://localhost:3000/home" "Mozilla/5.0 (Windows NT 6.1; WOW64) AppleWebKit/537.36 (KHTML, like Gecko) Chrome/60.0.3112.90 Safari/537.36"
::1 - - [10/Oct/2017:12:32:24 +0000] "GET /images/zixin.gif HTTP/1.1" 304 - "http://localhost:3000/home" "Mozilla/5.0 (Windows NT 6.1; WOW64) AppleWebKit/537.36 (KHTML, like Gecko) Chrome/60.0.3112.90 Safari/537.36"
::1 - - [10/Oct/2017:12:32:29 +0000] "GET /home HTTP/1.1" 304 - "http://localhost:3000/home" "Mozilla/5.0 (Windows NT 6.1; WOW64) AppleWebKit/537.36 (KHTML, like Gecko) Chrome/60.0.3112.90 Safari/537.36"
::1 - - [10/Oct/2017:12:32:29 +0000] "GET /images/zixin.gif HTTP/1.1" 304 - "http://localhost:3000/home" "Mozilla/5.0 (Windows NT 6.1; WOW64) AppleWebKit/537.36 (KHTML, like Gecko) Chrome/60.0.3112.90 Safari/537.36"
::1 - - [10/Oct/2017:12:35:54 +0000] "GET /home HTTP/1.1" 200 5103 "http://localhost:3000/home" "Mozilla/5.0 (Windows NT 6.1; WOW64) AppleWebKit/537.36 (KHTML, like Gecko) Chrome/60.0.3112.90 Safari/537.36"
::1 - - [10/Oct/2017:12:35:54 +0000] "GET /images/zixin.gif HTTP/1.1" 304 - "http://localhost:3000/home" "Mozilla/5.0 (Windows NT 6.1; WOW64) AppleWebKit/537.36 (KHTML, like Gecko) Chrome/60.0.3112.90 Safari/537.36"
::1 - - [10/Oct/2017:12:41:14 +0000] "GET /home HTTP/1.1" 200 6823 "http://localhost:3000/home" "Mozilla/5.0 (Windows NT 6.1; WOW64) AppleWebKit/537.36 (KHTML, like Gecko) Chrome/60.0.3112.90 Safari/537.36"
::1 - - [10/Oct/2017:12:41:14 +0000] "GET /images/zixin.gif HTTP/1.1" 304 - "http://localhost:3000/home" "Mozilla/5.0 (Windows NT 6.1; WOW64) AppleWebKit/537.36 (KHTML, like Gecko) Chrome/60.0.3112.90 Safari/537.36"
::1 - - [10/Oct/2017:12:42:51 +0000] "GET /home HTTP/1.1" 200 6803 "http://localhost:3000/home" "Mozilla/5.0 (Windows NT 6.1; WOW64) AppleWebKit/537.36 (KHTML, like Gecko) Chrome/60.0.3112.90 Safari/537.36"
::1 - - [10/Oct/2017:12:42:51 +0000] "GET /images/zixin.gif HTTP/1.1" 304 - "http://localhost:3000/home" "Mozilla/5.0 (Windows NT 6.1; WOW64) AppleWebKit/537.36 (KHTML, like Gecko) Chrome/60.0.3112.90 Safari/537.36"
::1 - - [10/Oct/2017:12:44:41 +0000] "GET /home HTTP/1.1" 200 6868 "http://localhost:3000/home" "Mozilla/5.0 (Windows NT 6.1; WOW64) AppleWebKit/537.36 (KHTML, like Gecko) Chrome/60.0.3112.90 Safari/537.36"
::1 - - [10/Oct/2017:12:44:41 +0000] "GET /images/zixin.gif HTTP/1.1" 304 - "http://localhost:3000/home" "Mozilla/5.0 (Windows NT 6.1; WOW64) AppleWebKit/537.36 (KHTML, like Gecko) Chrome/60.0.3112.90 Safari/537.36"
::1 - - [10/Oct/2017:12:44:43 +0000] "GET /home HTTP/1.1" 304 - "http://localhost:3000/home" "Mozilla/5.0 (Windows NT 6.1; WOW64) AppleWebKit/537.36 (KHTML, like Gecko) Chrome/60.0.3112.90 Safari/537.36"
::1 - - [10/Oct/2017:12:44:43 +0000] "GET /images/zixin.gif HTTP/1.1" 304 - "http://localhost:3000/home" "Mozilla/5.0 (Windows NT 6.1; WOW64) AppleWebKit/537.36 (KHTML, like Gecko) Chrome/60.0.3112.90 Safari/537.36"
::1 - - [10/Oct/2017:12:45:06 +0000] "GET /home HTTP/1.1" 200 6870 "http://localhost:3000/home" "Mozilla/5.0 (Windows NT 6.1; WOW64) AppleWebKit/537.36 (KHTML, like Gecko) Chrome/60.0.3112.90 Safari/537.36"
::1 - - [10/Oct/2017:12:45:06 +0000] "GET /images/zixin.gif HTTP/1.1" 304 - "http://localhost:3000/home" "Mozilla/5.0 (Windows NT 6.1; WOW64) AppleWebKit/537.36 (KHTML, like Gecko) Chrome/60.0.3112.90 Safari/537.36"
::1 - - [10/Oct/2017:12:45:45 +0000] "GET /home HTTP/1.1" 200 6874 "http://localhost:3000/home" "Mozilla/5.0 (Windows NT 6.1; WOW64) AppleWebKit/537.36 (KHTML, like Gecko) Chrome/60.0.3112.90 Safari/537.36"
::1 - - [10/Oct/2017:12:45:45 +0000] "GET /images/zixin.gif HTTP/1.1" 304 - "http://localhost:3000/home" "Mozilla/5.0 (Windows NT 6.1; WOW64) AppleWebKit/537.36 (KHTML, like Gecko) Chrome/60.0.3112.90 Safari/537.36"
::1 - - [10/Oct/2017:12:46:31 +0000] "GET /home HTTP/1.1" 200 6884 "http://localhost:3000/home" "Mozilla/5.0 (Windows NT 6.1; WOW64) AppleWebKit/537.36 (KHTML, like Gecko) Chrome/60.0.3112.90 Safari/537.36"
::1 - - [10/Oct/2017:12:46:31 +0000] "GET /images/zixin.gif HTTP/1.1" 304 - "http://localhost:3000/home" "Mozilla/5.0 (Windows NT 6.1; WOW64) AppleWebKit/537.36 (KHTML, like Gecko) Chrome/60.0.3112.90 Safari/537.36"
::1 - - [10/Oct/2017:12:46:50 +0000] "GET /home HTTP/1.1" 200 6840 "http://localhost:3000/home" "Mozilla/5.0 (Windows NT 6.1; WOW64) AppleWebKit/537.36 (KHTML, like Gecko) Chrome/60.0.3112.90 Safari/537.36"
::1 - - [10/Oct/2017:12:46:50 +0000] "GET /images/zixin.gif HTTP/1.1" 304 - "http://localhost:3000/home" "Mozilla/5.0 (Windows NT 6.1; WOW64) AppleWebKit/537.36 (KHTML, like Gecko) Chrome/60.0.3112.90 Safari/537.36"
::1 - - [10/Oct/2017:12:46:51 +0000] "GET /home HTTP/1.1" 304 - "http://localhost:3000/home" "Mozilla/5.0 (Windows NT 6.1; WOW64) AppleWebKit/537.36 (KHTML, like Gecko) Chrome/60.0.3112.90 Safari/537.36"
::1 - - [10/Oct/2017:12:46:51 +0000] "GET /images/zixin.gif HTTP/1.1" 304 - "http://localhost:3000/home" "Mozilla/5.0 (Windows NT 6.1; WOW64) AppleWebKit/537.36 (KHTML, like Gecko) Chrome/60.0.3112.90 Safari/537.36"
::1 - - [10/Oct/2017:12:47:21 +0000] "GET /home HTTP/1.1" 200 6830 "http://localhost:3000/home" "Mozilla/5.0 (Windows NT 6.1; WOW64) AppleWebKit/537.36 (KHTML, like Gecko) Chrome/60.0.3112.90 Safari/537.36"
::1 - - [10/Oct/2017:12:47:21 +0000] "GET /images/zixin.gif HTTP/1.1" 304 - "http://localhost:3000/home" "Mozilla/5.0 (Windows NT 6.1; WOW64) AppleWebKit/537.36 (KHTML, like Gecko) Chrome/60.0.3112.90 Safari/537.36"
::1 - - [10/Oct/2017:12:48:16 +0000] "GET /home HTTP/1.1" 200 6857 "http://localhost:3000/home" "Mozilla/5.0 (Windows NT 6.1; WOW64) AppleWebKit/537.36 (KHTML, like Gecko) Chrome/60.0.3112.90 Safari/537.36"
::1 - - [10/Oct/2017:12:48:16 +0000] "GET /images/zixin.gif HTTP/1.1" 304 - "http://localhost:3000/home" "Mozilla/5.0 (Windows NT 6.1; WOW64) AppleWebKit/537.36 (KHTML, like Gecko) Chrome/60.0.3112.90 Safari/537.36"
::1 - - [10/Oct/2017:12:48:27 +0000] "GET /home HTTP/1.1" 200 6859 "http://localhost:3000/home" "Mozilla/5.0 (Windows NT 6.1; WOW64) AppleWebKit/537.36 (KHTML, like Gecko) Chrome/60.0.3112.90 Safari/537.36"
::1 - - [10/Oct/2017:12:48:27 +0000] "GET /images/zixin.gif HTTP/1.1" 304 - "http://localhost:3000/home" "Mozilla/5.0 (Windows NT 6.1; WOW64) AppleWebKit/537.36 (KHTML, like Gecko) Chrome/60.0.3112.90 Safari/537.36"
::1 - - [10/Oct/2017:12:49:18 +0000] "GET /home HTTP/1.1" 200 6859 "http://localhost:3000/home" "Mozilla/5.0 (Windows NT 6.1; WOW64) AppleWebKit/537.36 (KHTML, like Gecko) Chrome/60.0.3112.90 Safari/537.36"
::1 - - [10/Oct/2017:12:49:18 +0000] "GET /images/zixin.gif HTTP/1.1" 304 - "http://localhost:3000/home" "Mozilla/5.0 (Windows NT 6.1; WOW64) AppleWebKit/537.36 (KHTML, like Gecko) Chrome/60.0.3112.90 Safari/537.36"
::1 - - [10/Oct/2017:13:00:43 +0000] "GET /home HTTP/1.1" 200 6905 "http://localhost:3000/home" "Mozilla/5.0 (Windows NT 6.1; WOW64) AppleWebKit/537.36 (KHTML, like Gecko) Chrome/60.0.3112.90 Safari/537.36"
::1 - - [10/Oct/2017:13:00:43 +0000] "GET /images/zixin.gif HTTP/1.1" 304 - "http://localhost:3000/home" "Mozilla/5.0 (Windows NT 6.1; WOW64) AppleWebKit/537.36 (KHTML, like Gecko) Chrome/60.0.3112.90 Safari/537.36"
::1 - - [10/Oct/2017:13:04:53 +0000] "GET /home HTTP/1.1" 200 6926 "http://localhost:3000/home" "Mozilla/5.0 (Windows NT 6.1; WOW64) AppleWebKit/537.36 (KHTML, like Gecko) Chrome/60.0.3112.90 Safari/537.36"
::1 - - [10/Oct/2017:13:04:53 +0000] "GET /images/zixin.gif HTTP/1.1" 304 - "http://localhost:3000/home" "Mozilla/5.0 (Windows NT 6.1; WOW64) AppleWebKit/537.36 (KHTML, like Gecko) Chrome/60.0.3112.90 Safari/537.36"
::1 - - [10/Oct/2017:13:05:59 +0000] "GET /home HTTP/1.1" 200 6928 "http://localhost:3000/home" "Mozilla/5.0 (Windows NT 6.1; WOW64) AppleWebKit/537.36 (KHTML, like Gecko) Chrome/60.0.3112.90 Safari/537.36"
::1 - - [10/Oct/2017:13:05:59 +0000] "GET /images/zixin.gif HTTP/1.1" 304 - "http://localhost:3000/home" "Mozilla/5.0 (Windows NT 6.1; WOW64) AppleWebKit/537.36 (KHTML, like Gecko) Chrome/60.0.3112.90 Safari/537.36"
::1 - - [10/Oct/2017:13:06:43 +0000] "GET /home HTTP/1.1" 200 6838 "http://localhost:3000/home" "Mozilla/5.0 (Windows NT 6.1; WOW64) AppleWebKit/537.36 (KHTML, like Gecko) Chrome/60.0.3112.90 Safari/537.36"
::1 - - [10/Oct/2017:13:06:43 +0000] "GET /images/zixin.gif HTTP/1.1" 304 - "http://localhost:3000/home" "Mozilla/5.0 (Windows NT 6.1; WOW64) AppleWebKit/537.36 (KHTML, like Gecko) Chrome/60.0.3112.90 Safari/537.36"
::1 - - [10/Oct/2017:13:06:59 +0000] "GET /home HTTP/1.1" 200 6934 "http://localhost:3000/home" "Mozilla/5.0 (Windows NT 6.1; WOW64) AppleWebKit/537.36 (KHTML, like Gecko) Chrome/60.0.3112.90 Safari/537.36"
::1 - - [10/Oct/2017:13:06:59 +0000] "GET /images/zixin.gif HTTP/1.1" 304 - "http://localhost:3000/home" "Mozilla/5.0 (Windows NT 6.1; WOW64) AppleWebKit/537.36 (KHTML, like Gecko) Chrome/60.0.3112.90 Safari/537.36"
::1 - - [10/Oct/2017:13:13:55 +0000] "GET /home HTTP/1.1" 200 6934 "http://localhost:3000/home" "Mozilla/5.0 (Windows NT 6.1; WOW64) AppleWebKit/537.36 (KHTML, like Gecko) Chrome/60.0.3112.90 Safari/537.36"
::1 - - [10/Oct/2017:13:13:55 +0000] "GET /images/zixin.gif HTTP/1.1" 304 - "http://localhost:3000/home" "Mozilla/5.0 (Windows NT 6.1; WOW64) AppleWebKit/537.36 (KHTML, like Gecko) Chrome/60.0.3112.90 Safari/537.36"
::1 - - [10/Oct/2017:13:15:29 +0000] "GET /home HTTP/1.1" 200 6953 "http://localhost:3000/home" "Mozilla/5.0 (Windows NT 6.1; WOW64) AppleWebKit/537.36 (KHTML, like Gecko) Chrome/60.0.3112.90 Safari/537.36"
::1 - - [10/Oct/2017:13:15:29 +0000] "GET /images/zixin.gif HTTP/1.1" 304 - "http://localhost:3000/home" "Mozilla/5.0 (Windows NT 6.1; WOW64) AppleWebKit/537.36 (KHTML, like Gecko) Chrome/60.0.3112.90 Safari/537.36"
::1 - - [10/Oct/2017:13:22:34 +0000] "GET /home HTTP/1.1" 200 6936 "http://localhost:3000/home" "Mozilla/5.0 (Windows NT 6.1; WOW64) AppleWebKit/537.36 (KHTML, like Gecko) Chrome/60.0.3112.90 Safari/537.36"
::1 - - [10/Oct/2017:13:22:34 +0000] "GET /images/zixin.gif HTTP/1.1" 304 - "http://localhost:3000/home" "Mozilla/5.0 (Windows NT 6.1; WOW64) AppleWebKit/537.36 (KHTML, like Gecko) Chrome/60.0.3112.90 Safari/537.36"
::1 - - [10/Oct/2017:13:28:33 +0000] "GET /home HTTP/1.1" 304 - "http://localhost:3000/home" "Mozilla/5.0 (Windows NT 6.1; WOW64) AppleWebKit/537.36 (KHTML, like Gecko) Chrome/60.0.3112.90 Safari/537.36"
::1 - - [10/Oct/2017:13:28:33 +0000] "GET /images/zixin.gif HTTP/1.1" 304 - "http://localhost:3000/home" "Mozilla/5.0 (Windows NT 6.1; WOW64) AppleWebKit/537.36 (KHTML, like Gecko) Chrome/60.0.3112.90 Safari/537.36"
::1 - - [10/Oct/2017:13:28:40 +0000] "GET /home HTTP/1.1" 304 - "http://localhost:3000/home" "Mozilla/5.0 (Windows NT 6.1; WOW64) AppleWebKit/537.36 (KHTML, like Gecko) Chrome/60.0.3112.90 Safari/537.36"
::1 - - [10/Oct/2017:13:28:40 +0000] "GET /images/zixin.gif HTTP/1.1" 304 - "http://localhost:3000/home" "Mozilla/5.0 (Windows NT 6.1; WOW64) AppleWebKit/537.36 (KHTML, like Gecko) Chrome/60.0.3112.90 Safari/537.36"
::1 - - [10/Oct/2017:13:28:51 +0000] "GET /home HTTP/1.1" 304 - "http://localhost:3000/home" "Mozilla/5.0 (Windows NT 6.1; WOW64) AppleWebKit/537.36 (KHTML, like Gecko) Chrome/60.0.3112.90 Safari/537.36"
::1 - - [10/Oct/2017:13:28:51 +0000] "GET /images/zixin.gif HTTP/1.1" 304 - "http://localhost:3000/home" "Mozilla/5.0 (Windows NT 6.1; WOW64) AppleWebKit/537.36 (KHTML, like Gecko) Chrome/60.0.3112.90 Safari/537.36"
::1 - - [10/Oct/2017:13:38:09 +0000] "GET /home HTTP/1.1" 200 6862 "http://localhost:3000/home" "Mozilla/5.0 (Windows NT 6.1; WOW64) AppleWebKit/537.36 (KHTML, like Gecko) Chrome/60.0.3112.90 Safari/537.36"
::1 - - [10/Oct/2017:13:38:09 +0000] "GET /images/zixin.gif HTTP/1.1" 304 - "http://localhost:3000/home" "Mozilla/5.0 (Windows NT 6.1; WOW64) AppleWebKit/537.36 (KHTML, like Gecko) Chrome/60.0.3112.90 Safari/537.36"
::1 - - [10/Oct/2017:13:40:31 +0000] "GET /home HTTP/1.1" 200 6865 "http://localhost:3000/home" "Mozilla/5.0 (Windows NT 6.1; WOW64) AppleWebKit/537.36 (KHTML, like Gecko) Chrome/60.0.3112.90 Safari/537.36"
::1 - - [10/Oct/2017:13:40:31 +0000] "GET /images/zixin.gif HTTP/1.1" 304 - "http://localhost:3000/home" "Mozilla/5.0 (Windows NT 6.1; WOW64) AppleWebKit/537.36 (KHTML, like Gecko) Chrome/60.0.3112.90 Safari/537.36"
::1 - - [10/Oct/2017:13:46:05 +0000] "GET / HTTP/1.1" 304 - "-" "Mozilla/5.0 (Windows NT 6.1; WOW64) AppleWebKit/537.36 (KHTML, like Gecko) Chrome/60.0.3112.90 Safari/537.36"
::1 - - [10/Oct/2017:13:46:05 +0000] "GET /favicon.ico HTTP/1.1" 404 906 "http://localhost:3000/" "Mozilla/5.0 (Windows NT 6.1; WOW64) AppleWebKit/537.36 (KHTML, like Gecko) Chrome/60.0.3112.90 Safari/537.36"
::1 - - [10/Oct/2017:13:46:07 +0000] "GET /login HTTP/1.1" 200 2394 "http://localhost:3000/" "Mozilla/5.0 (Windows NT 6.1; WOW64) AppleWebKit/537.36 (KHTML, like Gecko) Chrome/60.0.3112.90 Safari/537.36"
::1 - - [10/Oct/2017:13:46:18 +0000] "POST /login HTTP/1.1" 302 54 "http://localhost:3000/login" "Mozilla/5.0 (Windows NT 6.1; WOW64) AppleWebKit/537.36 (KHTML, like Gecko) Chrome/60.0.3112.90 Safari/537.36"
::1 - - [10/Oct/2017:13:46:18 +0000] "GET /home HTTP/1.1" 304 - "http://localhost:3000/login" "Mozilla/5.0 (Windows NT 6.1; WOW64) AppleWebKit/537.36 (KHTML, like Gecko) Chrome/60.0.3112.90 Safari/537.36"
::1 - - [10/Oct/2017:13:46:18 +0000] "GET /home HTTP/1.1" 304 - "http://localhost:3000/login" "Mozilla/5.0 (Windows NT 6.1; WOW64) AppleWebKit/537.36 (KHTML, like Gecko) Chrome/60.0.3112.90 Safari/537.36"
::1 - - [10/Oct/2017:13:46:18 +0000] "GET /images/zixin.gif HTTP/1.1" 304 - "http://localhost:3000/home" "Mozilla/5.0 (Windows NT 6.1; WOW64) AppleWebKit/537.36 (KHTML, like Gecko) Chrome/60.0.3112.90 Safari/537.36"
::1 - - [10/Oct/2017:13:46:56 +0000] "GET /home HTTP/1.1" 200 6890 "http://localhost:3000/login" "Mozilla/5.0 (Windows NT 6.1; WOW64) AppleWebKit/537.36 (KHTML, like Gecko) Chrome/60.0.3112.90 Safari/537.36"
::1 - - [10/Oct/2017:13:46:56 +0000] "GET /images/zixin.gif HTTP/1.1" 304 - "http://localhost:3000/home" "Mozilla/5.0 (Windows NT 6.1; WOW64) AppleWebKit/537.36 (KHTML, like Gecko) Chrome/60.0.3112.90 Safari/537.36"
::1 - - [10/Oct/2017:13:47:07 +0000] "GET /home HTTP/1.1" 200 6891 "http://localhost:3000/login" "Mozilla/5.0 (Windows NT 6.1; WOW64) AppleWebKit/537.36 (KHTML, like Gecko) Chrome/60.0.3112.90 Safari/537.36"
::1 - - [10/Oct/2017:13:47:07 +0000] "GET /images/zixin.gif HTTP/1.1" 304 - "http://localhost:3000/home" "Mozilla/5.0 (Windows NT 6.1; WOW64) AppleWebKit/537.36 (KHTML, like Gecko) Chrome/60.0.3112.90 Safari/537.36"
::1 - - [10/Oct/2017:13:48:50 +0000] "GET /home HTTP/1.1" 200 6890 "http://localhost:3000/login" "Mozilla/5.0 (Windows NT 6.1; WOW64) AppleWebKit/537.36 (KHTML, like Gecko) Chrome/60.0.3112.90 Safari/537.36"
::1 - - [10/Oct/2017:13:48:50 +0000] "GET /images/zixin.gif HTTP/1.1" 304 - "http://localhost:3000/home" "Mozilla/5.0 (Windows NT 6.1; WOW64) AppleWebKit/537.36 (KHTML, like Gecko) Chrome/60.0.3112.90 Safari/537.36"
::1 - - [10/Oct/2017:13:48:58 +0000] "GET /home HTTP/1.1" 304 - "http://localhost:3000/login" "Mozilla/5.0 (Windows NT 6.1; WOW64) AppleWebKit/537.36 (KHTML, like Gecko) Chrome/60.0.3112.90 Safari/537.36"
::1 - - [10/Oct/2017:13:48:58 +0000] "GET /images/zixin.gif HTTP/1.1" 304 - "http://localhost:3000/home" "Mozilla/5.0 (Windows NT 6.1; WOW64) AppleWebKit/537.36 (KHTML, like Gecko) Chrome/60.0.3112.90 Safari/537.36"
::1 - - [10/Oct/2017:13:49:45 +0000] "GET /home HTTP/1.1" 200 6890 "http://localhost:3000/login" "Mozilla/5.0 (Windows NT 6.1; WOW64) AppleWebKit/537.36 (KHTML, like Gecko) Chrome/60.0.3112.90 Safari/537.36"
::1 - - [10/Oct/2017:13:49:45 +0000] "GET /images/zixin.gif HTTP/1.1" 304 - "http://localhost:3000/home" "Mozilla/5.0 (Windows NT 6.1; WOW64) AppleWebKit/537.36 (KHTML, like Gecko) Chrome/60.0.3112.90 Safari/537.36"
::1 - - [10/Oct/2017:13:49:46 +0000] "GET /home HTTP/1.1" 304 - "http://localhost:3000/login" "Mozilla/5.0 (Windows NT 6.1; WOW64) AppleWebKit/537.36 (KHTML, like Gecko) Chrome/60.0.3112.90 Safari/537.36"
::1 - - [10/Oct/2017:13:49:46 +0000] "GET /images/zixin.gif HTTP/1.1" 304 - "http://localhost:3000/home" "Mozilla/5.0 (Windows NT 6.1; WOW64) AppleWebKit/537.36 (KHTML, like Gecko) Chrome/60.0.3112.90 Safari/537.36"
::1 - - [10/Oct/2017:13:53:57 +0000] "GET /home HTTP/1.1" 200 6890 "http://localhost:3000/login" "Mozilla/5.0 (Windows NT 6.1; WOW64) AppleWebKit/537.36 (KHTML, like Gecko) Chrome/60.0.3112.90 Safari/537.36"
::1 - - [10/Oct/2017:13:53:57 +0000] "GET /images/zixin.gif HTTP/1.1" 304 - "http://localhost:3000/home" "Mozilla/5.0 (Windows NT 6.1; WOW64) AppleWebKit/537.36 (KHTML, like Gecko) Chrome/60.0.3112.90 Safari/537.36"
::1 - - [10/Oct/2017:13:55:46 +0000] "GET /home HTTP/1.1" 200 6910 "http://localhost:3000/login" "Mozilla/5.0 (Windows NT 6.1; WOW64) AppleWebKit/537.36 (KHTML, like Gecko) Chrome/60.0.3112.90 Safari/537.36"
::1 - - [10/Oct/2017:13:55:46 +0000] "GET /images/zixin.gif HTTP/1.1" 304 - "http://localhost:3000/home" "Mozilla/5.0 (Windows NT 6.1; WOW64) AppleWebKit/537.36 (KHTML, like Gecko) Chrome/60.0.3112.90 Safari/537.36"
::1 - - [10/Oct/2017:13:56:20 +0000] "GET /home HTTP/1.1" 200 6910 "http://localhost:3000/login" "Mozilla/5.0 (Windows NT 6.1; WOW64) AppleWebKit/537.36 (KHTML, like Gecko) Chrome/60.0.3112.90 Safari/537.36"
::1 - - [10/Oct/2017:13:56:20 +0000] "GET /images/zixin.gif HTTP/1.1" 304 - "http://localhost:3000/home" "Mozilla/5.0 (Windows NT 6.1; WOW64) AppleWebKit/537.36 (KHTML, like Gecko) Chrome/60.0.3112.90 Safari/537.36"
::1 - - [10/Oct/2017:13:59:06 +0000] "GET /home HTTP/1.1" 304 - "http://localhost:3000/login" "Mozilla/5.0 (Windows NT 6.1; WOW64) AppleWebKit/537.36 (KHTML, like Gecko) Chrome/60.0.3112.90 Safari/537.36"
::1 - - [10/Oct/2017:13:59:07 +0000] "GET /images/zixin.gif HTTP/1.1" 304 - "http://localhost:3000/home" "Mozilla/5.0 (Windows NT 6.1; WOW64) AppleWebKit/537.36 (KHTML, like Gecko) Chrome/60.0.3112.90 Safari/537.36"
::1 - - [10/Oct/2017:14:03:57 +0000] "GET /home HTTP/1.1" 200 6910 "http://localhost:3000/login" "Mozilla/5.0 (Windows NT 6.1; WOW64) AppleWebKit/537.36 (KHTML, like Gecko) Chrome/60.0.3112.90 Safari/537.36"
::1 - - [10/Oct/2017:14:03:57 +0000] "GET /images/zixin.gif HTTP/1.1" 304 - "http://localhost:3000/home" "Mozilla/5.0 (Windows NT 6.1; WOW64) AppleWebKit/537.36 (KHTML, like Gecko) Chrome/60.0.3112.90 Safari/537.36"
::1 - - [10/Oct/2017:14:04:14 +0000] "GET /home HTTP/1.1" 200 6910 "http://localhost:3000/login" "Mozilla/5.0 (Windows NT 6.1; WOW64) AppleWebKit/537.36 (KHTML, like Gecko) Chrome/60.0.3112.90 Safari/537.36"
::1 - - [10/Oct/2017:14:04:14 +0000] "GET /images/zixin.gif HTTP/1.1" 304 - "http://localhost:3000/home" "Mozilla/5.0 (Windows NT 6.1; WOW64) AppleWebKit/537.36 (KHTML, like Gecko) Chrome/60.0.3112.90 Safari/537.36"
::1 - - [10/Oct/2017:14:04:45 +0000] "GET /home HTTP/1.1" 200 6926 "http://localhost:3000/login" "Mozilla/5.0 (Windows NT 6.1; WOW64) AppleWebKit/537.36 (KHTML, like Gecko) Chrome/60.0.3112.90 Safari/537.36"
::1 - - [10/Oct/2017:14:04:45 +0000] "GET /images/zixin.gif HTTP/1.1" 304 - "http://localhost:3000/home" "Mozilla/5.0 (Windows NT 6.1; WOW64) AppleWebKit/537.36 (KHTML, like Gecko) Chrome/60.0.3112.90 Safari/537.36"
::1 - - [10/Oct/2017:14:12:46 +0000] "GET /home HTTP/1.1" 304 - "http://localhost:3000/login" "Mozilla/5.0 (Windows NT 6.1; WOW64) AppleWebKit/537.36 (KHTML, like Gecko) Chrome/60.0.3112.90 Safari/537.36"
::1 - - [10/Oct/2017:14:12:46 +0000] "GET /images/zixin.gif HTTP/1.1" 304 - "http://localhost:3000/home" "Mozilla/5.0 (Windows NT 6.1; WOW64) AppleWebKit/537.36 (KHTML, like Gecko) Chrome/60.0.3112.90 Safari/537.36"
::1 - - [10/Oct/2017:14:13:14 +0000] "GET /home HTTP/1.1" 200 6928 "http://localhost:3000/login" "Mozilla/5.0 (Windows NT 6.1; WOW64) AppleWebKit/537.36 (KHTML, like Gecko) Chrome/60.0.3112.90 Safari/537.36"
::1 - - [10/Oct/2017:14:13:14 +0000] "GET /images/zixin.gif HTTP/1.1" 304 - "http://localhost:3000/home" "Mozilla/5.0 (Windows NT 6.1; WOW64) AppleWebKit/537.36 (KHTML, like Gecko) Chrome/60.0.3112.90 Safari/537.36"
::1 - - [10/Oct/2017:14:13:47 +0000] "GET /home HTTP/1.1" 200 6929 "http://localhost:3000/login" "Mozilla/5.0 (Windows NT 6.1; WOW64) AppleWebKit/537.36 (KHTML, like Gecko) Chrome/60.0.3112.90 Safari/537.36"
::1 - - [10/Oct/2017:14:13:47 +0000] "GET /images/zixin.gif HTTP/1.1" 304 - "http://localhost:3000/home" "Mozilla/5.0 (Windows NT 6.1; WOW64) AppleWebKit/537.36 (KHTML, like Gecko) Chrome/60.0.3112.90 Safari/537.36"
::1 - - [10/Oct/2017:14:14:06 +0000] "GET /home HTTP/1.1" 304 - "http://localhost:3000/login" "Mozilla/5.0 (Windows NT 6.1; WOW64) AppleWebKit/537.36 (KHTML, like Gecko) Chrome/60.0.3112.90 Safari/537.36"
::1 - - [10/Oct/2017:14:14:06 +0000] "GET /images/zixin.gif HTTP/1.1" 304 - "http://localhost:3000/home" "Mozilla/5.0 (Windows NT 6.1; WOW64) AppleWebKit/537.36 (KHTML, like Gecko) Chrome/60.0.3112.90 Safari/537.36"
::1 - - [10/Oct/2017:14:18:18 +0000] "GET /home HTTP/1.1" 200 5457 "http://localhost:3000/login" "Mozilla/5.0 (Windows NT 6.1; WOW64) AppleWebKit/537.36 (KHTML, like Gecko) Chrome/60.0.3112.90 Safari/537.36"
::1 - - [10/Oct/2017:14:18:18 +0000] "GET /images/zixin.gif HTTP/1.1" 304 - "http://localhost:3000/home" "Mozilla/5.0 (Windows NT 6.1; WOW64) AppleWebKit/537.36 (KHTML, like Gecko) Chrome/60.0.3112.90 Safari/537.36"
::1 - - [10/Oct/2017:14:21:21 +0000] "GET /home HTTP/1.1" 200 5461 "http://localhost:3000/login" "Mozilla/5.0 (Windows NT 6.1; WOW64) AppleWebKit/537.36 (KHTML, like Gecko) Chrome/60.0.3112.90 Safari/537.36"
::1 - - [10/Oct/2017:14:21:21 +0000] "GET /images/zixin.gif HTTP/1.1" 304 - "http://localhost:3000/home" "Mozilla/5.0 (Windows NT 6.1; WOW64) AppleWebKit/537.36 (KHTML, like Gecko) Chrome/60.0.3112.90 Safari/537.36"
::1 - - [10/Oct/2017:14:21:21 +0000] "GET /images/chongqing.jpg HTTP/1.1" 200 245339 "http://localhost:3000/home" "Mozilla/5.0 (Windows NT 6.1; WOW64) AppleWebKit/537.36 (KHTML, like Gecko) Chrome/60.0.3112.90 Safari/537.36"
::1 - - [10/Oct/2017:14:23:36 +0000] "GET /home HTTP/1.1" 200 5494 "http://localhost:3000/login" "Mozilla/5.0 (Windows NT 6.1; WOW64) AppleWebKit/537.36 (KHTML, like Gecko) Chrome/60.0.3112.90 Safari/537.36"
::1 - - [10/Oct/2017:14:23:36 +0000] "GET /images/zixin.gif HTTP/1.1" 304 - "http://localhost:3000/home" "Mozilla/5.0 (Windows NT 6.1; WOW64) AppleWebKit/537.36 (KHTML, like Gecko) Chrome/60.0.3112.90 Safari/537.36"
::1 - - [10/Oct/2017:14:23:36 +0000] "GET /images/chongqing.jpg HTTP/1.1" 304 - "http://localhost:3000/home" "Mozilla/5.0 (Windows NT 6.1; WOW64) AppleWebKit/537.36 (KHTML, like Gecko) Chrome/60.0.3112.90 Safari/537.36"
::1 - - [10/Oct/2017:14:25:12 +0000] "GET /home HTTP/1.1" 200 5496 "http://localhost:3000/login" "Mozilla/5.0 (Windows NT 6.1; WOW64) AppleWebKit/537.36 (KHTML, like Gecko) Chrome/60.0.3112.90 Safari/537.36"
::1 - - [10/Oct/2017:14:25:12 +0000] "GET /images/zixin.gif HTTP/1.1" 304 - "http://localhost:3000/home" "Mozilla/5.0 (Windows NT 6.1; WOW64) AppleWebKit/537.36 (KHTML, like Gecko) Chrome/60.0.3112.90 Safari/537.36"
::1 - - [10/Oct/2017:14:25:12 +0000] "GET /images/chongqing.jpg HTTP/1.1" 304 - "http://localhost:3000/home" "Mozilla/5.0 (Windows NT 6.1; WOW64) AppleWebKit/537.36 (KHTML, like Gecko) Chrome/60.0.3112.90 Safari/537.36"
::1 - - [10/Oct/2017:14:25:12 +0000] "GET /images/kaden2.jpg HTTP/1.1" 200 653874 "http://localhost:3000/home" "Mozilla/5.0 (Windows NT 6.1; WOW64) AppleWebKit/537.36 (KHTML, like Gecko) Chrome/60.0.3112.90 Safari/537.36"
::1 - - [10/Oct/2017:14:25:12 +0000] "GET /images/kaden1.jpg HTTP/1.1" 200 754738 "http://localhost:3000/home" "Mozilla/5.0 (Windows NT 6.1; WOW64) AppleWebKit/537.36 (KHTML, like Gecko) Chrome/60.0.3112.90 Safari/537.36"
::1 - - [10/Oct/2017:14:26:32 +0000] "GET /home HTTP/1.1" 200 5595 "http://localhost:3000/login" "Mozilla/5.0 (Windows NT 6.1; WOW64) AppleWebKit/537.36 (KHTML, like Gecko) Chrome/60.0.3112.90 Safari/537.36"
::1 - - [10/Oct/2017:14:26:32 +0000] "GET /images/zixin.gif HTTP/1.1" 304 - "http://localhost:3000/home" "Mozilla/5.0 (Windows NT 6.1; WOW64) AppleWebKit/537.36 (KHTML, like Gecko) Chrome/60.0.3112.90 Safari/537.36"
::1 - - [10/Oct/2017:14:26:32 +0000] "GET /images/kaden1.jpg HTTP/1.1" 304 - "http://localhost:3000/home" "Mozilla/5.0 (Windows NT 6.1; WOW64) AppleWebKit/537.36 (KHTML, like Gecko) Chrome/60.0.3112.90 Safari/537.36"
::1 - - [10/Oct/2017:14:26:32 +0000] "GET /images/kaden2.jpg HTTP/1.1" 304 - "http://localhost:3000/home" "Mozilla/5.0 (Windows NT 6.1; WOW64) AppleWebKit/537.36 (KHTML, like Gecko) Chrome/60.0.3112.90 Safari/537.36"
::1 - - [10/Oct/2017:14:26:32 +0000] "GET /images/chongqing.jpg HTTP/1.1" 304 - "http://localhost:3000/home" "Mozilla/5.0 (Windows NT 6.1; WOW64) AppleWebKit/537.36 (KHTML, like Gecko) Chrome/60.0.3112.90 Safari/537.36"
::1 - - [10/Oct/2017:14:32:23 +0000] "GET /home HTTP/1.1" 200 5592 "http://localhost:3000/login" "Mozilla/5.0 (Windows NT 6.1; WOW64) AppleWebKit/537.36 (KHTML, like Gecko) Chrome/60.0.3112.90 Safari/537.36"
::1 - - [10/Oct/2017:14:32:23 +0000] "GET /images/chongqing.jpg HTTP/1.1" 304 - "http://localhost:3000/home" "Mozilla/5.0 (Windows NT 6.1; WOW64) AppleWebKit/537.36 (KHTML, like Gecko) Chrome/60.0.3112.90 Safari/537.36"
::1 - - [10/Oct/2017:14:32:23 +0000] "GET /images/k3.jpg HTTP/1.1" 200 63582 "http://localhost:3000/home" "Mozilla/5.0 (Windows NT 6.1; WOW64) AppleWebKit/537.36 (KHTML, like Gecko) Chrome/60.0.3112.90 Safari/537.36"
::1 - - [10/Oct/2017:14:32:23 +0000] "GET /images/k1.jpg HTTP/1.1" 200 127760 "http://localhost:3000/home" "Mozilla/5.0 (Windows NT 6.1; WOW64) AppleWebKit/537.36 (KHTML, like Gecko) Chrome/60.0.3112.90 Safari/537.36"
::1 - - [10/Oct/2017:14:32:23 +0000] "GET /images/k2.jpg HTTP/1.1" 200 189637 "http://localhost:3000/home" "Mozilla/5.0 (Windows NT 6.1; WOW64) AppleWebKit/537.36 (KHTML, like Gecko) Chrome/60.0.3112.90 Safari/537.36"
::1 - - [10/Oct/2017:14:47:28 +0000] "GET /home HTTP/1.1" 200 5615 "http://localhost:3000/login" "Mozilla/5.0 (Windows NT 6.1; WOW64) AppleWebKit/537.36 (KHTML, like Gecko) Chrome/60.0.3112.90 Safari/537.36"
::1 - - [10/Oct/2017:14:47:28 +0000] "GET /images/k3.jpg HTTP/1.1" 304 - "http://localhost:3000/home" "Mozilla/5.0 (Windows NT 6.1; WOW64) AppleWebKit/537.36 (KHTML, like Gecko) Chrome/60.0.3112.90 Safari/537.36"
::1 - - [10/Oct/2017:14:47:28 +0000] "GET /images/k1.jpg HTTP/1.1" 304 - "http://localhost:3000/home" "Mozilla/5.0 (Windows NT 6.1; WOW64) AppleWebKit/537.36 (KHTML, like Gecko) Chrome/60.0.3112.90 Safari/537.36"
::1 - - [10/Oct/2017:14:47:28 +0000] "GET /images/k2.jpg HTTP/1.1" 304 - "http://localhost:3000/home" "Mozilla/5.0 (Windows NT 6.1; WOW64) AppleWebKit/537.36 (KHTML, like Gecko) Chrome/60.0.3112.90 Safari/537.36"
::1 - - [10/Oct/2017:14:47:28 +0000] "GET /images/chongqing.jpg HTTP/1.1" 304 - "http://localhost:3000/home" "Mozilla/5.0 (Windows NT 6.1; WOW64) AppleWebKit/537.36 (KHTML, like Gecko) Chrome/60.0.3112.90 Safari/537.36"
::1 - - [10/Oct/2017:15:01:17 +0000] "GET /home HTTP/1.1" 200 5615 "http://localhost:3000/login" "Mozilla/5.0 (Windows NT 6.1; WOW64) AppleWebKit/537.36 (KHTML, like Gecko) Chrome/60.0.3112.90 Safari/537.36"
::1 - - [10/Oct/2017:15:01:17 +0000] "GET /images/k3.jpg HTTP/1.1" 304 - "http://localhost:3000/home" "Mozilla/5.0 (Windows NT 6.1; WOW64) AppleWebKit/537.36 (KHTML, like Gecko) Chrome/60.0.3112.90 Safari/537.36"
::1 - - [10/Oct/2017:15:01:17 +0000] "GET /images/k1.jpg HTTP/1.1" 304 - "http://localhost:3000/home" "Mozilla/5.0 (Windows NT 6.1; WOW64) AppleWebKit/537.36 (KHTML, like Gecko) Chrome/60.0.3112.90 Safari/537.36"
::1 - - [10/Oct/2017:15:01:17 +0000] "GET /images/k2.jpg HTTP/1.1" 304 - "http://localhost:3000/home" "Mozilla/5.0 (Windows NT 6.1; WOW64) AppleWebKit/537.36 (KHTML, like Gecko) Chrome/60.0.3112.90 Safari/537.36"
::1 - - [10/Oct/2017:15:01:17 +0000] "GET /images/chongqing.jpg HTTP/1.1" 304 - "http://localhost:3000/home" "Mozilla/5.0 (Windows NT 6.1; WOW64) AppleWebKit/537.36 (KHTML, like Gecko) Chrome/60.0.3112.90 Safari/537.36"
::1 - - [10/Oct/2017:15:03:01 +0000] "GET /home HTTP/1.1" 200 5519 "http://localhost:3000/login" "Mozilla/5.0 (Windows NT 6.1; WOW64) AppleWebKit/537.36 (KHTML, like Gecko) Chrome/60.0.3112.90 Safari/537.36"
::1 - - [10/Oct/2017:15:03:01 +0000] "GET /images/k3.jpg HTTP/1.1" 304 - "http://localhost:3000/home" "Mozilla/5.0 (Windows NT 6.1; WOW64) AppleWebKit/537.36 (KHTML, like Gecko) Chrome/60.0.3112.90 Safari/537.36"
::1 - - [10/Oct/2017:15:03:01 +0000] "GET /images/k1.jpg HTTP/1.1" 304 - "http://localhost:3000/home" "Mozilla/5.0 (Windows NT 6.1; WOW64) AppleWebKit/537.36 (KHTML, like Gecko) Chrome/60.0.3112.90 Safari/537.36"
::1 - - [10/Oct/2017:15:03:01 +0000] "GET /images/k2.jpg HTTP/1.1" 304 - "http://localhost:3000/home" "Mozilla/5.0 (Windows NT 6.1; WOW64) AppleWebKit/537.36 (KHTML, like Gecko) Chrome/60.0.3112.90 Safari/537.36"
::1 - - [10/Oct/2017:15:03:01 +0000] "GET /images/chongqing.jpg HTTP/1.1" 304 - "http://localhost:3000/home" "Mozilla/5.0 (Windows NT 6.1; WOW64) AppleWebKit/537.36 (KHTML, like Gecko) Chrome/60.0.3112.90 Safari/537.36"
