::1 - - [11/Oct/2017:01:26:50 +0000] "GET / HTTP/1.1" 304 - "-" "Mozilla/5.0 (Windows NT 6.1; WOW64) AppleWebKit/537.36 (KHTML, like Gecko) Chrome/60.0.3112.90 Safari/537.36"
::1 - - [11/Oct/2017:01:26:51 +0000] "GET /favicon.ico HTTP/1.1" 404 906 "http://localhost:3000/" "Mozilla/5.0 (Windows NT 6.1; WOW64) AppleWebKit/537.36 (KHTML, like Gecko) Chrome/60.0.3112.90 Safari/537.36"
::1 - - [11/Oct/2017:01:26:54 +0000] "GET /login HTTP/1.1" 200 2394 "http://localhost:3000/" "Mozilla/5.0 (Windows NT 6.1; WOW64) AppleWebKit/537.36 (KHTML, like Gecko) Chrome/60.0.3112.90 Safari/537.36"
::1 - - [11/Oct/2017:01:27:01 +0000] "POST /login HTTP/1.1" 302 54 "http://localhost:3000/login" "Mozilla/5.0 (Windows NT 6.1; WOW64) AppleWebKit/537.36 (KHTML, like Gecko) Chrome/60.0.3112.90 Safari/537.36"
::1 - - [11/Oct/2017:01:27:01 +0000] "GET /home HTTP/1.1" 304 - "http://localhost:3000/login" "Mozilla/5.0 (Windows NT 6.1; WOW64) AppleWebKit/537.36 (KHTML, like Gecko) Chrome/60.0.3112.90 Safari/537.36"
::1 - - [11/Oct/2017:01:27:01 +0000] "GET /images/k3.jpg HTTP/1.1" 304 - "http://localhost:3000/home" "Mozilla/5.0 (Windows NT 6.1; WOW64) AppleWebKit/537.36 (KHTML, like Gecko) Chrome/60.0.3112.90 Safari/537.36"
::1 - - [11/Oct/2017:01:27:01 +0000] "GET /images/k1.jpg HTTP/1.1" 304 - "http://localhost:3000/home" "Mozilla/5.0 (Windows NT 6.1; WOW64) AppleWebKit/537.36 (KHTML, like Gecko) Chrome/60.0.3112.90 Safari/537.36"
::1 - - [11/Oct/2017:01:27:01 +0000] "GET /images/k2.jpg HTTP/1.1" 304 - "http://localhost:3000/home" "Mozilla/5.0 (Windows NT 6.1; WOW64) AppleWebKit/537.36 (KHTML, like Gecko) Chrome/60.0.3112.90 Safari/537.36"
::1 - - [11/Oct/2017:01:27:01 +0000] "GET /images/chongqing.jpg HTTP/1.1" 304 - "http://localhost:3000/home" "Mozilla/5.0 (Windows NT 6.1; WOW64) AppleWebKit/537.36 (KHTML, like Gecko) Chrome/60.0.3112.90 Safari/537.36"
::1 - - [11/Oct/2017:01:37:19 +0000] "GET /home HTTP/1.1" 200 5519 "http://localhost:3000/login" "Mozilla/5.0 (Windows NT 6.1; WOW64) AppleWebKit/537.36 (KHTML, like Gecko) Chrome/60.0.3112.90 Safari/537.36"
::1 - - [11/Oct/2017:01:37:19 +0000] "GET /images/k3.jpg HTTP/1.1" 304 - "http://localhost:3000/home" "Mozilla/5.0 (Windows NT 6.1; WOW64) AppleWebKit/537.36 (KHTML, like Gecko) Chrome/60.0.3112.90 Safari/537.36"
::1 - - [11/Oct/2017:01:37:19 +0000] "GET /images/k1.jpg HTTP/1.1" 304 - "http://localhost:3000/home" "Mozilla/5.0 (Windows NT 6.1; WOW64) AppleWebKit/537.36 (KHTML, like Gecko) Chrome/60.0.3112.90 Safari/537.36"
::1 - - [11/Oct/2017:01:37:19 +0000] "GET /images/k2.jpg HTTP/1.1" 304 - "http://localhost:3000/home" "Mozilla/5.0 (Windows NT 6.1; WOW64) AppleWebKit/537.36 (KHTML, like Gecko) Chrome/60.0.3112.90 Safari/537.36"
::1 - - [11/Oct/2017:01:37:19 +0000] "GET /images/chongqing.jpg HTTP/1.1" 304 - "http://localhost:3000/home" "Mozilla/5.0 (Windows NT 6.1; WOW64) AppleWebKit/537.36 (KHTML, like Gecko) Chrome/60.0.3112.90 Safari/537.36"
::1 - - [11/Oct/2017:01:38:16 +0000] "GET /home HTTP/1.1" 200 5538 "http://localhost:3000/login" "Mozilla/5.0 (Windows NT 6.1; WOW64) AppleWebKit/537.36 (KHTML, like Gecko) Chrome/60.0.3112.90 Safari/537.36"
::1 - - [11/Oct/2017:01:38:16 +0000] "GET /images/k3.jpg HTTP/1.1" 304 - "http://localhost:3000/home" "Mozilla/5.0 (Windows NT 6.1; WOW64) AppleWebKit/537.36 (KHTML, like Gecko) Chrome/60.0.3112.90 Safari/537.36"
::1 - - [11/Oct/2017:01:38:16 +0000] "GET /images/k1.jpg HTTP/1.1" 304 - "http://localhost:3000/home" "Mozilla/5.0 (Windows NT 6.1; WOW64) AppleWebKit/537.36 (KHTML, like Gecko) Chrome/60.0.3112.90 Safari/537.36"
::1 - - [11/Oct/2017:01:38:16 +0000] "GET /images/k2.jpg HTTP/1.1" 304 - "http://localhost:3000/home" "Mozilla/5.0 (Windows NT 6.1; WOW64) AppleWebKit/537.36 (KHTML, like Gecko) Chrome/60.0.3112.90 Safari/537.36"
::1 - - [11/Oct/2017:01:38:16 +0000] "GET /images/chongqing.jpg HTTP/1.1" 304 - "http://localhost:3000/home" "Mozilla/5.0 (Windows NT 6.1; WOW64) AppleWebKit/537.36 (KHTML, like Gecko) Chrome/60.0.3112.90 Safari/537.36"
::1 - - [11/Oct/2017:01:39:22 +0000] "GET /home HTTP/1.1" 304 - "http://localhost:3000/login" "Mozilla/5.0 (Windows NT 6.1; WOW64) AppleWebKit/537.36 (KHTML, like Gecko) Chrome/60.0.3112.90 Safari/537.36"
::1 - - [11/Oct/2017:01:39:22 +0000] "GET /images/k3.jpg HTTP/1.1" 304 - "http://localhost:3000/home" "Mozilla/5.0 (Windows NT 6.1; WOW64) AppleWebKit/537.36 (KHTML, like Gecko) Chrome/60.0.3112.90 Safari/537.36"
::1 - - [11/Oct/2017:01:39:22 +0000] "GET /images/k1.jpg HTTP/1.1" 304 - "http://localhost:3000/home" "Mozilla/5.0 (Windows NT 6.1; WOW64) AppleWebKit/537.36 (KHTML, like Gecko) Chrome/60.0.3112.90 Safari/537.36"
::1 - - [11/Oct/2017:01:39:22 +0000] "GET /images/k2.jpg HTTP/1.1" 304 - "http://localhost:3000/home" "Mozilla/5.0 (Windows NT 6.1; WOW64) AppleWebKit/537.36 (KHTML, like Gecko) Chrome/60.0.3112.90 Safari/537.36"
::1 - - [11/Oct/2017:01:39:22 +0000] "GET /images/chongqing.jpg HTTP/1.1" 304 - "http://localhost:3000/home" "Mozilla/5.0 (Windows NT 6.1; WOW64) AppleWebKit/537.36 (KHTML, like Gecko) Chrome/60.0.3112.90 Safari/537.36"
::1 - - [11/Oct/2017:01:48:32 +0000] "GET /home HTTP/1.1" 304 - "http://localhost:3000/login" "Mozilla/5.0 (Windows NT 6.1; WOW64) AppleWebKit/537.36 (KHTML, like Gecko) Chrome/60.0.3112.90 Safari/537.36"
::1 - - [11/Oct/2017:01:48:32 +0000] "GET /images/k3.jpg HTTP/1.1" 304 - "http://localhost:3000/home" "Mozilla/5.0 (Windows NT 6.1; WOW64) AppleWebKit/537.36 (KHTML, like Gecko) Chrome/60.0.3112.90 Safari/537.36"
::1 - - [11/Oct/2017:01:48:32 +0000] "GET /images/k1.jpg HTTP/1.1" 304 - "http://localhost:3000/home" "Mozilla/5.0 (Windows NT 6.1; WOW64) AppleWebKit/537.36 (KHTML, like Gecko) Chrome/60.0.3112.90 Safari/537.36"
::1 - - [11/Oct/2017:01:48:32 +0000] "GET /images/k2.jpg HTTP/1.1" 304 - "http://localhost:3000/home" "Mozilla/5.0 (Windows NT 6.1; WOW64) AppleWebKit/537.36 (KHTML, like Gecko) Chrome/60.0.3112.90 Safari/537.36"
::1 - - [11/Oct/2017:01:48:32 +0000] "GET /images/chongqing.jpg HTTP/1.1" 304 - "http://localhost:3000/home" "Mozilla/5.0 (Windows NT 6.1; WOW64) AppleWebKit/537.36 (KHTML, like Gecko) Chrome/60.0.3112.90 Safari/537.36"
::1 - - [11/Oct/2017:01:50:31 +0000] "GET /home HTTP/1.1" 200 5538 "http://localhost:3000/login" "Mozilla/5.0 (Windows NT 6.1; WOW64) AppleWebKit/537.36 (KHTML, like Gecko) Chrome/60.0.3112.90 Safari/537.36"
::1 - - [11/Oct/2017:01:50:31 +0000] "GET /images/k3.jpg HTTP/1.1" 304 - "http://localhost:3000/home" "Mozilla/5.0 (Windows NT 6.1; WOW64) AppleWebKit/537.36 (KHTML, like Gecko) Chrome/60.0.3112.90 Safari/537.36"
::1 - - [11/Oct/2017:01:50:31 +0000] "GET /images/k1.jpg HTTP/1.1" 304 - "http://localhost:3000/home" "Mozilla/5.0 (Windows NT 6.1; WOW64) AppleWebKit/537.36 (KHTML, like Gecko) Chrome/60.0.3112.90 Safari/537.36"
::1 - - [11/Oct/2017:01:50:31 +0000] "GET /images/k2.jpg HTTP/1.1" 304 - "http://localhost:3000/home" "Mozilla/5.0 (Windows NT 6.1; WOW64) AppleWebKit/537.36 (KHTML, like Gecko) Chrome/60.0.3112.90 Safari/537.36"
::1 - - [11/Oct/2017:01:50:31 +0000] "GET /images/chongqing.jpg HTTP/1.1" 304 - "http://localhost:3000/home" "Mozilla/5.0 (Windows NT 6.1; WOW64) AppleWebKit/537.36 (KHTML, like Gecko) Chrome/60.0.3112.90 Safari/537.36"
::1 - - [11/Oct/2017:01:51:46 +0000] "GET /home HTTP/1.1" 200 5538 "http://localhost:3000/login" "Mozilla/5.0 (Windows NT 6.1; WOW64) AppleWebKit/537.36 (KHTML, like Gecko) Chrome/60.0.3112.90 Safari/537.36"
::1 - - [11/Oct/2017:01:51:46 +0000] "GET /images/k3.jpg HTTP/1.1" 304 - "http://localhost:3000/home" "Mozilla/5.0 (Windows NT 6.1; WOW64) AppleWebKit/537.36 (KHTML, like Gecko) Chrome/60.0.3112.90 Safari/537.36"
::1 - - [11/Oct/2017:01:51:46 +0000] "GET /images/k2.jpg HTTP/1.1" 304 - "http://localhost:3000/home" "Mozilla/5.0 (Windows NT 6.1; WOW64) AppleWebKit/537.36 (KHTML, like Gecko) Chrome/60.0.3112.90 Safari/537.36"
::1 - - [11/Oct/2017:01:51:46 +0000] "GET /images/chongqing.jpg HTTP/1.1" 304 - "http://localhost:3000/home" "Mozilla/5.0 (Windows NT 6.1; WOW64) AppleWebKit/537.36 (KHTML, like Gecko) Chrome/60.0.3112.90 Safari/537.36"
::1 - - [11/Oct/2017:01:51:46 +0000] "GET /images/k1.jpg HTTP/1.1" 304 - "http://localhost:3000/home" "Mozilla/5.0 (Windows NT 6.1; WOW64) AppleWebKit/537.36 (KHTML, like Gecko) Chrome/60.0.3112.90 Safari/537.36"
::1 - - [11/Oct/2017:01:51:56 +0000] "GET /home HTTP/1.1" 200 5540 "http://localhost:3000/login" "Mozilla/5.0 (Windows NT 6.1; WOW64) AppleWebKit/537.36 (KHTML, like Gecko) Chrome/60.0.3112.90 Safari/537.36"
::1 - - [11/Oct/2017:01:51:56 +0000] "GET /images/k3.jpg HTTP/1.1" 304 - "http://localhost:3000/home" "Mozilla/5.0 (Windows NT 6.1; WOW64) AppleWebKit/537.36 (KHTML, like Gecko) Chrome/60.0.3112.90 Safari/537.36"
::1 - - [11/Oct/2017:01:51:56 +0000] "GET /images/k1.jpg HTTP/1.1" 304 - "http://localhost:3000/home" "Mozilla/5.0 (Windows NT 6.1; WOW64) AppleWebKit/537.36 (KHTML, like Gecko) Chrome/60.0.3112.90 Safari/537.36"
::1 - - [11/Oct/2017:01:51:56 +0000] "GET /images/k2.jpg HTTP/1.1" 304 - "http://localhost:3000/home" "Mozilla/5.0 (Windows NT 6.1; WOW64) AppleWebKit/537.36 (KHTML, like Gecko) Chrome/60.0.3112.90 Safari/537.36"
::1 - - [11/Oct/2017:01:51:56 +0000] "GET /images/chongqing.jpg HTTP/1.1" 304 - "http://localhost:3000/home" "Mozilla/5.0 (Windows NT 6.1; WOW64) AppleWebKit/537.36 (KHTML, like Gecko) Chrome/60.0.3112.90 Safari/537.36"
::1 - - [11/Oct/2017:01:52:38 +0000] "GET / HTTP/1.1" 304 - "-" "Mozilla/5.0 (Windows NT 6.1; WOW64) AppleWebKit/537.36 (KHTML, like Gecko) Chrome/60.0.3112.90 Safari/537.36"
::1 - - [11/Oct/2017:01:52:39 +0000] "GET /login HTTP/1.1" 200 2394 "http://localhost:3000/" "Mozilla/5.0 (Windows NT 6.1; WOW64) AppleWebKit/537.36 (KHTML, like Gecko) Chrome/60.0.3112.90 Safari/537.36"
::1 - - [11/Oct/2017:01:52:45 +0000] "POST /login HTTP/1.1" 302 56 "http://localhost:3000/login" "Mozilla/5.0 (Windows NT 6.1; WOW64) AppleWebKit/537.36 (KHTML, like Gecko) Chrome/60.0.3112.90 Safari/537.36"
::1 - - [11/Oct/2017:01:52:45 +0000] "GET /login HTTP/1.1" 200 2394 "http://localhost:3000/login" "Mozilla/5.0 (Windows NT 6.1; WOW64) AppleWebKit/537.36 (KHTML, like Gecko) Chrome/60.0.3112.90 Safari/537.36"
::1 - - [11/Oct/2017:01:53:23 +0000] "GET /login HTTP/1.1" 304 - "http://localhost:3000/login" "Mozilla/5.0 (Windows NT 6.1; WOW64) AppleWebKit/537.36 (KHTML, like Gecko) Chrome/60.0.3112.90 Safari/537.36"
::1 - - [11/Oct/2017:01:53:30 +0000] "POST /login HTTP/1.1" 302 56 "http://localhost:3000/login" "Mozilla/5.0 (Windows NT 6.1; WOW64) AppleWebKit/537.36 (KHTML, like Gecko) Chrome/60.0.3112.90 Safari/537.36"
::1 - - [11/Oct/2017:01:53:30 +0000] "GET /login HTTP/1.1" 200 2394 "http://localhost:3000/login" "Mozilla/5.0 (Windows NT 6.1; WOW64) AppleWebKit/537.36 (KHTML, like Gecko) Chrome/60.0.3112.90 Safari/537.36"
::1 - - [11/Oct/2017:01:53:38 +0000] "POST /login HTTP/1.1" 302 54 "http://localhost:3000/login" "Mozilla/5.0 (Windows NT 6.1; WOW64) AppleWebKit/537.36 (KHTML, like Gecko) Chrome/60.0.3112.90 Safari/537.36"
::1 - - [11/Oct/2017:01:53:38 +0000] "GET /home HTTP/1.1" 304 - "http://localhost:3000/login" "Mozilla/5.0 (Windows NT 6.1; WOW64) AppleWebKit/537.36 (KHTML, like Gecko) Chrome/60.0.3112.90 Safari/537.36"
::1 - - [11/Oct/2017:01:53:38 +0000] "GET /images/k3.jpg HTTP/1.1" 304 - "http://localhost:3000/home" "Mozilla/5.0 (Windows NT 6.1; WOW64) AppleWebKit/537.36 (KHTML, like Gecko) Chrome/60.0.3112.90 Safari/537.36"
::1 - - [11/Oct/2017:01:53:38 +0000] "GET /images/k1.jpg HTTP/1.1" 304 - "http://localhost:3000/home" "Mozilla/5.0 (Windows NT 6.1; WOW64) AppleWebKit/537.36 (KHTML, like Gecko) Chrome/60.0.3112.90 Safari/537.36"
::1 - - [11/Oct/2017:01:53:38 +0000] "GET /images/k2.jpg HTTP/1.1" 304 - "http://localhost:3000/home" "Mozilla/5.0 (Windows NT 6.1; WOW64) AppleWebKit/537.36 (KHTML, like Gecko) Chrome/60.0.3112.90 Safari/537.36"
::1 - - [11/Oct/2017:01:53:38 +0000] "GET /images/chongqing.jpg HTTP/1.1" 304 - "http://localhost:3000/home" "Mozilla/5.0 (Windows NT 6.1; WOW64) AppleWebKit/537.36 (KHTML, like Gecko) Chrome/60.0.3112.90 Safari/537.36"
::1 - - [11/Oct/2017:01:55:44 +0000] "GET /home HTTP/1.1" 304 - "http://localhost:3000/login" "Mozilla/5.0 (Windows NT 6.1; WOW64) AppleWebKit/537.36 (KHTML, like Gecko) Chrome/60.0.3112.90 Safari/537.36"
::1 - - [11/Oct/2017:01:55:44 +0000] "GET /images/k3.jpg HTTP/1.1" 304 - "http://localhost:3000/home" "Mozilla/5.0 (Windows NT 6.1; WOW64) AppleWebKit/537.36 (KHTML, like Gecko) Chrome/60.0.3112.90 Safari/537.36"
::1 - - [11/Oct/2017:01:55:44 +0000] "GET /images/k1.jpg HTTP/1.1" 304 - "http://localhost:3000/home" "Mozilla/5.0 (Windows NT 6.1; WOW64) AppleWebKit/537.36 (KHTML, like Gecko) Chrome/60.0.3112.90 Safari/537.36"
::1 - - [11/Oct/2017:01:55:44 +0000] "GET /images/k2.jpg HTTP/1.1" 304 - "http://localhost:3000/home" "Mozilla/5.0 (Windows NT 6.1; WOW64) AppleWebKit/537.36 (KHTML, like Gecko) Chrome/60.0.3112.90 Safari/537.36"
::1 - - [11/Oct/2017:01:55:44 +0000] "GET /images/chongqing.jpg HTTP/1.1" 304 - "http://localhost:3000/home" "Mozilla/5.0 (Windows NT 6.1; WOW64) AppleWebKit/537.36 (KHTML, like Gecko) Chrome/60.0.3112.90 Safari/537.36"
::1 - - [11/Oct/2017:01:55:45 +0000] "GET /home HTTP/1.1" 304 - "http://localhost:3000/login" "Mozilla/5.0 (Windows NT 6.1; WOW64) AppleWebKit/537.36 (KHTML, like Gecko) Chrome/60.0.3112.90 Safari/537.36"
::1 - - [11/Oct/2017:01:55:45 +0000] "GET /images/k3.jpg HTTP/1.1" 304 - "http://localhost:3000/home" "Mozilla/5.0 (Windows NT 6.1; WOW64) AppleWebKit/537.36 (KHTML, like Gecko) Chrome/60.0.3112.90 Safari/537.36"
::1 - - [11/Oct/2017:01:55:45 +0000] "GET /images/k1.jpg HTTP/1.1" 304 - "http://localhost:3000/home" "Mozilla/5.0 (Windows NT 6.1; WOW64) AppleWebKit/537.36 (KHTML, like Gecko) Chrome/60.0.3112.90 Safari/537.36"
::1 - - [11/Oct/2017:01:55:45 +0000] "GET /images/k2.jpg HTTP/1.1" 304 - "http://localhost:3000/home" "Mozilla/5.0 (Windows NT 6.1; WOW64) AppleWebKit/537.36 (KHTML, like Gecko) Chrome/60.0.3112.90 Safari/537.36"
::1 - - [11/Oct/2017:01:55:45 +0000] "GET /images/chongqing.jpg HTTP/1.1" 304 - "http://localhost:3000/home" "Mozilla/5.0 (Windows NT 6.1; WOW64) AppleWebKit/537.36 (KHTML, like Gecko) Chrome/60.0.3112.90 Safari/537.36"
::1 - - [11/Oct/2017:01:55:47 +0000] "GET /login HTTP/1.1" 200 2394 "http://localhost:3000/login" "Mozilla/5.0 (Windows NT 6.1; WOW64) AppleWebKit/537.36 (KHTML, like Gecko) Chrome/60.0.3112.90 Safari/537.36"
::1 - - [11/Oct/2017:01:55:54 +0000] "GET / HTTP/1.1" 304 - "-" "Mozilla/5.0 (Windows NT 6.1; WOW64) AppleWebKit/537.36 (KHTML, like Gecko) Chrome/60.0.3112.90 Safari/537.36"
::1 - - [11/Oct/2017:01:55:55 +0000] "GET / HTTP/1.1" 304 - "-" "Mozilla/5.0 (Windows NT 6.1; WOW64) AppleWebKit/537.36 (KHTML, like Gecko) Chrome/60.0.3112.90 Safari/537.36"
::1 - - [11/Oct/2017:01:55:56 +0000] "GET /login HTTP/1.1" 304 - "http://localhost:3000/" "Mozilla/5.0 (Windows NT 6.1; WOW64) AppleWebKit/537.36 (KHTML, like Gecko) Chrome/60.0.3112.90 Safari/537.36"
::1 - - [11/Oct/2017:01:56:02 +0000] "POST /login HTTP/1.1" 302 56 "http://localhost:3000/login" "Mozilla/5.0 (Windows NT 6.1; WOW64) AppleWebKit/537.36 (KHTML, like Gecko) Chrome/60.0.3112.90 Safari/537.36"
::1 - - [11/Oct/2017:01:56:02 +0000] "GET /login HTTP/1.1" 200 2394 "http://localhost:3000/login" "Mozilla/5.0 (Windows NT 6.1; WOW64) AppleWebKit/537.36 (KHTML, like Gecko) Chrome/60.0.3112.90 Safari/537.36"
::1 - - [11/Oct/2017:01:57:03 +0000] "GET / HTTP/1.1" 304 - "-" "Mozilla/5.0 (Windows NT 6.1; WOW64) AppleWebKit/537.36 (KHTML, like Gecko) Chrome/60.0.3112.90 Safari/537.36"
::1 - - [11/Oct/2017:01:57:09 +0000] "GET / HTTP/1.1" 304 - "-" "Mozilla/5.0 (Windows NT 6.1; WOW64) AppleWebKit/537.36 (KHTML, like Gecko) Chrome/60.0.3112.90 Safari/537.36"
::1 - - [11/Oct/2017:01:57:11 +0000] "GET /login HTTP/1.1" 304 - "http://localhost:3000/" "Mozilla/5.0 (Windows NT 6.1; WOW64) AppleWebKit/537.36 (KHTML, like Gecko) Chrome/60.0.3112.90 Safari/537.36"
::1 - - [11/Oct/2017:01:57:32 +0000] "GET / HTTP/1.1" 304 - "-" "Mozilla/5.0 (Windows NT 6.1; WOW64) AppleWebKit/537.36 (KHTML, like Gecko) Chrome/60.0.3112.90 Safari/537.36"
::1 - - [11/Oct/2017:01:57:34 +0000] "GET /login HTTP/1.1" 304 - "http://localhost:3000/" "Mozilla/5.0 (Windows NT 6.1; WOW64) AppleWebKit/537.36 (KHTML, like Gecko) Chrome/60.0.3112.90 Safari/537.36"
::1 - - [11/Oct/2017:01:57:42 +0000] "POST /login HTTP/1.1" 302 54 "http://localhost:3000/login" "Mozilla/5.0 (Windows NT 6.1; WOW64) AppleWebKit/537.36 (KHTML, like Gecko) Chrome/60.0.3112.90 Safari/537.36"
::1 - - [11/Oct/2017:01:57:42 +0000] "GET /home HTTP/1.1" 200 5540 "http://localhost:3000/login" "Mozilla/5.0 (Windows NT 6.1; WOW64) AppleWebKit/537.36 (KHTML, like Gecko) Chrome/60.0.3112.90 Safari/537.36"
::1 - - [11/Oct/2017:01:57:42 +0000] "GET /images/k3.jpg HTTP/1.1" 304 - "http://localhost:3000/home" "Mozilla/5.0 (Windows NT 6.1; WOW64) AppleWebKit/537.36 (KHTML, like Gecko) Chrome/60.0.3112.90 Safari/537.36"
::1 - - [11/Oct/2017:01:57:42 +0000] "GET /images/k1.jpg HTTP/1.1" 304 - "http://localhost:3000/home" "Mozilla/5.0 (Windows NT 6.1; WOW64) AppleWebKit/537.36 (KHTML, like Gecko) Chrome/60.0.3112.90 Safari/537.36"
::1 - - [11/Oct/2017:01:57:42 +0000] "GET /images/k2.jpg HTTP/1.1" 304 - "http://localhost:3000/home" "Mozilla/5.0 (Windows NT 6.1; WOW64) AppleWebKit/537.36 (KHTML, like Gecko) Chrome/60.0.3112.90 Safari/537.36"
::1 - - [11/Oct/2017:01:57:42 +0000] "GET /images/chongqing.jpg HTTP/1.1" 304 - "http://localhost:3000/home" "Mozilla/5.0 (Windows NT 6.1; WOW64) AppleWebKit/537.36 (KHTML, like Gecko) Chrome/60.0.3112.90 Safari/537.36"
::1 - - [11/Oct/2017:01:59:20 +0000] "GET /home HTTP/1.1" 200 5535 "http://localhost:3000/login" "Mozilla/5.0 (Windows NT 6.1; WOW64) AppleWebKit/537.36 (KHTML, like Gecko) Chrome/60.0.3112.90 Safari/537.36"
::1 - - [11/Oct/2017:01:59:20 +0000] "GET /images/k3.jpg HTTP/1.1" 304 - "http://localhost:3000/home" "Mozilla/5.0 (Windows NT 6.1; WOW64) AppleWebKit/537.36 (KHTML, like Gecko) Chrome/60.0.3112.90 Safari/537.36"
::1 - - [11/Oct/2017:01:59:20 +0000] "GET /images/k1.jpg HTTP/1.1" 304 - "http://localhost:3000/home" "Mozilla/5.0 (Windows NT 6.1; WOW64) AppleWebKit/537.36 (KHTML, like Gecko) Chrome/60.0.3112.90 Safari/537.36"
::1 - - [11/Oct/2017:01:59:20 +0000] "GET /images/k2.jpg HTTP/1.1" 304 - "http://localhost:3000/home" "Mozilla/5.0 (Windows NT 6.1; WOW64) AppleWebKit/537.36 (KHTML, like Gecko) Chrome/60.0.3112.90 Safari/537.36"
::1 - - [11/Oct/2017:01:59:20 +0000] "GET /images/chongqing.jpg HTTP/1.1" 304 - "http://localhost:3000/home" "Mozilla/5.0 (Windows NT 6.1; WOW64) AppleWebKit/537.36 (KHTML, like Gecko) Chrome/60.0.3112.90 Safari/537.36"
::1 - - [11/Oct/2017:01:59:21 +0000] "GET /home HTTP/1.1" 304 - "http://localhost:3000/login" "Mozilla/5.0 (Windows NT 6.1; WOW64) AppleWebKit/537.36 (KHTML, like Gecko) Chrome/60.0.3112.90 Safari/537.36"
::1 - - [11/Oct/2017:01:59:21 +0000] "GET /images/k3.jpg HTTP/1.1" 304 - "http://localhost:3000/home" "Mozilla/5.0 (Windows NT 6.1; WOW64) AppleWebKit/537.36 (KHTML, like Gecko) Chrome/60.0.3112.90 Safari/537.36"
::1 - - [11/Oct/2017:01:59:21 +0000] "GET /images/k1.jpg HTTP/1.1" 304 - "http://localhost:3000/home" "Mozilla/5.0 (Windows NT 6.1; WOW64) AppleWebKit/537.36 (KHTML, like Gecko) Chrome/60.0.3112.90 Safari/537.36"
::1 - - [11/Oct/2017:01:59:21 +0000] "GET /images/k2.jpg HTTP/1.1" 304 - "http://localhost:3000/home" "Mozilla/5.0 (Windows NT 6.1; WOW64) AppleWebKit/537.36 (KHTML, like Gecko) Chrome/60.0.3112.90 Safari/537.36"
::1 - - [11/Oct/2017:01:59:21 +0000] "GET /images/chongqing.jpg HTTP/1.1" 304 - "http://localhost:3000/home" "Mozilla/5.0 (Windows NT 6.1; WOW64) AppleWebKit/537.36 (KHTML, like Gecko) Chrome/60.0.3112.90 Safari/537.36"
::1 - - [11/Oct/2017:01:59:35 +0000] "GET /home HTTP/1.1" 304 - "http://localhost:3000/login" "Mozilla/5.0 (Windows NT 6.1; WOW64) AppleWebKit/537.36 (KHTML, like Gecko) Chrome/60.0.3112.90 Safari/537.36"
::1 - - [11/Oct/2017:01:59:35 +0000] "GET /images/k3.jpg HTTP/1.1" 304 - "http://localhost:3000/home" "Mozilla/5.0 (Windows NT 6.1; WOW64) AppleWebKit/537.36 (KHTML, like Gecko) Chrome/60.0.3112.90 Safari/537.36"
::1 - - [11/Oct/2017:01:59:35 +0000] "GET /images/k1.jpg HTTP/1.1" 304 - "http://localhost:3000/home" "Mozilla/5.0 (Windows NT 6.1; WOW64) AppleWebKit/537.36 (KHTML, like Gecko) Chrome/60.0.3112.90 Safari/537.36"
::1 - - [11/Oct/2017:01:59:35 +0000] "GET /images/k2.jpg HTTP/1.1" 304 - "http://localhost:3000/home" "Mozilla/5.0 (Windows NT 6.1; WOW64) AppleWebKit/537.36 (KHTML, like Gecko) Chrome/60.0.3112.90 Safari/537.36"
::1 - - [11/Oct/2017:01:59:35 +0000] "GET /images/chongqing.jpg HTTP/1.1" 304 - "http://localhost:3000/home" "Mozilla/5.0 (Windows NT 6.1; WOW64) AppleWebKit/537.36 (KHTML, like Gecko) Chrome/60.0.3112.90 Safari/537.36"
::1 - - [11/Oct/2017:01:59:36 +0000] "GET /home HTTP/1.1" 304 - "http://localhost:3000/login" "Mozilla/5.0 (Windows NT 6.1; WOW64) AppleWebKit/537.36 (KHTML, like Gecko) Chrome/60.0.3112.90 Safari/537.36"
::1 - - [11/Oct/2017:01:59:36 +0000] "GET /images/k3.jpg HTTP/1.1" 304 - "http://localhost:3000/home" "Mozilla/5.0 (Windows NT 6.1; WOW64) AppleWebKit/537.36 (KHTML, like Gecko) Chrome/60.0.3112.90 Safari/537.36"
::1 - - [11/Oct/2017:01:59:36 +0000] "GET /images/k1.jpg HTTP/1.1" 304 - "http://localhost:3000/home" "Mozilla/5.0 (Windows NT 6.1; WOW64) AppleWebKit/537.36 (KHTML, like Gecko) Chrome/60.0.3112.90 Safari/537.36"
::1 - - [11/Oct/2017:01:59:36 +0000] "GET /images/k2.jpg HTTP/1.1" 304 - "http://localhost:3000/home" "Mozilla/5.0 (Windows NT 6.1; WOW64) AppleWebKit/537.36 (KHTML, like Gecko) Chrome/60.0.3112.90 Safari/537.36"
::1 - - [11/Oct/2017:01:59:36 +0000] "GET /images/chongqing.jpg HTTP/1.1" 304 - "http://localhost:3000/home" "Mozilla/5.0 (Windows NT 6.1; WOW64) AppleWebKit/537.36 (KHTML, like Gecko) Chrome/60.0.3112.90 Safari/537.36"
::1 - - [11/Oct/2017:01:59:38 +0000] "GET /show HTTP/1.1" 404 906 "http://localhost:3000/home" "Mozilla/5.0 (Windows NT 6.1; WOW64) AppleWebKit/537.36 (KHTML, like Gecko) Chrome/60.0.3112.90 Safari/537.36"
::1 - - [11/Oct/2017:02:11:55 +0000] "GET /login HTTP/1.1" 200 2394 "http://localhost:3000/" "Mozilla/5.0 (Windows NT 6.1; WOW64) AppleWebKit/537.36 (KHTML, like Gecko) Chrome/60.0.3112.90 Safari/537.36"
::1 - - [11/Oct/2017:02:12:02 +0000] "POST /login HTTP/1.1" 302 54 "http://localhost:3000/login" "Mozilla/5.0 (Windows NT 6.1; WOW64) AppleWebKit/537.36 (KHTML, like Gecko) Chrome/60.0.3112.90 Safari/537.36"
::1 - - [11/Oct/2017:02:12:02 +0000] "GET /home HTTP/1.1" 304 - "http://localhost:3000/login" "Mozilla/5.0 (Windows NT 6.1; WOW64) AppleWebKit/537.36 (KHTML, like Gecko) Chrome/60.0.3112.90 Safari/537.36"
::1 - - [11/Oct/2017:02:12:02 +0000] "GET /home HTTP/1.1" 304 - "http://localhost:3000/login" "Mozilla/5.0 (Windows NT 6.1; WOW64) AppleWebKit/537.36 (KHTML, like Gecko) Chrome/60.0.3112.90 Safari/537.36"
::1 - - [11/Oct/2017:02:12:02 +0000] "GET /images/k3.jpg HTTP/1.1" 304 - "http://localhost:3000/home" "Mozilla/5.0 (Windows NT 6.1; WOW64) AppleWebKit/537.36 (KHTML, like Gecko) Chrome/60.0.3112.90 Safari/537.36"
::1 - - [11/Oct/2017:02:12:02 +0000] "GET /images/k1.jpg HTTP/1.1" 304 - "http://localhost:3000/home" "Mozilla/5.0 (Windows NT 6.1; WOW64) AppleWebKit/537.36 (KHTML, like Gecko) Chrome/60.0.3112.90 Safari/537.36"
::1 - - [11/Oct/2017:02:12:02 +0000] "GET /images/k2.jpg HTTP/1.1" 304 - "http://localhost:3000/home" "Mozilla/5.0 (Windows NT 6.1; WOW64) AppleWebKit/537.36 (KHTML, like Gecko) Chrome/60.0.3112.90 Safari/537.36"
::1 - - [11/Oct/2017:02:12:02 +0000] "GET /images/chongqing.jpg HTTP/1.1" 304 - "http://localhost:3000/home" "Mozilla/5.0 (Windows NT 6.1; WOW64) AppleWebKit/537.36 (KHTML, like Gecko) Chrome/60.0.3112.90 Safari/537.36"
::1 - - [11/Oct/2017:02:14:59 +0000] "GET /home HTTP/1.1" 500 981 "http://localhost:3000/login" "Mozilla/5.0 (Windows NT 6.1; WOW64) AppleWebKit/537.36 (KHTML, like Gecko) Chrome/60.0.3112.90 Safari/537.36"
::1 - - [11/Oct/2017:02:15:02 +0000] "GET /login HTTP/1.1" 200 2394 "http://localhost:3000/" "Mozilla/5.0 (Windows NT 6.1; WOW64) AppleWebKit/537.36 (KHTML, like Gecko) Chrome/60.0.3112.90 Safari/537.36"
::1 - - [11/Oct/2017:02:15:06 +0000] "POST /login HTTP/1.1" 302 54 "http://localhost:3000/login" "Mozilla/5.0 (Windows NT 6.1; WOW64) AppleWebKit/537.36 (KHTML, like Gecko) Chrome/60.0.3112.90 Safari/537.36"
::1 - - [11/Oct/2017:02:15:06 +0000] "GET /home HTTP/1.1" 500 981 "http://localhost:3000/login" "Mozilla/5.0 (Windows NT 6.1; WOW64) AppleWebKit/537.36 (KHTML, like Gecko) Chrome/60.0.3112.90 Safari/537.36"
::1 - - [11/Oct/2017:02:15:31 +0000] "GET /home HTTP/1.1" 200 5535 "http://localhost:3000/login" "Mozilla/5.0 (Windows NT 6.1; WOW64) AppleWebKit/537.36 (KHTML, like Gecko) Chrome/60.0.3112.90 Safari/537.36"
::1 - - [11/Oct/2017:02:15:31 +0000] "GET /images/k3.jpg HTTP/1.1" 304 - "http://localhost:3000/home" "Mozilla/5.0 (Windows NT 6.1; WOW64) AppleWebKit/537.36 (KHTML, like Gecko) Chrome/60.0.3112.90 Safari/537.36"
::1 - - [11/Oct/2017:02:15:31 +0000] "GET /images/k1.jpg HTTP/1.1" 304 - "http://localhost:3000/home" "Mozilla/5.0 (Windows NT 6.1; WOW64) AppleWebKit/537.36 (KHTML, like Gecko) Chrome/60.0.3112.90 Safari/537.36"
::1 - - [11/Oct/2017:02:15:31 +0000] "GET /images/k2.jpg HTTP/1.1" 304 - "http://localhost:3000/home" "Mozilla/5.0 (Windows NT 6.1; WOW64) AppleWebKit/537.36 (KHTML, like Gecko) Chrome/60.0.3112.90 Safari/537.36"
::1 - - [11/Oct/2017:02:15:31 +0000] "GET /images/chongqing.jpg HTTP/1.1" 304 - "http://localhost:3000/home" "Mozilla/5.0 (Windows NT 6.1; WOW64) AppleWebKit/537.36 (KHTML, like Gecko) Chrome/60.0.3112.90 Safari/537.36"
::1 - - [11/Oct/2017:02:15:42 +0000] "GET /home HTTP/1.1" 304 - "http://localhost:3000/login" "Mozilla/5.0 (Windows NT 6.1; WOW64) AppleWebKit/537.36 (KHTML, like Gecko) Chrome/60.0.3112.90 Safari/537.36"
::1 - - [11/Oct/2017:02:15:42 +0000] "GET /images/k3.jpg HTTP/1.1" 304 - "http://localhost:3000/home" "Mozilla/5.0 (Windows NT 6.1; WOW64) AppleWebKit/537.36 (KHTML, like Gecko) Chrome/60.0.3112.90 Safari/537.36"
::1 - - [11/Oct/2017:02:15:42 +0000] "GET /images/k1.jpg HTTP/1.1" 304 - "http://localhost:3000/home" "Mozilla/5.0 (Windows NT 6.1; WOW64) AppleWebKit/537.36 (KHTML, like Gecko) Chrome/60.0.3112.90 Safari/537.36"
::1 - - [11/Oct/2017:02:15:42 +0000] "GET /images/k2.jpg HTTP/1.1" 304 - "http://localhost:3000/home" "Mozilla/5.0 (Windows NT 6.1; WOW64) AppleWebKit/537.36 (KHTML, like Gecko) Chrome/60.0.3112.90 Safari/537.36"
::1 - - [11/Oct/2017:02:15:42 +0000] "GET /images/chongqing.jpg HTTP/1.1" 304 - "http://localhost:3000/home" "Mozilla/5.0 (Windows NT 6.1; WOW64) AppleWebKit/537.36 (KHTML, like Gecko) Chrome/60.0.3112.90 Safari/537.36"
::1 - - [11/Oct/2017:02:15:44 +0000] "GET /login HTTP/1.1" 200 2394 "http://localhost:3000/" "Mozilla/5.0 (Windows NT 6.1; WOW64) AppleWebKit/537.36 (KHTML, like Gecko) Chrome/60.0.3112.90 Safari/537.36"
::1 - - [11/Oct/2017:02:15:52 +0000] "POST /login HTTP/1.1" 302 54 "http://localhost:3000/login" "Mozilla/5.0 (Windows NT 6.1; WOW64) AppleWebKit/537.36 (KHTML, like Gecko) Chrome/60.0.3112.90 Safari/537.36"
::1 - - [11/Oct/2017:02:15:52 +0000] "GET /home HTTP/1.1" 304 - "http://localhost:3000/login" "Mozilla/5.0 (Windows NT 6.1; WOW64) AppleWebKit/537.36 (KHTML, like Gecko) Chrome/60.0.3112.90 Safari/537.36"
::1 - - [11/Oct/2017:02:15:52 +0000] "GET /home HTTP/1.1" 304 - "http://localhost:3000/login" "Mozilla/5.0 (Windows NT 6.1; WOW64) AppleWebKit/537.36 (KHTML, like Gecko) Chrome/60.0.3112.90 Safari/537.36"
::1 - - [11/Oct/2017:02:15:52 +0000] "GET /images/k3.jpg HTTP/1.1" 304 - "http://localhost:3000/home" "Mozilla/5.0 (Windows NT 6.1; WOW64) AppleWebKit/537.36 (KHTML, like Gecko) Chrome/60.0.3112.90 Safari/537.36"
::1 - - [11/Oct/2017:02:15:52 +0000] "GET /images/k1.jpg HTTP/1.1" 304 - "http://localhost:3000/home" "Mozilla/5.0 (Windows NT 6.1; WOW64) AppleWebKit/537.36 (KHTML, like Gecko) Chrome/60.0.3112.90 Safari/537.36"
::1 - - [11/Oct/2017:02:15:52 +0000] "GET /images/k2.jpg HTTP/1.1" 304 - "http://localhost:3000/home" "Mozilla/5.0 (Windows NT 6.1; WOW64) AppleWebKit/537.36 (KHTML, like Gecko) Chrome/60.0.3112.90 Safari/537.36"
::1 - - [11/Oct/2017:02:15:52 +0000] "GET /images/chongqing.jpg HTTP/1.1" 304 - "http://localhost:3000/home" "Mozilla/5.0 (Windows NT 6.1; WOW64) AppleWebKit/537.36 (KHTML, like Gecko) Chrome/60.0.3112.90 Safari/537.36"
::1 - - [11/Oct/2017:02:17:51 +0000] "GET /login HTTP/1.1" 200 2394 "-" "Mozilla/5.0 (Windows NT 6.1; WOW64) AppleWebKit/537.36 (KHTML, like Gecko) Chrome/60.0.3112.90 Safari/537.36"
::1 - - [11/Oct/2017:02:17:57 +0000] "POST /login HTTP/1.1" 302 54 "http://localhost:3000/login" "Mozilla/5.0 (Windows NT 6.1; WOW64) AppleWebKit/537.36 (KHTML, like Gecko) Chrome/60.0.3112.90 Safari/537.36"
::1 - - [11/Oct/2017:02:17:57 +0000] "GET /home HTTP/1.1" 304 - "http://localhost:3000/login" "Mozilla/5.0 (Windows NT 6.1; WOW64) AppleWebKit/537.36 (KHTML, like Gecko) Chrome/60.0.3112.90 Safari/537.36"
::1 - - [11/Oct/2017:02:17:57 +0000] "GET /images/k3.jpg HTTP/1.1" 304 - "http://localhost:3000/home" "Mozilla/5.0 (Windows NT 6.1; WOW64) AppleWebKit/537.36 (KHTML, like Gecko) Chrome/60.0.3112.90 Safari/537.36"
::1 - - [11/Oct/2017:02:17:57 +0000] "GET /images/k1.jpg HTTP/1.1" 304 - "http://localhost:3000/home" "Mozilla/5.0 (Windows NT 6.1; WOW64) AppleWebKit/537.36 (KHTML, like Gecko) Chrome/60.0.3112.90 Safari/537.36"
::1 - - [11/Oct/2017:02:17:57 +0000] "GET /images/k2.jpg HTTP/1.1" 304 - "http://localhost:3000/home" "Mozilla/5.0 (Windows NT 6.1; WOW64) AppleWebKit/537.36 (KHTML, like Gecko) Chrome/60.0.3112.90 Safari/537.36"
::1 - - [11/Oct/2017:02:17:57 +0000] "GET /images/chongqing.jpg HTTP/1.1" 304 - "http://localhost:3000/home" "Mozilla/5.0 (Windows NT 6.1; WOW64) AppleWebKit/537.36 (KHTML, like Gecko) Chrome/60.0.3112.90 Safari/537.36"
::1 - - [11/Oct/2017:02:18:47 +0000] "GET /login HTTP/1.1" 200 2394 "-" "Mozilla/5.0 (Windows NT 6.1; WOW64) AppleWebKit/537.36 (KHTML, like Gecko) Chrome/60.0.3112.90 Safari/537.36"
::1 - - [11/Oct/2017:02:18:50 +0000] "GET /home HTTP/1.1" 304 - "http://localhost:3000/login" "Mozilla/5.0 (Windows NT 6.1; WOW64) AppleWebKit/537.36 (KHTML, like Gecko) Chrome/60.0.3112.90 Safari/537.36"
::1 - - [11/Oct/2017:02:18:50 +0000] "GET /images/k3.jpg HTTP/1.1" 304 - "http://localhost:3000/home" "Mozilla/5.0 (Windows NT 6.1; WOW64) AppleWebKit/537.36 (KHTML, like Gecko) Chrome/60.0.3112.90 Safari/537.36"
::1 - - [11/Oct/2017:02:18:50 +0000] "GET /images/k1.jpg HTTP/1.1" 304 - "http://localhost:3000/home" "Mozilla/5.0 (Windows NT 6.1; WOW64) AppleWebKit/537.36 (KHTML, like Gecko) Chrome/60.0.3112.90 Safari/537.36"
::1 - - [11/Oct/2017:02:18:50 +0000] "GET /images/k2.jpg HTTP/1.1" 304 - "http://localhost:3000/home" "Mozilla/5.0 (Windows NT 6.1; WOW64) AppleWebKit/537.36 (KHTML, like Gecko) Chrome/60.0.3112.90 Safari/537.36"
::1 - - [11/Oct/2017:02:18:50 +0000] "GET /images/chongqing.jpg HTTP/1.1" 304 - "http://localhost:3000/home" "Mozilla/5.0 (Windows NT 6.1; WOW64) AppleWebKit/537.36 (KHTML, like Gecko) Chrome/60.0.3112.90 Safari/537.36"
::1 - - [11/Oct/2017:02:18:56 +0000] "GET /home HTTP/1.1" 304 - "http://localhost:3000/login" "Mozilla/5.0 (Windows NT 6.1; WOW64) AppleWebKit/537.36 (KHTML, like Gecko) Chrome/60.0.3112.90 Safari/537.36"
::1 - - [11/Oct/2017:02:18:56 +0000] "GET /images/k3.jpg HTTP/1.1" 304 - "http://localhost:3000/home" "Mozilla/5.0 (Windows NT 6.1; WOW64) AppleWebKit/537.36 (KHTML, like Gecko) Chrome/60.0.3112.90 Safari/537.36"
::1 - - [11/Oct/2017:02:18:56 +0000] "GET /images/k1.jpg HTTP/1.1" 304 - "http://localhost:3000/home" "Mozilla/5.0 (Windows NT 6.1; WOW64) AppleWebKit/537.36 (KHTML, like Gecko) Chrome/60.0.3112.90 Safari/537.36"
::1 - - [11/Oct/2017:02:18:56 +0000] "GET /images/k2.jpg HTTP/1.1" 304 - "http://localhost:3000/home" "Mozilla/5.0 (Windows NT 6.1; WOW64) AppleWebKit/537.36 (KHTML, like Gecko) Chrome/60.0.3112.90 Safari/537.36"
::1 - - [11/Oct/2017:02:18:56 +0000] "GET /images/chongqing.jpg HTTP/1.1" 304 - "http://localhost:3000/home" "Mozilla/5.0 (Windows NT 6.1; WOW64) AppleWebKit/537.36 (KHTML, like Gecko) Chrome/60.0.3112.90 Safari/537.36"
::1 - - [11/Oct/2017:02:19:02 +0000] "POST /login HTTP/1.1" 302 54 "http://localhost:3000/login" "Mozilla/5.0 (Windows NT 6.1; WOW64) AppleWebKit/537.36 (KHTML, like Gecko) Chrome/60.0.3112.90 Safari/537.36"
::1 - - [11/Oct/2017:02:19:02 +0000] "GET /home HTTP/1.1" 304 - "http://localhost:3000/login" "Mozilla/5.0 (Windows NT 6.1; WOW64) AppleWebKit/537.36 (KHTML, like Gecko) Chrome/60.0.3112.90 Safari/537.36"
::1 - - [11/Oct/2017:02:19:02 +0000] "GET /images/k3.jpg HTTP/1.1" 304 - "http://localhost:3000/home" "Mozilla/5.0 (Windows NT 6.1; WOW64) AppleWebKit/537.36 (KHTML, like Gecko) Chrome/60.0.3112.90 Safari/537.36"
::1 - - [11/Oct/2017:02:19:02 +0000] "GET /images/k1.jpg HTTP/1.1" 304 - "http://localhost:3000/home" "Mozilla/5.0 (Windows NT 6.1; WOW64) AppleWebKit/537.36 (KHTML, like Gecko) Chrome/60.0.3112.90 Safari/537.36"
::1 - - [11/Oct/2017:02:19:02 +0000] "GET /images/k2.jpg HTTP/1.1" 304 - "http://localhost:3000/home" "Mozilla/5.0 (Windows NT 6.1; WOW64) AppleWebKit/537.36 (KHTML, like Gecko) Chrome/60.0.3112.90 Safari/537.36"
::1 - - [11/Oct/2017:02:19:02 +0000] "GET /images/chongqing.jpg HTTP/1.1" 304 - "http://localhost:3000/home" "Mozilla/5.0 (Windows NT 6.1; WOW64) AppleWebKit/537.36 (KHTML, like Gecko) Chrome/60.0.3112.90 Safari/537.36"
::1 - - [11/Oct/2017:02:19:35 +0000] "GET /login HTTP/1.1" 404 2394 "-" "Mozilla/5.0 (Windows NT 6.1; WOW64) AppleWebKit/537.36 (KHTML, like Gecko) Chrome/60.0.3112.90 Safari/537.36"
::1 - - [11/Oct/2017:02:19:46 +0000] "POST /login HTTP/1.1" 302 54 "http://localhost:3000/login" "Mozilla/5.0 (Windows NT 6.1; WOW64) AppleWebKit/537.36 (KHTML, like Gecko) Chrome/60.0.3112.90 Safari/537.36"
::1 - - [11/Oct/2017:02:19:46 +0000] "GET /home HTTP/1.1" 304 - "http://localhost:3000/login" "Mozilla/5.0 (Windows NT 6.1; WOW64) AppleWebKit/537.36 (KHTML, like Gecko) Chrome/60.0.3112.90 Safari/537.36"
::1 - - [11/Oct/2017:02:19:46 +0000] "GET /images/k3.jpg HTTP/1.1" 304 - "http://localhost:3000/home" "Mozilla/5.0 (Windows NT 6.1; WOW64) AppleWebKit/537.36 (KHTML, like Gecko) Chrome/60.0.3112.90 Safari/537.36"
::1 - - [11/Oct/2017:02:19:46 +0000] "GET /images/k1.jpg HTTP/1.1" 304 - "http://localhost:3000/home" "Mozilla/5.0 (Windows NT 6.1; WOW64) AppleWebKit/537.36 (KHTML, like Gecko) Chrome/60.0.3112.90 Safari/537.36"
::1 - - [11/Oct/2017:02:19:46 +0000] "GET /images/k2.jpg HTTP/1.1" 304 - "http://localhost:3000/home" "Mozilla/5.0 (Windows NT 6.1; WOW64) AppleWebKit/537.36 (KHTML, like Gecko) Chrome/60.0.3112.90 Safari/537.36"
::1 - - [11/Oct/2017:02:19:46 +0000] "GET /images/chongqing.jpg HTTP/1.1" 304 - "http://localhost:3000/home" "Mozilla/5.0 (Windows NT 6.1; WOW64) AppleWebKit/537.36 (KHTML, like Gecko) Chrome/60.0.3112.90 Safari/537.36"
::1 - - [11/Oct/2017:02:21:24 +0000] "GET /home HTTP/1.1" 304 - "http://localhost:3000/login" "Mozilla/5.0 (Windows NT 6.1; WOW64) AppleWebKit/537.36 (KHTML, like Gecko) Chrome/60.0.3112.90 Safari/537.36"
::1 - - [11/Oct/2017:02:21:24 +0000] "GET /images/k3.jpg HTTP/1.1" 304 - "http://localhost:3000/home" "Mozilla/5.0 (Windows NT 6.1; WOW64) AppleWebKit/537.36 (KHTML, like Gecko) Chrome/60.0.3112.90 Safari/537.36"
::1 - - [11/Oct/2017:02:21:24 +0000] "GET /images/k1.jpg HTTP/1.1" 304 - "http://localhost:3000/home" "Mozilla/5.0 (Windows NT 6.1; WOW64) AppleWebKit/537.36 (KHTML, like Gecko) Chrome/60.0.3112.90 Safari/537.36"
::1 - - [11/Oct/2017:02:21:24 +0000] "GET /images/k2.jpg HTTP/1.1" 304 - "http://localhost:3000/home" "Mozilla/5.0 (Windows NT 6.1; WOW64) AppleWebKit/537.36 (KHTML, like Gecko) Chrome/60.0.3112.90 Safari/537.36"
::1 - - [11/Oct/2017:02:21:24 +0000] "GET /images/chongqing.jpg HTTP/1.1" 304 - "http://localhost:3000/home" "Mozilla/5.0 (Windows NT 6.1; WOW64) AppleWebKit/537.36 (KHTML, like Gecko) Chrome/60.0.3112.90 Safari/537.36"
::1 - - [11/Oct/2017:02:21:26 +0000] "GET /login HTTP/1.1" 200 2394 "-" "Mozilla/5.0 (Windows NT 6.1; WOW64) AppleWebKit/537.36 (KHTML, like Gecko) Chrome/60.0.3112.90 Safari/537.36"
::1 - - [11/Oct/2017:02:21:29 +0000] "POST /login HTTP/1.1" 302 56 "http://localhost:3000/login" "Mozilla/5.0 (Windows NT 6.1; WOW64) AppleWebKit/537.36 (KHTML, like Gecko) Chrome/60.0.3112.90 Safari/537.36"
::1 - - [11/Oct/2017:02:21:29 +0000] "GET /login HTTP/1.1" 200 2394 "http://localhost:3000/login" "Mozilla/5.0 (Windows NT 6.1; WOW64) AppleWebKit/537.36 (KHTML, like Gecko) Chrome/60.0.3112.90 Safari/537.36"
::1 - - [11/Oct/2017:02:21:37 +0000] "POST /login HTTP/1.1" 302 54 "http://localhost:3000/login" "Mozilla/5.0 (Windows NT 6.1; WOW64) AppleWebKit/537.36 (KHTML, like Gecko) Chrome/60.0.3112.90 Safari/537.36"
::1 - - [11/Oct/2017:02:21:37 +0000] "GET /home HTTP/1.1" 304 - "http://localhost:3000/login" "Mozilla/5.0 (Windows NT 6.1; WOW64) AppleWebKit/537.36 (KHTML, like Gecko) Chrome/60.0.3112.90 Safari/537.36"
::1 - - [11/Oct/2017:02:21:37 +0000] "GET /images/k3.jpg HTTP/1.1" 304 - "http://localhost:3000/home" "Mozilla/5.0 (Windows NT 6.1; WOW64) AppleWebKit/537.36 (KHTML, like Gecko) Chrome/60.0.3112.90 Safari/537.36"
::1 - - [11/Oct/2017:02:21:37 +0000] "GET /images/k1.jpg HTTP/1.1" 304 - "http://localhost:3000/home" "Mozilla/5.0 (Windows NT 6.1; WOW64) AppleWebKit/537.36 (KHTML, like Gecko) Chrome/60.0.3112.90 Safari/537.36"
::1 - - [11/Oct/2017:02:21:37 +0000] "GET /images/k2.jpg HTTP/1.1" 304 - "http://localhost:3000/home" "Mozilla/5.0 (Windows NT 6.1; WOW64) AppleWebKit/537.36 (KHTML, like Gecko) Chrome/60.0.3112.90 Safari/537.36"
::1 - - [11/Oct/2017:02:21:37 +0000] "GET /images/chongqing.jpg HTTP/1.1" 304 - "http://localhost:3000/home" "Mozilla/5.0 (Windows NT 6.1; WOW64) AppleWebKit/537.36 (KHTML, like Gecko) Chrome/60.0.3112.90 Safari/537.36"
::1 - - [11/Oct/2017:02:26:14 +0000] "GET /home HTTP/1.1" 304 - "http://localhost:3000/login" "Mozilla/5.0 (Windows NT 6.1; WOW64) AppleWebKit/537.36 (KHTML, like Gecko) Chrome/60.0.3112.90 Safari/537.36"
::1 - - [11/Oct/2017:02:26:14 +0000] "GET /images/k3.jpg HTTP/1.1" 304 - "http://localhost:3000/home" "Mozilla/5.0 (Windows NT 6.1; WOW64) AppleWebKit/537.36 (KHTML, like Gecko) Chrome/60.0.3112.90 Safari/537.36"
::1 - - [11/Oct/2017:02:26:14 +0000] "GET /images/k1.jpg HTTP/1.1" 304 - "http://localhost:3000/home" "Mozilla/5.0 (Windows NT 6.1; WOW64) AppleWebKit/537.36 (KHTML, like Gecko) Chrome/60.0.3112.90 Safari/537.36"
::1 - - [11/Oct/2017:02:26:14 +0000] "GET /images/k2.jpg HTTP/1.1" 304 - "http://localhost:3000/home" "Mozilla/5.0 (Windows NT 6.1; WOW64) AppleWebKit/537.36 (KHTML, like Gecko) Chrome/60.0.3112.90 Safari/537.36"
::1 - - [11/Oct/2017:02:26:14 +0000] "GET /images/chongqing.jpg HTTP/1.1" 304 - "http://localhost:3000/home" "Mozilla/5.0 (Windows NT 6.1; WOW64) AppleWebKit/537.36 (KHTML, like Gecko) Chrome/60.0.3112.90 Safari/537.36"
::1 - - [11/Oct/2017:02:26:16 +0000] "GET /login HTTP/1.1" 200 2394 "http://localhost:3000/login" "Mozilla/5.0 (Windows NT 6.1; WOW64) AppleWebKit/537.36 (KHTML, like Gecko) Chrome/60.0.3112.90 Safari/537.36"
::1 - - [11/Oct/2017:02:26:19 +0000] "POST /login HTTP/1.1" 404 906 "http://localhost:3000/login" "Mozilla/5.0 (Windows NT 6.1; WOW64) AppleWebKit/537.36 (KHTML, like Gecko) Chrome/60.0.3112.90 Safari/537.36"
::1 - - [11/Oct/2017:02:26:54 +0000] "POST /login HTTP/1.1" 404 906 "http://localhost:3000/login" "Mozilla/5.0 (Windows NT 6.1; WOW64) AppleWebKit/537.36 (KHTML, like Gecko) Chrome/60.0.3112.90 Safari/537.36"
::1 - - [11/Oct/2017:02:27:00 +0000] "POST /login HTTP/1.1" 404 906 "http://localhost:3000/login" "Mozilla/5.0 (Windows NT 6.1; WOW64) AppleWebKit/537.36 (KHTML, like Gecko) Chrome/60.0.3112.90 Safari/537.36"
::1 - - [11/Oct/2017:02:27:20 +0000] "GET /login HTTP/1.1" 304 - "http://localhost:3000/login" "Mozilla/5.0 (Windows NT 6.1; WOW64) AppleWebKit/537.36 (KHTML, like Gecko) Chrome/60.0.3112.90 Safari/537.36"
::1 - - [11/Oct/2017:02:27:25 +0000] "POST /login HTTP/1.1" 302 54 "http://localhost:3000/login" "Mozilla/5.0 (Windows NT 6.1; WOW64) AppleWebKit/537.36 (KHTML, like Gecko) Chrome/60.0.3112.90 Safari/537.36"
::1 - - [11/Oct/2017:02:27:25 +0000] "GET /home HTTP/1.1" 304 - "http://localhost:3000/login" "Mozilla/5.0 (Windows NT 6.1; WOW64) AppleWebKit/537.36 (KHTML, like Gecko) Chrome/60.0.3112.90 Safari/537.36"
::1 - - [11/Oct/2017:02:27:25 +0000] "GET /images/k3.jpg HTTP/1.1" 304 - "http://localhost:3000/home" "Mozilla/5.0 (Windows NT 6.1; WOW64) AppleWebKit/537.36 (KHTML, like Gecko) Chrome/60.0.3112.90 Safari/537.36"
::1 - - [11/Oct/2017:02:27:25 +0000] "GET /images/k1.jpg HTTP/1.1" 304 - "http://localhost:3000/home" "Mozilla/5.0 (Windows NT 6.1; WOW64) AppleWebKit/537.36 (KHTML, like Gecko) Chrome/60.0.3112.90 Safari/537.36"
::1 - - [11/Oct/2017:02:27:25 +0000] "GET /images/k2.jpg HTTP/1.1" 304 - "http://localhost:3000/home" "Mozilla/5.0 (Windows NT 6.1; WOW64) AppleWebKit/537.36 (KHTML, like Gecko) Chrome/60.0.3112.90 Safari/537.36"
::1 - - [11/Oct/2017:02:27:25 +0000] "GET /images/chongqing.jpg HTTP/1.1" 304 - "http://localhost:3000/home" "Mozilla/5.0 (Windows NT 6.1; WOW64) AppleWebKit/537.36 (KHTML, like Gecko) Chrome/60.0.3112.90 Safari/537.36"
::1 - - [11/Oct/2017:02:30:29 +0000] "GET /login HTTP/1.1" 200 2394 "http://localhost:3000/login" "Mozilla/5.0 (Windows NT 6.1; WOW64) AppleWebKit/537.36 (KHTML, like Gecko) Chrome/60.0.3112.90 Safari/537.36"
::1 - - [11/Oct/2017:02:30:30 +0000] "GET /login HTTP/1.1" 304 - "http://localhost:3000/login" "Mozilla/5.0 (Windows NT 6.1; WOW64) AppleWebKit/537.36 (KHTML, like Gecko) Chrome/60.0.3112.90 Safari/537.36"
::1 - - [11/Oct/2017:02:30:36 +0000] "POST /login HTTP/1.1" 404 906 "http://localhost:3000/login" "Mozilla/5.0 (Windows NT 6.1; WOW64) AppleWebKit/537.36 (KHTML, like Gecko) Chrome/60.0.3112.90 Safari/537.36"
::1 - - [11/Oct/2017:02:35:03 +0000] "GET /login HTTP/1.1" 304 - "http://localhost:3000/login" "Mozilla/5.0 (Windows NT 6.1; WOW64) AppleWebKit/537.36 (KHTML, like Gecko) Chrome/60.0.3112.90 Safari/537.36"
::1 - - [11/Oct/2017:02:35:09 +0000] "POST /login HTTP/1.1" 404 906 "http://localhost:3000/login" "Mozilla/5.0 (Windows NT 6.1; WOW64) AppleWebKit/537.36 (KHTML, like Gecko) Chrome/60.0.3112.90 Safari/537.36"
::1 - - [11/Oct/2017:02:42:59 +0000] "POST /login HTTP/1.1" 302 54 "http://localhost:3000/login" "Mozilla/5.0 (Windows NT 6.1; WOW64) AppleWebKit/537.36 (KHTML, like Gecko) Chrome/60.0.3112.90 Safari/537.36"
::1 - - [11/Oct/2017:02:42:59 +0000] "GET /home HTTP/1.1" 304 - "http://localhost:3000/login" "Mozilla/5.0 (Windows NT 6.1; WOW64) AppleWebKit/537.36 (KHTML, like Gecko) Chrome/60.0.3112.90 Safari/537.36"
::1 - - [11/Oct/2017:02:42:59 +0000] "GET /images/k3.jpg HTTP/1.1" 304 - "http://localhost:3000/home" "Mozilla/5.0 (Windows NT 6.1; WOW64) AppleWebKit/537.36 (KHTML, like Gecko) Chrome/60.0.3112.90 Safari/537.36"
::1 - - [11/Oct/2017:02:42:59 +0000] "GET /images/k1.jpg HTTP/1.1" 304 - "http://localhost:3000/home" "Mozilla/5.0 (Windows NT 6.1; WOW64) AppleWebKit/537.36 (KHTML, like Gecko) Chrome/60.0.3112.90 Safari/537.36"
::1 - - [11/Oct/2017:02:42:59 +0000] "GET /images/k2.jpg HTTP/1.1" 304 - "http://localhost:3000/home" "Mozilla/5.0 (Windows NT 6.1; WOW64) AppleWebKit/537.36 (KHTML, like Gecko) Chrome/60.0.3112.90 Safari/537.36"
::1 - - [11/Oct/2017:02:42:59 +0000] "GET /images/chongqing.jpg HTTP/1.1" 304 - "http://localhost:3000/home" "Mozilla/5.0 (Windows NT 6.1; WOW64) AppleWebKit/537.36 (KHTML, like Gecko) Chrome/60.0.3112.90 Safari/537.36"
::1 - - [11/Oct/2017:02:43:21 +0000] "GET /home HTTP/1.1" 200 5540 "http://localhost:3000/login" "Mozilla/5.0 (Windows NT 6.1; WOW64) AppleWebKit/537.36 (KHTML, like Gecko) Chrome/60.0.3112.90 Safari/537.36"
::1 - - [11/Oct/2017:02:43:21 +0000] "GET /images/k3.jpg HTTP/1.1" 304 - "http://localhost:3000/home" "Mozilla/5.0 (Windows NT 6.1; WOW64) AppleWebKit/537.36 (KHTML, like Gecko) Chrome/60.0.3112.90 Safari/537.36"
::1 - - [11/Oct/2017:02:43:21 +0000] "GET /images/k1.jpg HTTP/1.1" 304 - "http://localhost:3000/home" "Mozilla/5.0 (Windows NT 6.1; WOW64) AppleWebKit/537.36 (KHTML, like Gecko) Chrome/60.0.3112.90 Safari/537.36"
::1 - - [11/Oct/2017:02:43:21 +0000] "GET /images/k2.jpg HTTP/1.1" 304 - "http://localhost:3000/home" "Mozilla/5.0 (Windows NT 6.1; WOW64) AppleWebKit/537.36 (KHTML, like Gecko) Chrome/60.0.3112.90 Safari/537.36"
::1 - - [11/Oct/2017:02:43:21 +0000] "GET /images/chongqing.jpg HTTP/1.1" 304 - "http://localhost:3000/home" "Mozilla/5.0 (Windows NT 6.1; WOW64) AppleWebKit/537.36 (KHTML, like Gecko) Chrome/60.0.3112.90 Safari/537.36"
::1 - - [11/Oct/2017:02:43:40 +0000] "GET /home HTTP/1.1" 304 - "http://localhost:3000/login" "Mozilla/5.0 (Windows NT 6.1; WOW64) AppleWebKit/537.36 (KHTML, like Gecko) Chrome/60.0.3112.90 Safari/537.36"
::1 - - [11/Oct/2017:02:43:40 +0000] "GET /images/k3.jpg HTTP/1.1" 304 - "http://localhost:3000/home" "Mozilla/5.0 (Windows NT 6.1; WOW64) AppleWebKit/537.36 (KHTML, like Gecko) Chrome/60.0.3112.90 Safari/537.36"
::1 - - [11/Oct/2017:02:43:40 +0000] "GET /images/k1.jpg HTTP/1.1" 304 - "http://localhost:3000/home" "Mozilla/5.0 (Windows NT 6.1; WOW64) AppleWebKit/537.36 (KHTML, like Gecko) Chrome/60.0.3112.90 Safari/537.36"
::1 - - [11/Oct/2017:02:43:40 +0000] "GET /images/k2.jpg HTTP/1.1" 304 - "http://localhost:3000/home" "Mozilla/5.0 (Windows NT 6.1; WOW64) AppleWebKit/537.36 (KHTML, like Gecko) Chrome/60.0.3112.90 Safari/537.36"
::1 - - [11/Oct/2017:02:43:40 +0000] "GET /images/chongqing.jpg HTTP/1.1" 304 - "http://localhost:3000/home" "Mozilla/5.0 (Windows NT 6.1; WOW64) AppleWebKit/537.36 (KHTML, like Gecko) Chrome/60.0.3112.90 Safari/537.36"
::1 - - [11/Oct/2017:02:44:06 +0000] "GET /login HTTP/1.1" 200 2394 "http://localhost:3000/login" "Mozilla/5.0 (Windows NT 6.1; WOW64) AppleWebKit/537.36 (KHTML, like Gecko) Chrome/60.0.3112.90 Safari/537.36"
::1 - - [11/Oct/2017:02:44:13 +0000] "POST /login HTTP/1.1" 302 54 "http://localhost:3000/login" "Mozilla/5.0 (Windows NT 6.1; WOW64) AppleWebKit/537.36 (KHTML, like Gecko) Chrome/60.0.3112.90 Safari/537.36"
::1 - - [11/Oct/2017:02:44:13 +0000] "GET /home HTTP/1.1" 304 - "http://localhost:3000/login" "Mozilla/5.0 (Windows NT 6.1; WOW64) AppleWebKit/537.36 (KHTML, like Gecko) Chrome/60.0.3112.90 Safari/537.36"
::1 - - [11/Oct/2017:02:44:13 +0000] "GET /home HTTP/1.1" 304 - "http://localhost:3000/login" "Mozilla/5.0 (Windows NT 6.1; WOW64) AppleWebKit/537.36 (KHTML, like Gecko) Chrome/60.0.3112.90 Safari/537.36"
::1 - - [11/Oct/2017:02:44:13 +0000] "GET /images/k3.jpg HTTP/1.1" 304 - "http://localhost:3000/home" "Mozilla/5.0 (Windows NT 6.1; WOW64) AppleWebKit/537.36 (KHTML, like Gecko) Chrome/60.0.3112.90 Safari/537.36"
::1 - - [11/Oct/2017:02:44:13 +0000] "GET /images/k1.jpg HTTP/1.1" 304 - "http://localhost:3000/home" "Mozilla/5.0 (Windows NT 6.1; WOW64) AppleWebKit/537.36 (KHTML, like Gecko) Chrome/60.0.3112.90 Safari/537.36"
::1 - - [11/Oct/2017:02:44:13 +0000] "GET /images/k2.jpg HTTP/1.1" 304 - "http://localhost:3000/home" "Mozilla/5.0 (Windows NT 6.1; WOW64) AppleWebKit/537.36 (KHTML, like Gecko) Chrome/60.0.3112.90 Safari/537.36"
::1 - - [11/Oct/2017:02:44:13 +0000] "GET /images/chongqing.jpg HTTP/1.1" 304 - "http://localhost:3000/home" "Mozilla/5.0 (Windows NT 6.1; WOW64) AppleWebKit/537.36 (KHTML, like Gecko) Chrome/60.0.3112.90 Safari/537.36"
::1 - - [11/Oct/2017:02:45:00 +0000] "GET /home HTTP/1.1" 304 - "http://localhost:3000/login" "Mozilla/5.0 (Windows NT 6.1; WOW64) AppleWebKit/537.36 (KHTML, like Gecko) Chrome/60.0.3112.90 Safari/537.36"
::1 - - [11/Oct/2017:02:45:00 +0000] "GET /images/k3.jpg HTTP/1.1" 304 - "http://localhost:3000/home" "Mozilla/5.0 (Windows NT 6.1; WOW64) AppleWebKit/537.36 (KHTML, like Gecko) Chrome/60.0.3112.90 Safari/537.36"
::1 - - [11/Oct/2017:02:45:00 +0000] "GET /images/k1.jpg HTTP/1.1" 304 - "http://localhost:3000/home" "Mozilla/5.0 (Windows NT 6.1; WOW64) AppleWebKit/537.36 (KHTML, like Gecko) Chrome/60.0.3112.90 Safari/537.36"
::1 - - [11/Oct/2017:02:45:00 +0000] "GET /images/k2.jpg HTTP/1.1" 304 - "http://localhost:3000/home" "Mozilla/5.0 (Windows NT 6.1; WOW64) AppleWebKit/537.36 (KHTML, like Gecko) Chrome/60.0.3112.90 Safari/537.36"
::1 - - [11/Oct/2017:02:45:00 +0000] "GET /images/chongqing.jpg HTTP/1.1" 304 - "http://localhost:3000/home" "Mozilla/5.0 (Windows NT 6.1; WOW64) AppleWebKit/537.36 (KHTML, like Gecko) Chrome/60.0.3112.90 Safari/537.36"
::1 - - [11/Oct/2017:02:45:10 +0000] "GET /home HTTP/1.1" 304 - "http://localhost:3000/login" "Mozilla/5.0 (Windows NT 6.1; WOW64) AppleWebKit/537.36 (KHTML, like Gecko) Chrome/60.0.3112.90 Safari/537.36"
::1 - - [11/Oct/2017:02:45:10 +0000] "GET /images/k3.jpg HTTP/1.1" 304 - "http://localhost:3000/home" "Mozilla/5.0 (Windows NT 6.1; WOW64) AppleWebKit/537.36 (KHTML, like Gecko) Chrome/60.0.3112.90 Safari/537.36"
::1 - - [11/Oct/2017:02:45:10 +0000] "GET /images/k1.jpg HTTP/1.1" 304 - "http://localhost:3000/home" "Mozilla/5.0 (Windows NT 6.1; WOW64) AppleWebKit/537.36 (KHTML, like Gecko) Chrome/60.0.3112.90 Safari/537.36"
::1 - - [11/Oct/2017:02:45:10 +0000] "GET /images/k2.jpg HTTP/1.1" 304 - "http://localhost:3000/home" "Mozilla/5.0 (Windows NT 6.1; WOW64) AppleWebKit/537.36 (KHTML, like Gecko) Chrome/60.0.3112.90 Safari/537.36"
::1 - - [11/Oct/2017:02:45:10 +0000] "GET /images/chongqing.jpg HTTP/1.1" 304 - "http://localhost:3000/home" "Mozilla/5.0 (Windows NT 6.1; WOW64) AppleWebKit/537.36 (KHTML, like Gecko) Chrome/60.0.3112.90 Safari/537.36"
::1 - - [11/Oct/2017:02:52:45 +0000] "GET /home HTTP/1.1" 404 906 "http://localhost:3000/login" "Mozilla/5.0 (Windows NT 6.1; WOW64) AppleWebKit/537.36 (KHTML, like Gecko) Chrome/60.0.3112.90 Safari/537.36"
::1 - - [11/Oct/2017:02:52:56 +0000] "GET /home HTTP/1.1" 200 5540 "http://localhost:3000/login" "Mozilla/5.0 (Windows NT 6.1; WOW64) AppleWebKit/537.36 (KHTML, like Gecko) Chrome/60.0.3112.90 Safari/537.36"
::1 - - [11/Oct/2017:02:52:56 +0000] "GET /images/k3.jpg HTTP/1.1" 304 - "http://localhost:3000/home" "Mozilla/5.0 (Windows NT 6.1; WOW64) AppleWebKit/537.36 (KHTML, like Gecko) Chrome/60.0.3112.90 Safari/537.36"
::1 - - [11/Oct/2017:02:52:56 +0000] "GET /images/k1.jpg HTTP/1.1" 304 - "http://localhost:3000/home" "Mozilla/5.0 (Windows NT 6.1; WOW64) AppleWebKit/537.36 (KHTML, like Gecko) Chrome/60.0.3112.90 Safari/537.36"
::1 - - [11/Oct/2017:02:52:56 +0000] "GET /images/k2.jpg HTTP/1.1" 304 - "http://localhost:3000/home" "Mozilla/5.0 (Windows NT 6.1; WOW64) AppleWebKit/537.36 (KHTML, like Gecko) Chrome/60.0.3112.90 Safari/537.36"
::1 - - [11/Oct/2017:02:52:56 +0000] "GET /images/chongqing.jpg HTTP/1.1" 304 - "http://localhost:3000/home" "Mozilla/5.0 (Windows NT 6.1; WOW64) AppleWebKit/537.36 (KHTML, like Gecko) Chrome/60.0.3112.90 Safari/537.36"
::1 - - [11/Oct/2017:03:49:12 +0000] "GET /home HTTP/1.1" 500 982 "-" "Mozilla/5.0 (Windows NT 6.1; WOW64) AppleWebKit/537.36 (KHTML, like Gecko) Chrome/60.0.3112.90 Safari/537.36"
::1 - - [11/Oct/2017:03:49:17 +0000] "GET /login HTTP/1.1" 200 2394 "http://localhost:3000/login" "Mozilla/5.0 (Windows NT 6.1; WOW64) AppleWebKit/537.36 (KHTML, like Gecko) Chrome/60.0.3112.90 Safari/537.36"
::1 - - [11/Oct/2017:03:49:21 +0000] "GET /login HTTP/1.1" 304 - "http://localhost:3000/login" "Mozilla/5.0 (Windows NT 6.1; WOW64) AppleWebKit/537.36 (KHTML, like Gecko) Chrome/60.0.3112.90 Safari/537.36"
::1 - - [11/Oct/2017:03:49:27 +0000] "POST /login HTTP/1.1" 302 54 "http://localhost:3000/login" "Mozilla/5.0 (Windows NT 6.1; WOW64) AppleWebKit/537.36 (KHTML, like Gecko) Chrome/60.0.3112.90 Safari/537.36"
::1 - - [11/Oct/2017:03:49:27 +0000] "GET /home HTTP/1.1" 500 982 "http://localhost:3000/login" "Mozilla/5.0 (Windows NT 6.1; WOW64) AppleWebKit/537.36 (KHTML, like Gecko) Chrome/60.0.3112.90 Safari/537.36"
::1 - - [11/Oct/2017:03:50:24 +0000] "GET /home HTTP/1.1" 500 1110 "http://localhost:3000/login" "Mozilla/5.0 (Windows NT 6.1; WOW64) AppleWebKit/537.36 (KHTML, like Gecko) Chrome/60.0.3112.90 Safari/537.36"
::1 - - [11/Oct/2017:03:50:37 +0000] "GET /login HTTP/1.1" 200 2394 "http://localhost:3000/login" "Mozilla/5.0 (Windows NT 6.1; WOW64) AppleWebKit/537.36 (KHTML, like Gecko) Chrome/60.0.3112.90 Safari/537.36"
::1 - - [11/Oct/2017:03:50:41 +0000] "POST /login HTTP/1.1" 302 54 "http://localhost:3000/login" "Mozilla/5.0 (Windows NT 6.1; WOW64) AppleWebKit/537.36 (KHTML, like Gecko) Chrome/60.0.3112.90 Safari/537.36"
::1 - - [11/Oct/2017:03:50:41 +0000] "GET /home HTTP/1.1" 500 1110 "http://localhost:3000/login" "Mozilla/5.0 (Windows NT 6.1; WOW64) AppleWebKit/537.36 (KHTML, like Gecko) Chrome/60.0.3112.90 Safari/537.36"
::1 - - [11/Oct/2017:06:18:03 +0000] "GET /home HTTP/1.1" 500 1110 "http://localhost:3000/login" "Mozilla/5.0 (Windows NT 6.1; WOW64) AppleWebKit/537.36 (KHTML, like Gecko) Chrome/60.0.3112.90 Safari/537.36"
::1 - - [11/Oct/2017:06:18:04 +0000] "GET /login HTTP/1.1" 200 2394 "http://localhost:3000/login" "Mozilla/5.0 (Windows NT 6.1; WOW64) AppleWebKit/537.36 (KHTML, like Gecko) Chrome/60.0.3112.90 Safari/537.36"
::1 - - [11/Oct/2017:06:18:09 +0000] "POST /login HTTP/1.1" 302 54 "http://localhost:3000/login" "Mozilla/5.0 (Windows NT 6.1; WOW64) AppleWebKit/537.36 (KHTML, like Gecko) Chrome/60.0.3112.90 Safari/537.36"
::1 - - [11/Oct/2017:06:18:09 +0000] "GET /home HTTP/1.1" 500 1110 "http://localhost:3000/login" "Mozilla/5.0 (Windows NT 6.1; WOW64) AppleWebKit/537.36 (KHTML, like Gecko) Chrome/60.0.3112.90 Safari/537.36"
::1 - - [11/Oct/2017:06:18:27 +0000] "GET /home HTTP/1.1" 500 1110 "http://localhost:3000/login" "Mozilla/5.0 (Windows NT 6.1; WOW64) AppleWebKit/537.36 (KHTML, like Gecko) Chrome/60.0.3112.90 Safari/537.36"
::1 - - [11/Oct/2017:06:18:29 +0000] "GET /home HTTP/1.1" 500 1110 "http://localhost:3000/login" "Mozilla/5.0 (Windows NT 6.1; WOW64) AppleWebKit/537.36 (KHTML, like Gecko) Chrome/60.0.3112.90 Safari/537.36"
::1 - - [11/Oct/2017:06:18:34 +0000] "GET /login HTTP/1.1" 200 2394 "http://localhost:3000/login" "Mozilla/5.0 (Windows NT 6.1; WOW64) AppleWebKit/537.36 (KHTML, like Gecko) Chrome/60.0.3112.90 Safari/537.36"
::1 - - [11/Oct/2017:06:18:39 +0000] "POST /login HTTP/1.1" 302 54 "http://localhost:3000/login" "Mozilla/5.0 (Windows NT 6.1; WOW64) AppleWebKit/537.36 (KHTML, like Gecko) Chrome/60.0.3112.90 Safari/537.36"
::1 - - [11/Oct/2017:06:18:39 +0000] "GET /home HTTP/1.1" 500 1110 "http://localhost:3000/login" "Mozilla/5.0 (Windows NT 6.1; WOW64) AppleWebKit/537.36 (KHTML, like Gecko) Chrome/60.0.3112.90 Safari/537.36"
::1 - - [11/Oct/2017:06:18:39 +0000] "GET /home HTTP/1.1" 500 1110 "http://localhost:3000/login" "Mozilla/5.0 (Windows NT 6.1; WOW64) AppleWebKit/537.36 (KHTML, like Gecko) Chrome/60.0.3112.90 Safari/537.36"
::1 - - [11/Oct/2017:06:23:12 +0000] "GET /home HTTP/1.1" 500 982 "http://localhost:3000/login" "Mozilla/5.0 (Windows NT 6.1; WOW64) AppleWebKit/537.36 (KHTML, like Gecko) Chrome/60.0.3112.90 Safari/537.36"
::1 - - [11/Oct/2017:06:23:25 +0000] "GET /home HTTP/1.1" 200 5543 "http://localhost:3000/login" "Mozilla/5.0 (Windows NT 6.1; WOW64) AppleWebKit/537.36 (KHTML, like Gecko) Chrome/60.0.3112.90 Safari/537.36"
::1 - - [11/Oct/2017:06:23:25 +0000] "GET /images/k3.jpg HTTP/1.1" 304 - "http://localhost:3000/home" "Mozilla/5.0 (Windows NT 6.1; WOW64) AppleWebKit/537.36 (KHTML, like Gecko) Chrome/60.0.3112.90 Safari/537.36"
::1 - - [11/Oct/2017:06:23:25 +0000] "GET /images/k1.jpg HTTP/1.1" 304 - "http://localhost:3000/home" "Mozilla/5.0 (Windows NT 6.1; WOW64) AppleWebKit/537.36 (KHTML, like Gecko) Chrome/60.0.3112.90 Safari/537.36"
::1 - - [11/Oct/2017:06:23:25 +0000] "GET /images/k2.jpg HTTP/1.1" 304 - "http://localhost:3000/home" "Mozilla/5.0 (Windows NT 6.1; WOW64) AppleWebKit/537.36 (KHTML, like Gecko) Chrome/60.0.3112.90 Safari/537.36"
::1 - - [11/Oct/2017:06:23:25 +0000] "GET /images/chongqing.jpg HTTP/1.1" 304 - "http://localhost:3000/home" "Mozilla/5.0 (Windows NT 6.1; WOW64) AppleWebKit/537.36 (KHTML, like Gecko) Chrome/60.0.3112.90 Safari/537.36"
::1 - - [11/Oct/2017:06:24:00 +0000] "GET /images/k1.jpg HTTP/1.1" 304 - "http://localhost:3000/home" "Mozilla/5.0 (Windows NT 6.1; WOW64) AppleWebKit/537.36 (KHTML, like Gecko) Chrome/60.0.3112.90 Safari/537.36"
::1 - - [11/Oct/2017:06:24:00 +0000] "GET /images/k2.jpg HTTP/1.1" 304 - "http://localhost:3000/home" "Mozilla/5.0 (Windows NT 6.1; WOW64) AppleWebKit/537.36 (KHTML, like Gecko) Chrome/60.0.3112.90 Safari/537.36"
::1 - - [11/Oct/2017:06:24:00 +0000] "GET /images/chongqing.jpg HTTP/1.1" 304 - "http://localhost:3000/home" "Mozilla/5.0 (Windows NT 6.1; WOW64) AppleWebKit/537.36 (KHTML, like Gecko) Chrome/60.0.3112.90 Safari/537.36"
::1 - - [11/Oct/2017:06:24:00 +0000] "GET /images/k3.jpg HTTP/1.1" 304 - "http://localhost:3000/home" "Mozilla/5.0 (Windows NT 6.1; WOW64) AppleWebKit/537.36 (KHTML, like Gecko) Chrome/60.0.3112.90 Safari/537.36"
::1 - - [11/Oct/2017:06:24:05 +0000] "GET /images/k3.jpg HTTP/1.1" 304 - "http://localhost:3000/home" "Mozilla/5.0 (Windows NT 6.1; WOW64) AppleWebKit/537.36 (KHTML, like Gecko) Chrome/60.0.3112.90 Safari/537.36"
::1 - - [11/Oct/2017:06:24:05 +0000] "GET /images/k1.jpg HTTP/1.1" 304 - "http://localhost:3000/home" "Mozilla/5.0 (Windows NT 6.1; WOW64) AppleWebKit/537.36 (KHTML, like Gecko) Chrome/60.0.3112.90 Safari/537.36"
::1 - - [11/Oct/2017:06:24:05 +0000] "GET /images/k2.jpg HTTP/1.1" 304 - "http://localhost:3000/home" "Mozilla/5.0 (Windows NT 6.1; WOW64) AppleWebKit/537.36 (KHTML, like Gecko) Chrome/60.0.3112.90 Safari/537.36"
::1 - - [11/Oct/2017:06:24:05 +0000] "GET /images/chongqing.jpg HTTP/1.1" 304 - "http://localhost:3000/home" "Mozilla/5.0 (Windows NT 6.1; WOW64) AppleWebKit/537.36 (KHTML, like Gecko) Chrome/60.0.3112.90 Safari/537.36"
::1 - - [11/Oct/2017:06:25:07 +0000] "GET /home HTTP/1.1" 500 - "http://localhost:3000/login" "Mozilla/5.0 (Windows NT 6.1; WOW64) AppleWebKit/537.36 (KHTML, like Gecko) Chrome/60.0.3112.90 Safari/537.36"
::1 - - [11/Oct/2017:06:25:07 +0000] "GET /home HTTP/1.1" 500 - "http://localhost:3000/login" "Mozilla/5.0 (Windows NT 6.1; WOW64) AppleWebKit/537.36 (KHTML, like Gecko) Chrome/60.0.3112.90 Safari/537.36"
::1 - - [11/Oct/2017:06:25:12 +0000] "GET /home HTTP/1.1" 500 - "http://localhost:3000/login" "Mozilla/5.0 (Windows NT 6.1; WOW64) AppleWebKit/537.36 (KHTML, like Gecko) Chrome/60.0.3112.90 Safari/537.36"
::1 - - [11/Oct/2017:06:25:42 +0000] "GET /home HTTP/1.1" 200 5544 "http://localhost:3000/login" "Mozilla/5.0 (Windows NT 6.1; WOW64) AppleWebKit/537.36 (KHTML, like Gecko) Chrome/60.0.3112.90 Safari/537.36"
::1 - - [11/Oct/2017:06:25:43 +0000] "GET /images/k3.jpg HTTP/1.1" 304 - "http://localhost:3000/home" "Mozilla/5.0 (Windows NT 6.1; WOW64) AppleWebKit/537.36 (KHTML, like Gecko) Chrome/60.0.3112.90 Safari/537.36"
::1 - - [11/Oct/2017:06:25:43 +0000] "GET /images/k1.jpg HTTP/1.1" 304 - "http://localhost:3000/home" "Mozilla/5.0 (Windows NT 6.1; WOW64) AppleWebKit/537.36 (KHTML, like Gecko) Chrome/60.0.3112.90 Safari/537.36"
::1 - - [11/Oct/2017:06:25:43 +0000] "GET /images/k2.jpg HTTP/1.1" 304 - "http://localhost:3000/home" "Mozilla/5.0 (Windows NT 6.1; WOW64) AppleWebKit/537.36 (KHTML, like Gecko) Chrome/60.0.3112.90 Safari/537.36"
::1 - - [11/Oct/2017:06:25:43 +0000] "GET /images/chongqing.jpg HTTP/1.1" 304 - "http://localhost:3000/home" "Mozilla/5.0 (Windows NT 6.1; WOW64) AppleWebKit/537.36 (KHTML, like Gecko) Chrome/60.0.3112.90 Safari/537.36"
::1 - - [11/Oct/2017:06:26:10 +0000] "GET /home HTTP/1.1" 304 - "http://localhost:3000/login" "Mozilla/5.0 (Windows NT 6.1; WOW64) AppleWebKit/537.36 (KHTML, like Gecko) Chrome/60.0.3112.90 Safari/537.36"
::1 - - [11/Oct/2017:06:26:10 +0000] "GET /images/k3.jpg HTTP/1.1" 304 - "http://localhost:3000/home" "Mozilla/5.0 (Windows NT 6.1; WOW64) AppleWebKit/537.36 (KHTML, like Gecko) Chrome/60.0.3112.90 Safari/537.36"
::1 - - [11/Oct/2017:06:26:10 +0000] "GET /images/k1.jpg HTTP/1.1" 304 - "http://localhost:3000/home" "Mozilla/5.0 (Windows NT 6.1; WOW64) AppleWebKit/537.36 (KHTML, like Gecko) Chrome/60.0.3112.90 Safari/537.36"
::1 - - [11/Oct/2017:06:26:10 +0000] "GET /images/k2.jpg HTTP/1.1" 304 - "http://localhost:3000/home" "Mozilla/5.0 (Windows NT 6.1; WOW64) AppleWebKit/537.36 (KHTML, like Gecko) Chrome/60.0.3112.90 Safari/537.36"
::1 - - [11/Oct/2017:06:26:10 +0000] "GET /images/chongqing.jpg HTTP/1.1" 304 - "http://localhost:3000/home" "Mozilla/5.0 (Windows NT 6.1; WOW64) AppleWebKit/537.36 (KHTML, like Gecko) Chrome/60.0.3112.90 Safari/537.36"
::1 - - [11/Oct/2017:06:26:16 +0000] "GET / HTTP/1.1" 304 - "-" "Mozilla/5.0 (Windows NT 6.1; WOW64) AppleWebKit/537.36 (KHTML, like Gecko) Chrome/60.0.3112.90 Safari/537.36"
::1 - - [11/Oct/2017:06:26:18 +0000] "GET /login HTTP/1.1" 200 2394 "http://localhost:3000/" "Mozilla/5.0 (Windows NT 6.1; WOW64) AppleWebKit/537.36 (KHTML, like Gecko) Chrome/60.0.3112.90 Safari/537.36"
::1 - - [11/Oct/2017:06:26:22 +0000] "POST /login HTTP/1.1" 302 54 "http://localhost:3000/login" "Mozilla/5.0 (Windows NT 6.1; WOW64) AppleWebKit/537.36 (KHTML, like Gecko) Chrome/60.0.3112.90 Safari/537.36"
::1 - - [11/Oct/2017:06:26:22 +0000] "GET /home HTTP/1.1" 304 - "http://localhost:3000/login" "Mozilla/5.0 (Windows NT 6.1; WOW64) AppleWebKit/537.36 (KHTML, like Gecko) Chrome/60.0.3112.90 Safari/537.36"
::1 - - [11/Oct/2017:06:26:22 +0000] "GET /images/k3.jpg HTTP/1.1" 304 - "http://localhost:3000/home" "Mozilla/5.0 (Windows NT 6.1; WOW64) AppleWebKit/537.36 (KHTML, like Gecko) Chrome/60.0.3112.90 Safari/537.36"
::1 - - [11/Oct/2017:06:26:22 +0000] "GET /images/k1.jpg HTTP/1.1" 304 - "http://localhost:3000/home" "Mozilla/5.0 (Windows NT 6.1; WOW64) AppleWebKit/537.36 (KHTML, like Gecko) Chrome/60.0.3112.90 Safari/537.36"
::1 - - [11/Oct/2017:06:26:22 +0000] "GET /images/k2.jpg HTTP/1.1" 304 - "http://localhost:3000/home" "Mozilla/5.0 (Windows NT 6.1; WOW64) AppleWebKit/537.36 (KHTML, like Gecko) Chrome/60.0.3112.90 Safari/537.36"
::1 - - [11/Oct/2017:06:26:22 +0000] "GET /images/chongqing.jpg HTTP/1.1" 304 - "http://localhost:3000/home" "Mozilla/5.0 (Windows NT 6.1; WOW64) AppleWebKit/537.36 (KHTML, like Gecko) Chrome/60.0.3112.90 Safari/537.36"
::1 - - [11/Oct/2017:06:28:38 +0000] "GET /login HTTP/1.1" 200 2358 "http://localhost:3000/" "Mozilla/5.0 (Windows NT 6.1; WOW64) AppleWebKit/537.36 (KHTML, like Gecko) Chrome/60.0.3112.90 Safari/537.36"
::1 - - [11/Oct/2017:06:28:40 +0000] "GET /login HTTP/1.1" 304 - "http://localhost:3000/" "Mozilla/5.0 (Windows NT 6.1; WOW64) AppleWebKit/537.36 (KHTML, like Gecko) Chrome/60.0.3112.90 Safari/537.36"
::1 - - [11/Oct/2017:06:28:49 +0000] "POST /login HTTP/1.1" 302 54 "http://localhost:3000/login" "Mozilla/5.0 (Windows NT 6.1; WOW64) AppleWebKit/537.36 (KHTML, like Gecko) Chrome/60.0.3112.90 Safari/537.36"
::1 - - [11/Oct/2017:06:28:49 +0000] "GET /home HTTP/1.1" 304 - "http://localhost:3000/login" "Mozilla/5.0 (Windows NT 6.1; WOW64) AppleWebKit/537.36 (KHTML, like Gecko) Chrome/60.0.3112.90 Safari/537.36"
::1 - - [11/Oct/2017:06:28:49 +0000] "GET /images/k3.jpg HTTP/1.1" 304 - "http://localhost:3000/home" "Mozilla/5.0 (Windows NT 6.1; WOW64) AppleWebKit/537.36 (KHTML, like Gecko) Chrome/60.0.3112.90 Safari/537.36"
::1 - - [11/Oct/2017:06:28:49 +0000] "GET /images/k1.jpg HTTP/1.1" 304 - "http://localhost:3000/home" "Mozilla/5.0 (Windows NT 6.1; WOW64) AppleWebKit/537.36 (KHTML, like Gecko) Chrome/60.0.3112.90 Safari/537.36"
::1 - - [11/Oct/2017:06:28:49 +0000] "GET /images/k2.jpg HTTP/1.1" 304 - "http://localhost:3000/home" "Mozilla/5.0 (Windows NT 6.1; WOW64) AppleWebKit/537.36 (KHTML, like Gecko) Chrome/60.0.3112.90 Safari/537.36"
::1 - - [11/Oct/2017:06:28:49 +0000] "GET /images/chongqing.jpg HTTP/1.1" 304 - "http://localhost:3000/home" "Mozilla/5.0 (Windows NT 6.1; WOW64) AppleWebKit/537.36 (KHTML, like Gecko) Chrome/60.0.3112.90 Safari/537.36"
::1 - - [11/Oct/2017:06:29:08 +0000] "GET /home HTTP/1.1" 304 - "http://localhost:3000/login" "Mozilla/5.0 (Windows NT 6.1; WOW64) AppleWebKit/537.36 (KHTML, like Gecko) Chrome/60.0.3112.90 Safari/537.36"
::1 - - [11/Oct/2017:06:29:08 +0000] "GET /images/k3.jpg HTTP/1.1" 304 - "http://localhost:3000/home" "Mozilla/5.0 (Windows NT 6.1; WOW64) AppleWebKit/537.36 (KHTML, like Gecko) Chrome/60.0.3112.90 Safari/537.36"
::1 - - [11/Oct/2017:06:29:08 +0000] "GET /images/k1.jpg HTTP/1.1" 304 - "http://localhost:3000/home" "Mozilla/5.0 (Windows NT 6.1; WOW64) AppleWebKit/537.36 (KHTML, like Gecko) Chrome/60.0.3112.90 Safari/537.36"
::1 - - [11/Oct/2017:06:29:08 +0000] "GET /images/k2.jpg HTTP/1.1" 304 - "http://localhost:3000/home" "Mozilla/5.0 (Windows NT 6.1; WOW64) AppleWebKit/537.36 (KHTML, like Gecko) Chrome/60.0.3112.90 Safari/537.36"
::1 - - [11/Oct/2017:06:29:08 +0000] "GET /images/chongqing.jpg HTTP/1.1" 304 - "http://localhost:3000/home" "Mozilla/5.0 (Windows NT 6.1; WOW64) AppleWebKit/537.36 (KHTML, like Gecko) Chrome/60.0.3112.90 Safari/537.36"
::1 - - [11/Oct/2017:06:29:09 +0000] "GET /login HTTP/1.1" 200 2358 "http://localhost:3000/" "Mozilla/5.0 (Windows NT 6.1; WOW64) AppleWebKit/537.36 (KHTML, like Gecko) Chrome/60.0.3112.90 Safari/537.36"
::1 - - [11/Oct/2017:06:29:13 +0000] "POST /login HTTP/1.1" 302 54 "http://localhost:3000/login" "Mozilla/5.0 (Windows NT 6.1; WOW64) AppleWebKit/537.36 (KHTML, like Gecko) Chrome/60.0.3112.90 Safari/537.36"
::1 - - [11/Oct/2017:06:29:13 +0000] "GET /home HTTP/1.1" 304 - "http://localhost:3000/login" "Mozilla/5.0 (Windows NT 6.1; WOW64) AppleWebKit/537.36 (KHTML, like Gecko) Chrome/60.0.3112.90 Safari/537.36"
::1 - - [11/Oct/2017:06:29:13 +0000] "GET /images/k3.jpg HTTP/1.1" 304 - "http://localhost:3000/home" "Mozilla/5.0 (Windows NT 6.1; WOW64) AppleWebKit/537.36 (KHTML, like Gecko) Chrome/60.0.3112.90 Safari/537.36"
::1 - - [11/Oct/2017:06:29:13 +0000] "GET /images/k1.jpg HTTP/1.1" 304 - "http://localhost:3000/home" "Mozilla/5.0 (Windows NT 6.1; WOW64) AppleWebKit/537.36 (KHTML, like Gecko) Chrome/60.0.3112.90 Safari/537.36"
::1 - - [11/Oct/2017:06:29:14 +0000] "GET /images/k2.jpg HTTP/1.1" 304 - "http://localhost:3000/home" "Mozilla/5.0 (Windows NT 6.1; WOW64) AppleWebKit/537.36 (KHTML, like Gecko) Chrome/60.0.3112.90 Safari/537.36"
::1 - - [11/Oct/2017:06:29:14 +0000] "GET /images/chongqing.jpg HTTP/1.1" 304 - "http://localhost:3000/home" "Mozilla/5.0 (Windows NT 6.1; WOW64) AppleWebKit/537.36 (KHTML, like Gecko) Chrome/60.0.3112.90 Safari/537.36"
::1 - - [11/Oct/2017:06:31:28 +0000] "GET /home HTTP/1.1" 304 - "http://localhost:3000/login" "Mozilla/5.0 (Windows NT 6.1; WOW64) AppleWebKit/537.36 (KHTML, like Gecko) Chrome/60.0.3112.90 Safari/537.36"
::1 - - [11/Oct/2017:06:31:28 +0000] "GET /images/k3.jpg HTTP/1.1" 304 - "http://localhost:3000/home" "Mozilla/5.0 (Windows NT 6.1; WOW64) AppleWebKit/537.36 (KHTML, like Gecko) Chrome/60.0.3112.90 Safari/537.36"
::1 - - [11/Oct/2017:06:31:28 +0000] "GET /images/k1.jpg HTTP/1.1" 304 - "http://localhost:3000/home" "Mozilla/5.0 (Windows NT 6.1; WOW64) AppleWebKit/537.36 (KHTML, like Gecko) Chrome/60.0.3112.90 Safari/537.36"
::1 - - [11/Oct/2017:06:31:28 +0000] "GET /images/k2.jpg HTTP/1.1" 304 - "http://localhost:3000/home" "Mozilla/5.0 (Windows NT 6.1; WOW64) AppleWebKit/537.36 (KHTML, like Gecko) Chrome/60.0.3112.90 Safari/537.36"
::1 - - [11/Oct/2017:06:31:28 +0000] "GET /images/chongqing.jpg HTTP/1.1" 304 - "http://localhost:3000/home" "Mozilla/5.0 (Windows NT 6.1; WOW64) AppleWebKit/537.36 (KHTML, like Gecko) Chrome/60.0.3112.90 Safari/537.36"
::1 - - [11/Oct/2017:06:31:30 +0000] "GET /home HTTP/1.1" 304 - "http://localhost:3000/login" "Mozilla/5.0 (Windows NT 6.1; WOW64) AppleWebKit/537.36 (KHTML, like Gecko) Chrome/60.0.3112.90 Safari/537.36"
::1 - - [11/Oct/2017:06:31:30 +0000] "GET /images/k3.jpg HTTP/1.1" 304 - "http://localhost:3000/home" "Mozilla/5.0 (Windows NT 6.1; WOW64) AppleWebKit/537.36 (KHTML, like Gecko) Chrome/60.0.3112.90 Safari/537.36"
::1 - - [11/Oct/2017:06:31:30 +0000] "GET /images/k1.jpg HTTP/1.1" 304 - "http://localhost:3000/home" "Mozilla/5.0 (Windows NT 6.1; WOW64) AppleWebKit/537.36 (KHTML, like Gecko) Chrome/60.0.3112.90 Safari/537.36"
::1 - - [11/Oct/2017:06:31:30 +0000] "GET /images/k2.jpg HTTP/1.1" 304 - "http://localhost:3000/home" "Mozilla/5.0 (Windows NT 6.1; WOW64) AppleWebKit/537.36 (KHTML, like Gecko) Chrome/60.0.3112.90 Safari/537.36"
::1 - - [11/Oct/2017:06:31:30 +0000] "GET /images/chongqing.jpg HTTP/1.1" 304 - "http://localhost:3000/home" "Mozilla/5.0 (Windows NT 6.1; WOW64) AppleWebKit/537.36 (KHTML, like Gecko) Chrome/60.0.3112.90 Safari/537.36"
::1 - - [11/Oct/2017:06:31:31 +0000] "GET /login HTTP/1.1" 200 2358 "http://localhost:3000/" "Mozilla/5.0 (Windows NT 6.1; WOW64) AppleWebKit/537.36 (KHTML, like Gecko) Chrome/60.0.3112.90 Safari/537.36"
::1 - - [11/Oct/2017:06:31:32 +0000] "GET /login HTTP/1.1" 304 - "http://localhost:3000/" "Mozilla/5.0 (Windows NT 6.1; WOW64) AppleWebKit/537.36 (KHTML, like Gecko) Chrome/60.0.3112.90 Safari/537.36"
::1 - - [11/Oct/2017:06:31:37 +0000] "POST /login HTTP/1.1" 302 54 "http://localhost:3000/login" "Mozilla/5.0 (Windows NT 6.1; WOW64) AppleWebKit/537.36 (KHTML, like Gecko) Chrome/60.0.3112.90 Safari/537.36"
::1 - - [11/Oct/2017:06:31:37 +0000] "GET /home HTTP/1.1" 304 - "http://localhost:3000/login" "Mozilla/5.0 (Windows NT 6.1; WOW64) AppleWebKit/537.36 (KHTML, like Gecko) Chrome/60.0.3112.90 Safari/537.36"
::1 - - [11/Oct/2017:06:31:37 +0000] "GET /images/k3.jpg HTTP/1.1" 304 - "http://localhost:3000/home" "Mozilla/5.0 (Windows NT 6.1; WOW64) AppleWebKit/537.36 (KHTML, like Gecko) Chrome/60.0.3112.90 Safari/537.36"
::1 - - [11/Oct/2017:06:31:37 +0000] "GET /images/k1.jpg HTTP/1.1" 304 - "http://localhost:3000/home" "Mozilla/5.0 (Windows NT 6.1; WOW64) AppleWebKit/537.36 (KHTML, like Gecko) Chrome/60.0.3112.90 Safari/537.36"
::1 - - [11/Oct/2017:06:31:37 +0000] "GET /images/k2.jpg HTTP/1.1" 304 - "http://localhost:3000/home" "Mozilla/5.0 (Windows NT 6.1; WOW64) AppleWebKit/537.36 (KHTML, like Gecko) Chrome/60.0.3112.90 Safari/537.36"
::1 - - [11/Oct/2017:06:31:37 +0000] "GET /images/chongqing.jpg HTTP/1.1" 304 - "http://localhost:3000/home" "Mozilla/5.0 (Windows NT 6.1; WOW64) AppleWebKit/537.36 (KHTML, like Gecko) Chrome/60.0.3112.90 Safari/537.36"
::1 - - [11/Oct/2017:06:34:26 +0000] "GET /login HTTP/1.1" 200 2358 "http://localhost:3000/" "Mozilla/5.0 (Windows NT 6.1; WOW64) AppleWebKit/537.36 (KHTML, like Gecko) Chrome/60.0.3112.90 Safari/537.36"
::1 - - [11/Oct/2017:06:40:38 +0000] "GET /login HTTP/1.1" 200 2374 "http://localhost:3000/" "Mozilla/5.0 (Windows NT 6.1; WOW64) AppleWebKit/537.36 (KHTML, like Gecko) Chrome/60.0.3112.90 Safari/537.36"
::1 - - [11/Oct/2017:06:40:50 +0000] "POST /login HTTP/1.1" 302 54 "http://localhost:3000/login" "Mozilla/5.0 (Windows NT 6.1; WOW64) AppleWebKit/537.36 (KHTML, like Gecko) Chrome/60.0.3112.90 Safari/537.36"
::1 - - [11/Oct/2017:06:40:50 +0000] "GET /home HTTP/1.1" 304 - "http://localhost:3000/login" "Mozilla/5.0 (Windows NT 6.1; WOW64) AppleWebKit/537.36 (KHTML, like Gecko) Chrome/60.0.3112.90 Safari/537.36"
::1 - - [11/Oct/2017:06:40:50 +0000] "GET /images/k3.jpg HTTP/1.1" 304 - "http://localhost:3000/home" "Mozilla/5.0 (Windows NT 6.1; WOW64) AppleWebKit/537.36 (KHTML, like Gecko) Chrome/60.0.3112.90 Safari/537.36"
::1 - - [11/Oct/2017:06:40:50 +0000] "GET /images/k1.jpg HTTP/1.1" 304 - "http://localhost:3000/home" "Mozilla/5.0 (Windows NT 6.1; WOW64) AppleWebKit/537.36 (KHTML, like Gecko) Chrome/60.0.3112.90 Safari/537.36"
::1 - - [11/Oct/2017:06:40:50 +0000] "GET /images/k2.jpg HTTP/1.1" 304 - "http://localhost:3000/home" "Mozilla/5.0 (Windows NT 6.1; WOW64) AppleWebKit/537.36 (KHTML, like Gecko) Chrome/60.0.3112.90 Safari/537.36"
::1 - - [11/Oct/2017:06:40:50 +0000] "GET /images/chongqing.jpg HTTP/1.1" 304 - "http://localhost:3000/home" "Mozilla/5.0 (Windows NT 6.1; WOW64) AppleWebKit/537.36 (KHTML, like Gecko) Chrome/60.0.3112.90 Safari/537.36"
::1 - - [11/Oct/2017:06:46:11 +0000] "GET /home HTTP/1.1" 304 - "http://localhost:3000/login" "Mozilla/5.0 (Windows NT 6.1; WOW64) AppleWebKit/537.36 (KHTML, like Gecko) Chrome/60.0.3112.90 Safari/537.36"
::1 - - [11/Oct/2017:06:46:11 +0000] "GET /images/k3.jpg HTTP/1.1" 304 - "http://localhost:3000/home" "Mozilla/5.0 (Windows NT 6.1; WOW64) AppleWebKit/537.36 (KHTML, like Gecko) Chrome/60.0.3112.90 Safari/537.36"
::1 - - [11/Oct/2017:06:46:11 +0000] "GET /images/k1.jpg HTTP/1.1" 304 - "http://localhost:3000/home" "Mozilla/5.0 (Windows NT 6.1; WOW64) AppleWebKit/537.36 (KHTML, like Gecko) Chrome/60.0.3112.90 Safari/537.36"
::1 - - [11/Oct/2017:06:46:11 +0000] "GET /images/k2.jpg HTTP/1.1" 304 - "http://localhost:3000/home" "Mozilla/5.0 (Windows NT 6.1; WOW64) AppleWebKit/537.36 (KHTML, like Gecko) Chrome/60.0.3112.90 Safari/537.36"
::1 - - [11/Oct/2017:06:46:11 +0000] "GET /images/chongqing.jpg HTTP/1.1" 304 - "http://localhost:3000/home" "Mozilla/5.0 (Windows NT 6.1; WOW64) AppleWebKit/537.36 (KHTML, like Gecko) Chrome/60.0.3112.90 Safari/537.36"
::1 - - [11/Oct/2017:06:46:15 +0000] "GET /login HTTP/1.1" 200 2374 "http://localhost:3000/" "Mozilla/5.0 (Windows NT 6.1; WOW64) AppleWebKit/537.36 (KHTML, like Gecko) Chrome/60.0.3112.90 Safari/537.36"
::1 - - [11/Oct/2017:06:46:21 +0000] "GET /login HTTP/1.1" 304 - "http://localhost:3000/" "Mozilla/5.0 (Windows NT 6.1; WOW64) AppleWebKit/537.36 (KHTML, like Gecko) Chrome/60.0.3112.90 Safari/537.36"
::1 - - [11/Oct/2017:06:46:26 +0000] "POST /login HTTP/1.1" 302 54 "http://localhost:3000/login" "Mozilla/5.0 (Windows NT 6.1; WOW64) AppleWebKit/537.36 (KHTML, like Gecko) Chrome/60.0.3112.90 Safari/537.36"
::1 - - [11/Oct/2017:06:46:26 +0000] "GET /home HTTP/1.1" 304 - "http://localhost:3000/login" "Mozilla/5.0 (Windows NT 6.1; WOW64) AppleWebKit/537.36 (KHTML, like Gecko) Chrome/60.0.3112.90 Safari/537.36"
::1 - - [11/Oct/2017:06:46:26 +0000] "GET /images/k3.jpg HTTP/1.1" 304 - "http://localhost:3000/home" "Mozilla/5.0 (Windows NT 6.1; WOW64) AppleWebKit/537.36 (KHTML, like Gecko) Chrome/60.0.3112.90 Safari/537.36"
::1 - - [11/Oct/2017:06:46:26 +0000] "GET /images/k1.jpg HTTP/1.1" 304 - "http://localhost:3000/home" "Mozilla/5.0 (Windows NT 6.1; WOW64) AppleWebKit/537.36 (KHTML, like Gecko) Chrome/60.0.3112.90 Safari/537.36"
::1 - - [11/Oct/2017:06:46:26 +0000] "GET /images/k2.jpg HTTP/1.1" 304 - "http://localhost:3000/home" "Mozilla/5.0 (Windows NT 6.1; WOW64) AppleWebKit/537.36 (KHTML, like Gecko) Chrome/60.0.3112.90 Safari/537.36"
::1 - - [11/Oct/2017:06:46:27 +0000] "GET /images/chongqing.jpg HTTP/1.1" 304 - "http://localhost:3000/home" "Mozilla/5.0 (Windows NT 6.1; WOW64) AppleWebKit/537.36 (KHTML, like Gecko) Chrome/60.0.3112.90 Safari/537.36"
::1 - - [11/Oct/2017:06:57:45 +0000] "GET /login HTTP/1.1" 200 2374 "-" "Mozilla/5.0 (Windows NT 6.1; WOW64) AppleWebKit/537.36 (KHTML, like Gecko) Chrome/60.0.3112.90 Safari/537.36"
::1 - - [11/Oct/2017:06:57:54 +0000] "POST /login HTTP/1.1" 200 5540 "http://localhost:3000/login" "Mozilla/5.0 (Windows NT 6.1; WOW64) AppleWebKit/537.36 (KHTML, like Gecko) Chrome/60.0.3112.90 Safari/537.36"
::1 - - [11/Oct/2017:06:57:54 +0000] "GET /images/k3.jpg HTTP/1.1" 304 - "http://localhost:3000/login" "Mozilla/5.0 (Windows NT 6.1; WOW64) AppleWebKit/537.36 (KHTML, like Gecko) Chrome/60.0.3112.90 Safari/537.36"
::1 - - [11/Oct/2017:06:57:54 +0000] "GET /images/k1.jpg HTTP/1.1" 304 - "http://localhost:3000/login" "Mozilla/5.0 (Windows NT 6.1; WOW64) AppleWebKit/537.36 (KHTML, like Gecko) Chrome/60.0.3112.90 Safari/537.36"
::1 - - [11/Oct/2017:06:57:54 +0000] "GET /images/k2.jpg HTTP/1.1" 304 - "http://localhost:3000/login" "Mozilla/5.0 (Windows NT 6.1; WOW64) AppleWebKit/537.36 (KHTML, like Gecko) Chrome/60.0.3112.90 Safari/537.36"
::1 - - [11/Oct/2017:06:57:54 +0000] "GET /images/chongqing.jpg HTTP/1.1" 304 - "http://localhost:3000/login" "Mozilla/5.0 (Windows NT 6.1; WOW64) AppleWebKit/537.36 (KHTML, like Gecko) Chrome/60.0.3112.90 Safari/537.36"
::1 - - [11/Oct/2017:06:58:51 +0000] "GET /login HTTP/1.1" 200 2374 "-" "Mozilla/5.0 (Windows NT 6.1; WOW64) AppleWebKit/537.36 (KHTML, like Gecko) Chrome/60.0.3112.90 Safari/537.36"
::1 - - [11/Oct/2017:06:58:53 +0000] "GET /login HTTP/1.1" 304 - "-" "Mozilla/5.0 (Windows NT 6.1; WOW64) AppleWebKit/537.36 (KHTML, like Gecko) Chrome/60.0.3112.90 Safari/537.36"
::1 - - [11/Oct/2017:06:59:00 +0000] "POST /login HTTP/1.1" 200 5540 "http://localhost:3000/login" "Mozilla/5.0 (Windows NT 6.1; WOW64) AppleWebKit/537.36 (KHTML, like Gecko) Chrome/60.0.3112.90 Safari/537.36"
::1 - - [11/Oct/2017:06:59:00 +0000] "GET /images/k3.jpg HTTP/1.1" 304 - "http://localhost:3000/login" "Mozilla/5.0 (Windows NT 6.1; WOW64) AppleWebKit/537.36 (KHTML, like Gecko) Chrome/60.0.3112.90 Safari/537.36"
::1 - - [11/Oct/2017:06:59:00 +0000] "GET /images/k1.jpg HTTP/1.1" 304 - "http://localhost:3000/login" "Mozilla/5.0 (Windows NT 6.1; WOW64) AppleWebKit/537.36 (KHTML, like Gecko) Chrome/60.0.3112.90 Safari/537.36"
::1 - - [11/Oct/2017:06:59:00 +0000] "GET /images/k2.jpg HTTP/1.1" 304 - "http://localhost:3000/login" "Mozilla/5.0 (Windows NT 6.1; WOW64) AppleWebKit/537.36 (KHTML, like Gecko) Chrome/60.0.3112.90 Safari/537.36"
::1 - - [11/Oct/2017:06:59:00 +0000] "GET /images/chongqing.jpg HTTP/1.1" 304 - "http://localhost:3000/login" "Mozilla/5.0 (Windows NT 6.1; WOW64) AppleWebKit/537.36 (KHTML, like Gecko) Chrome/60.0.3112.90 Safari/537.36"
::1 - - [11/Oct/2017:07:22:43 +0000] "POST /login HTTP/1.1" 200 5542 "http://localhost:3000/login" "Mozilla/5.0 (Windows NT 6.1; WOW64) AppleWebKit/537.36 (KHTML, like Gecko) Chrome/60.0.3112.90 Safari/537.36"
::1 - - [11/Oct/2017:07:22:43 +0000] "GET /images/k3.jpg HTTP/1.1" 304 - "http://localhost:3000/login" "Mozilla/5.0 (Windows NT 6.1; WOW64) AppleWebKit/537.36 (KHTML, like Gecko) Chrome/60.0.3112.90 Safari/537.36"
::1 - - [11/Oct/2017:07:22:43 +0000] "GET /images/k1.jpg HTTP/1.1" 304 - "http://localhost:3000/login" "Mozilla/5.0 (Windows NT 6.1; WOW64) AppleWebKit/537.36 (KHTML, like Gecko) Chrome/60.0.3112.90 Safari/537.36"
::1 - - [11/Oct/2017:07:22:43 +0000] "GET /images/k2.jpg HTTP/1.1" 304 - "http://localhost:3000/login" "Mozilla/5.0 (Windows NT 6.1; WOW64) AppleWebKit/537.36 (KHTML, like Gecko) Chrome/60.0.3112.90 Safari/537.36"
::1 - - [11/Oct/2017:07:22:43 +0000] "GET /images/chongqing.jpg HTTP/1.1" 304 - "http://localhost:3000/login" "Mozilla/5.0 (Windows NT 6.1; WOW64) AppleWebKit/537.36 (KHTML, like Gecko) Chrome/60.0.3112.90 Safari/537.36"
::1 - - [11/Oct/2017:07:23:36 +0000] "POST /login HTTP/1.1" 200 5548 "http://localhost:3000/login" "Mozilla/5.0 (Windows NT 6.1; WOW64) AppleWebKit/537.36 (KHTML, like Gecko) Chrome/60.0.3112.90 Safari/537.36"
::1 - - [11/Oct/2017:07:23:36 +0000] "GET /images/k3.jpg HTTP/1.1" 304 - "http://localhost:3000/login" "Mozilla/5.0 (Windows NT 6.1; WOW64) AppleWebKit/537.36 (KHTML, like Gecko) Chrome/60.0.3112.90 Safari/537.36"
::1 - - [11/Oct/2017:07:23:36 +0000] "GET /images/k1.jpg HTTP/1.1" 304 - "http://localhost:3000/login" "Mozilla/5.0 (Windows NT 6.1; WOW64) AppleWebKit/537.36 (KHTML, like Gecko) Chrome/60.0.3112.90 Safari/537.36"
::1 - - [11/Oct/2017:07:23:36 +0000] "GET /images/k2.jpg HTTP/1.1" 304 - "http://localhost:3000/login" "Mozilla/5.0 (Windows NT 6.1; WOW64) AppleWebKit/537.36 (KHTML, like Gecko) Chrome/60.0.3112.90 Safari/537.36"
::1 - - [11/Oct/2017:07:23:36 +0000] "GET /images/chongqing.jpg HTTP/1.1" 304 - "http://localhost:3000/login" "Mozilla/5.0 (Windows NT 6.1; WOW64) AppleWebKit/537.36 (KHTML, like Gecko) Chrome/60.0.3112.90 Safari/537.36"
::1 - - [11/Oct/2017:07:24:38 +0000] "POST /login HTTP/1.1" 200 5549 "http://localhost:3000/login" "Mozilla/5.0 (Windows NT 6.1; WOW64) AppleWebKit/537.36 (KHTML, like Gecko) Chrome/60.0.3112.90 Safari/537.36"
::1 - - [11/Oct/2017:07:24:38 +0000] "GET /images/k3.jpg HTTP/1.1" 304 - "http://localhost:3000/login" "Mozilla/5.0 (Windows NT 6.1; WOW64) AppleWebKit/537.36 (KHTML, like Gecko) Chrome/60.0.3112.90 Safari/537.36"
::1 - - [11/Oct/2017:07:24:38 +0000] "GET /images/k1.jpg HTTP/1.1" 304 - "http://localhost:3000/login" "Mozilla/5.0 (Windows NT 6.1; WOW64) AppleWebKit/537.36 (KHTML, like Gecko) Chrome/60.0.3112.90 Safari/537.36"
::1 - - [11/Oct/2017:07:24:38 +0000] "GET /images/k2.jpg HTTP/1.1" 304 - "http://localhost:3000/login" "Mozilla/5.0 (Windows NT 6.1; WOW64) AppleWebKit/537.36 (KHTML, like Gecko) Chrome/60.0.3112.90 Safari/537.36"
::1 - - [11/Oct/2017:07:24:38 +0000] "GET /images/chongqing.jpg HTTP/1.1" 304 - "http://localhost:3000/login" "Mozilla/5.0 (Windows NT 6.1; WOW64) AppleWebKit/537.36 (KHTML, like Gecko) Chrome/60.0.3112.90 Safari/537.36"
::1 - - [11/Oct/2017:07:24:57 +0000] "POST /login HTTP/1.1" 200 5545 "http://localhost:3000/login" "Mozilla/5.0 (Windows NT 6.1; WOW64) AppleWebKit/537.36 (KHTML, like Gecko) Chrome/60.0.3112.90 Safari/537.36"
::1 - - [11/Oct/2017:07:24:57 +0000] "GET /images/k3.jpg HTTP/1.1" 304 - "http://localhost:3000/login" "Mozilla/5.0 (Windows NT 6.1; WOW64) AppleWebKit/537.36 (KHTML, like Gecko) Chrome/60.0.3112.90 Safari/537.36"
::1 - - [11/Oct/2017:07:24:57 +0000] "GET /images/k1.jpg HTTP/1.1" 304 - "http://localhost:3000/login" "Mozilla/5.0 (Windows NT 6.1; WOW64) AppleWebKit/537.36 (KHTML, like Gecko) Chrome/60.0.3112.90 Safari/537.36"
::1 - - [11/Oct/2017:07:24:57 +0000] "GET /images/k2.jpg HTTP/1.1" 304 - "http://localhost:3000/login" "Mozilla/5.0 (Windows NT 6.1; WOW64) AppleWebKit/537.36 (KHTML, like Gecko) Chrome/60.0.3112.90 Safari/537.36"
::1 - - [11/Oct/2017:07:24:57 +0000] "GET /images/chongqing.jpg HTTP/1.1" 304 - "http://localhost:3000/login" "Mozilla/5.0 (Windows NT 6.1; WOW64) AppleWebKit/537.36 (KHTML, like Gecko) Chrome/60.0.3112.90 Safari/537.36"
